{"meta": {"format": 3, "version": "7.13.4", "timestamp": "2026-03-21T20:27:57.847634", "branch_coverage": true, "show_contexts": false}, "files": {"src\\pramanix\\__init__.py": {"executed_lines": [10, 14, 15, 16, 17, 18, 19, 40, 46, 47, 48, 49, 50, 51, 53], "summary": {"covered_lines": 15, "num_statements": 15, "percent_covered": 100.0, "percent_covered_display": "100", "missing_lines": 0, "excluded_lines": 0, "percent_statements_covered": 100.0, "percent_statements_covered_display": "100", "num_branches": 0, "num_partial_branches": 0, "covered_branches": 0, "missing_branches": 0, "percent_branches_covered": 100.0, "percent_branches_covered_display": "100"}, "missing_lines": [], "excluded_lines": [], "executed_branches": [], "missing_branches": [], "functions": {"": {"executed_lines": [10, 14, 15, 16, 17, 18, 19, 40, 46, 47, 48, 49, 50, 51, 53], "summary": {"covered_lines": 15, "num_statements": 15, "percent_covered": 100.0, "percent_covered_display": "100", "missing_lines": 0, "excluded_lines": 0, "percent_statements_covered": 100.0, "percent_statements_covered_display": "100", "num_branches": 0, "num_partial_branches": 0, "covered_branches": 0, "missing_branches": 0, "percent_branches_covered": 100.0, "percent_branches_covered_display": "100"}, "missing_lines": [], "excluded_lines": [], "start_line": 1, "executed_branches": [], "missing_branches": []}}, "classes": {"": {"executed_lines": [10, 14, 15, 16, 17, 18, 19, 40, 46, 47, 48, 49, 50, 51, 53], "summary": {"covered_lines": 15, "num_statements": 15, "percent_covered": 100.0, "percent_covered_display": "100", "missing_lines": 0, "excluded_lines": 0, "percent_statements_covered": 100.0, "percent_statements_covered_display": "100", "num_branches": 0, "num_partial_branches": 0, "covered_branches": 0, "missing_branches": 0, "percent_branches_covered": 100.0, "percent_branches_covered_display": "100"}, "missing_lines": [], "excluded_lines": [], "start_line": 1, "executed_branches": [], "missing_branches": []}}}, "src\\pramanix\\audit\\__init__.py": {"executed_lines": [7, 8, 9, 11], "summary": {"covered_lines": 4, "num_statements": 4, "percent_covered": 100.0, "percent_covered_display": "100", "missing_lines": 0, "excluded_lines": 0, "percent_statements_covered": 100.0, "percent_statements_covered_display": "100", "num_branches": 0, "num_partial_branches": 0, "covered_branches": 0, "missing_branches": 0, "percent_branches_covered": 100.0, "percent_branches_covered_display": "100"}, "missing_lines": [], "excluded_lines": [], "executed_branches": [], "missing_branches": [], "functions": {"": {"executed_lines": [7, 8, 9, 11], "summary": {"covered_lines": 4, "num_statements": 4, "percent_covered": 100.0, "percent_covered_display": "100", "missing_lines": 0, "excluded_lines": 0, "percent_statements_covered": 100.0, "percent_statements_covered_display": "100", "num_branches": 0, "num_partial_branches": 0, "covered_branches": 0, "missing_branches": 0, "percent_branches_covered": 100.0, "percent_branches_covered_display": "100"}, "missing_lines": [], "excluded_lines": [], "start_line": 1, "executed_branches": [], "missing_branches": []}}, "classes": {"": {"executed_lines": [7, 8, 9, 11], "summary": {"covered_lines": 4, "num_statements": 4, "percent_covered": 100.0, "percent_covered_display": "100", "missing_lines": 0, "excluded_lines": 0, "percent_statements_covered": 100.0, "percent_statements_covered_display": "100", "num_branches": 0, "num_partial_branches": 0, "covered_branches": 0, "missing_branches": 0, "percent_branches_covered": 100.0, "percent_branches_covered_display": "100"}, "missing_lines": [], "excluded_lines": [], "start_line": 1, "executed_branches": [], "missing_branches": []}}}, "src\\pramanix\\audit\\merkle.py": {"executed_lines": [40, 42, 43, 44, 50, 51, 52, 53, 54, 56, 57, 58, 59, 60, 61, 64, 74, 75, 77, 78, 80, 81, 82, 83, 85, 86, 87, 88, 89, 90, 92, 93, 94, 96, 97, 98, 99, 100, 102, 103, 107, 108, 110, 116, 117, 118, 119, 120, 121, 125, 128, 170, 175, 176, 177, 178, 179, 180, 182, 184, 185, 186, 187, 188, 190, 196, 197, 198, 199, 201, 202, 203, 204], "summary": {"covered_lines": 73, "num_statements": 73, "percent_covered": 100.0, "percent_covered_display": "100", "missing_lines": 0, "excluded_lines": 2, "percent_statements_covered": 100.0, "percent_statements_covered_display": "100", "num_branches": 22, "num_partial_branches": 0, "covered_branches": 22, "missing_branches": 0, "percent_branches_covered": 100.0, "percent_branches_covered_display": "100"}, "missing_lines": [], "excluded_lines": [46, 47], "executed_branches": [[58, 59], [58, 61], [81, 82], [81, 83], [96, 97], [96, 110], [97, 98], [97, 99], [99, 100], [99, 102], [117, 118], [117, 119], [119, 120], [119, 121], [176, 177], [176, 178], [186, -182], [186, 187], [197, -190], [197, 198], [203, -201], [203, 204]], "missing_branches": [], "functions": {"MerkleProof.verify": {"executed_lines": [57, 58, 59, 60, 61], "summary": {"covered_lines": 5, "num_statements": 5, "percent_covered": 100.0, "percent_covered_display": "100", "missing_lines": 0, "excluded_lines": 0, "percent_statements_covered": 100.0, "percent_statements_covered_display": "100", "num_branches": 2, "num_partial_branches": 0, "covered_branches": 2, "missing_branches": 0, "percent_branches_covered": 100.0, "percent_branches_covered_display": "100"}, "missing_lines": [], "excluded_lines": [], "start_line": 56, "executed_branches": [[58, 59], [58, 61]], "missing_branches": []}, "MerkleAnchor.__init__": {"executed_lines": [75], "summary": {"covered_lines": 1, "num_statements": 1, "percent_covered": 100.0, "percent_covered_display": "100", "missing_lines": 0, "excluded_lines": 0, "percent_statements_covered": 100.0, "percent_statements_covered_display": "100", "num_branches": 0, "num_partial_branches": 0, "covered_branches": 0, "missing_branches": 0, "percent_branches_covered": 100.0, "percent_branches_covered_display": "100"}, "missing_lines": [], "excluded_lines": [], "start_line": 74, "executed_branches": [], "missing_branches": []}, "MerkleAnchor.add": {"executed_lines": [78], "summary": {"covered_lines": 1, "num_statements": 1, "percent_covered": 100.0, "percent_covered_display": "100", "missing_lines": 0, "excluded_lines": 0, "percent_statements_covered": 100.0, "percent_statements_covered_display": "100", "num_branches": 0, "num_partial_branches": 0, "covered_branches": 0, "missing_branches": 0, "percent_branches_covered": 100.0, "percent_branches_covered_display": "100"}, "missing_lines": [], "excluded_lines": [], "start_line": 77, "executed_branches": [], "missing_branches": []}, "MerkleAnchor.root": {"executed_lines": [81, 82, 83], "summary": {"covered_lines": 3, "num_statements": 3, "percent_covered": 100.0, "percent_covered_display": "100", "missing_lines": 0, "excluded_lines": 0, "percent_statements_covered": 100.0, "percent_statements_covered_display": "100", "num_branches": 2, "num_partial_branches": 0, "covered_branches": 2, "missing_branches": 0, "percent_branches_covered": 100.0, "percent_branches_covered_display": "100"}, "missing_lines": [], "excluded_lines": [], "start_line": 80, "executed_branches": [[81, 82], [81, 83]], "missing_branches": []}, "MerkleAnchor.prove": {"executed_lines": [86, 87, 88, 89, 90, 92, 93, 94, 96, 97, 98, 99, 100, 102, 103, 107, 108, 110], "summary": {"covered_lines": 18, "num_statements": 18, "percent_covered": 100.0, "percent_covered_display": "100", "missing_lines": 0, "excluded_lines": 0, "percent_statements_covered": 100.0, "percent_statements_covered_display": "100", "num_branches": 6, "num_partial_branches": 0, "covered_branches": 6, "missing_branches": 0, "percent_branches_covered": 100.0, "percent_branches_covered_display": "100"}, "missing_lines": [], "excluded_lines": [], "start_line": 85, "executed_branches": [[96, 97], [96, 110], [97, 98], [97, 99], [99, 100], [99, 102]], "missing_branches": []}, "MerkleAnchor._build_root": {"executed_lines": [117, 118, 119, 120, 121, 125], "summary": {"covered_lines": 6, "num_statements": 6, "percent_covered": 100.0, "percent_covered_display": "100", "missing_lines": 0, "excluded_lines": 0, "percent_statements_covered": 100.0, "percent_statements_covered_display": "100", "num_branches": 4, "num_partial_branches": 0, "covered_branches": 4, "missing_branches": 0, "percent_branches_covered": 100.0, "percent_branches_covered_display": "100"}, "missing_lines": [], "excluded_lines": [], "start_line": 116, "executed_branches": [[117, 118], [117, 119], [119, 120], [119, 121]], "missing_branches": []}, "PersistentMerkleAnchor.__init__": {"executed_lines": [175, 176, 177, 178, 179, 180], "summary": {"covered_lines": 6, "num_statements": 6, "percent_covered": 100.0, "percent_covered_display": "100", "missing_lines": 0, "excluded_lines": 0, "percent_statements_covered": 100.0, "percent_statements_covered_display": "100", "num_branches": 2, "num_partial_branches": 0, "covered_branches": 2, "missing_branches": 0, "percent_branches_covered": 100.0, "percent_branches_covered_display": "100"}, "missing_lines": [], "excluded_lines": [], "start_line": 170, "executed_branches": [[176, 177], [176, 178]], "missing_branches": []}, "PersistentMerkleAnchor.add": {"executed_lines": [184, 185, 186, 187, 188], "summary": {"covered_lines": 5, "num_statements": 5, "percent_covered": 100.0, "percent_covered_display": "100", "missing_lines": 0, "excluded_lines": 0, "percent_statements_covered": 100.0, "percent_statements_covered_display": "100", "num_branches": 2, "num_partial_branches": 0, "covered_branches": 2, "missing_branches": 0, "percent_branches_covered": 100.0, "percent_branches_covered_display": "100"}, "missing_lines": [], "excluded_lines": [], "start_line": 182, "executed_branches": [[186, -182], [186, 187]], "missing_branches": []}, "PersistentMerkleAnchor.flush": {"executed_lines": [196, 197, 198, 199], "summary": {"covered_lines": 4, "num_statements": 4, "percent_covered": 100.0, "percent_covered_display": "100", "missing_lines": 0, "excluded_lines": 0, "percent_statements_covered": 100.0, "percent_statements_covered_display": "100", "num_branches": 2, "num_partial_branches": 0, "covered_branches": 2, "missing_branches": 0, "percent_branches_covered": 100.0, "percent_branches_covered_display": "100"}, "missing_lines": [], "excluded_lines": [], "start_line": 190, "executed_branches": [[197, -190], [197, 198]], "missing_branches": []}, "PersistentMerkleAnchor._do_checkpoint": {"executed_lines": [202, 203, 204], "summary": {"covered_lines": 3, "num_statements": 3, "percent_covered": 100.0, "percent_covered_display": "100", "missing_lines": 0, "excluded_lines": 0, "percent_statements_covered": 100.0, "percent_statements_covered_display": "100", "num_branches": 2, "num_partial_branches": 0, "covered_branches": 2, "missing_branches": 0, "percent_branches_covered": 100.0, "percent_branches_covered_display": "100"}, "missing_lines": [], "excluded_lines": [], "start_line": 201, "executed_branches": [[203, -201], [203, 204]], "missing_branches": []}, "": {"executed_lines": [40, 42, 43, 44, 50, 51, 52, 53, 54, 56, 64, 74, 77, 80, 85, 116, 128, 170, 182, 190, 201], "summary": {"covered_lines": 21, "num_statements": 21, "percent_covered": 100.0, "percent_covered_display": "100", "missing_lines": 0, "excluded_lines": 2, "percent_statements_covered": 100.0, "percent_statements_covered_display": "100", "num_branches": 0, "num_partial_branches": 0, "covered_branches": 0, "missing_branches": 0, "percent_branches_covered": 100.0, "percent_branches_covered_display": "100"}, "missing_lines": [], "excluded_lines": [46, 47], "start_line": 1, "executed_branches": [], "missing_branches": []}}, "classes": {"MerkleProof": {"executed_lines": [57, 58, 59, 60, 61], "summary": {"covered_lines": 5, "num_statements": 5, "percent_covered": 100.0, "percent_covered_display": "100", "missing_lines": 0, "excluded_lines": 0, "percent_statements_covered": 100.0, "percent_statements_covered_display": "100", "num_branches": 2, "num_partial_branches": 0, "covered_branches": 2, "missing_branches": 0, "percent_branches_covered": 100.0, "percent_branches_covered_display": "100"}, "missing_lines": [], "excluded_lines": [], "start_line": 51, "executed_branches": [[58, 59], [58, 61]], "missing_branches": []}, "MerkleAnchor": {"executed_lines": [75, 78, 81, 82, 83, 86, 87, 88, 89, 90, 92, 93, 94, 96, 97, 98, 99, 100, 102, 103, 107, 108, 110, 117, 118, 119, 120, 121, 125], "summary": {"covered_lines": 29, "num_statements": 29, "percent_covered": 100.0, "percent_covered_display": "100", "missing_lines": 0, "excluded_lines": 0, "percent_statements_covered": 100.0, "percent_statements_covered_display": "100", "num_branches": 12, "num_partial_branches": 0, "covered_branches": 12, "missing_branches": 0, "percent_branches_covered": 100.0, "percent_branches_covered_display": "100"}, "missing_lines": [], "excluded_lines": [], "start_line": 64, "executed_branches": [[81, 82], [81, 83], [96, 97], [96, 110], [97, 98], [97, 99], [99, 100], [99, 102], [117, 118], [117, 119], [119, 120], [119, 121]], "missing_branches": []}, "PersistentMerkleAnchor": {"executed_lines": [175, 176, 177, 178, 179, 180, 184, 185, 186, 187, 188, 196, 197, 198, 199, 202, 203, 204], "summary": {"covered_lines": 18, "num_statements": 18, "percent_covered": 100.0, "percent_covered_display": "100", "missing_lines": 0, "excluded_lines": 0, "percent_statements_covered": 100.0, "percent_statements_covered_display": "100", "num_branches": 8, "num_partial_branches": 0, "covered_branches": 8, "missing_branches": 0, "percent_branches_covered": 100.0, "percent_branches_covered_display": "100"}, "missing_lines": [], "excluded_lines": [], "start_line": 128, "executed_branches": [[176, 177], [176, 178], [186, -182], [186, 187], [197, -190], [197, 198], [203, -201], [203, 204]], "missing_branches": []}, "": {"executed_lines": [40, 42, 43, 44, 50, 51, 52, 53, 54, 56, 64, 74, 77, 80, 85, 116, 128, 170, 182, 190, 201], "summary": {"covered_lines": 21, "num_statements": 21, "percent_covered": 100.0, "percent_covered_display": "100", "missing_lines": 0, "excluded_lines": 2, "percent_statements_covered": 100.0, "percent_statements_covered_display": "100", "num_branches": 0, "num_partial_branches": 0, "covered_branches": 0, "missing_branches": 0, "percent_branches_covered": 100.0, "percent_branches_covered_display": "100"}, "missing_lines": [], "excluded_lines": [46, 47], "start_line": 1, "executed_branches": [], "missing_branches": []}}}, "src\\pramanix\\audit\\signer.py": {"executed_lines": [13, 15, 16, 17, 18, 19, 20, 21, 22, 28, 29, 30, 31, 32, 35, 36, 37, 38, 39, 41, 42, 43, 44, 46, 48, 49, 50, 52, 58, 59, 60, 61, 68, 69, 77, 78, 83, 84, 89, 90, 92, 94, 95, 107, 108, 109], "summary": {"covered_lines": 46, "num_statements": 46, "percent_covered": 100.0, "percent_covered_display": "100", "missing_lines": 0, "excluded_lines": 2, "percent_statements_covered": 100.0, "percent_statements_covered_display": "100", "num_branches": 4, "num_partial_branches": 0, "covered_branches": 4, "missing_branches": 0, "percent_branches_covered": 100.0, "percent_branches_covered_display": "100"}, "missing_lines": [], "excluded_lines": [24, 25], "executed_branches": [[43, 44], [43, 46], [58, 59], [58, 60]], "missing_branches": [], "functions": {"DecisionSigner.__init__": {"executed_lines": [42, 43, 44, 46], "summary": {"covered_lines": 4, "num_statements": 4, "percent_covered": 100.0, "percent_covered_display": "100", "missing_lines": 0, "excluded_lines": 0, "percent_statements_covered": 100.0, "percent_statements_covered_display": "100", "num_branches": 2, "num_partial_branches": 0, "covered_branches": 2, "missing_branches": 0, "percent_branches_covered": 100.0, "percent_branches_covered_display": "100"}, "missing_lines": [], "excluded_lines": [], "start_line": 41, "executed_branches": [[43, 44], [43, 46]], "missing_branches": []}, "DecisionSigner.is_active": {"executed_lines": [50], "summary": {"covered_lines": 1, "num_statements": 1, "percent_covered": 100.0, "percent_covered_display": "100", "missing_lines": 0, "excluded_lines": 0, "percent_statements_covered": 100.0, "percent_statements_covered_display": "100", "num_branches": 0, "num_partial_branches": 0, "covered_branches": 0, "missing_branches": 0, "percent_branches_covered": 100.0, "percent_branches_covered_display": "100"}, "missing_lines": [], "excluded_lines": [], "start_line": 49, "executed_branches": [], "missing_branches": []}, "DecisionSigner.sign": {"executed_lines": [58, 59, 60, 61, 68, 69, 77, 78, 83, 84, 89, 90], "summary": {"covered_lines": 12, "num_statements": 12, "percent_covered": 100.0, "percent_covered_display": "100", "missing_lines": 0, "excluded_lines": 0, "percent_statements_covered": 100.0, "percent_statements_covered_display": "100", "num_branches": 2, "num_partial_branches": 0, "covered_branches": 2, "missing_branches": 0, "percent_branches_covered": 100.0, "percent_branches_covered_display": "100"}, "missing_lines": [], "excluded_lines": [], "start_line": 52, "executed_branches": [[58, 59], [58, 60]], "missing_branches": []}, "DecisionSigner._canonicalize": {"executed_lines": [94, 95], "summary": {"covered_lines": 2, "num_statements": 2, "percent_covered": 100.0, "percent_covered_display": "100", "missing_lines": 0, "excluded_lines": 0, "percent_statements_covered": 100.0, "percent_statements_covered_display": "100", "num_branches": 0, "num_partial_branches": 0, "covered_branches": 0, "missing_branches": 0, "percent_branches_covered": 100.0, "percent_branches_covered_display": "100"}, "missing_lines": [], "excluded_lines": [], "start_line": 92, "executed_branches": [], "missing_branches": []}, "DecisionSigner._b64url": {"executed_lines": [109], "summary": {"covered_lines": 1, "num_statements": 1, "percent_covered": 100.0, "percent_covered_display": "100", "missing_lines": 0, "excluded_lines": 0, "percent_statements_covered": 100.0, "percent_statements_covered_display": "100", "num_branches": 0, "num_partial_branches": 0, "covered_branches": 0, "missing_branches": 0, "percent_branches_covered": 100.0, "percent_branches_covered_display": "100"}, "missing_lines": [], "excluded_lines": [], "start_line": 108, "executed_branches": [], "missing_branches": []}, "": {"executed_lines": [13, 15, 16, 17, 18, 19, 20, 21, 22, 28, 29, 30, 31, 32, 35, 36, 37, 38, 39, 41, 48, 49, 52, 92, 107, 108], "summary": {"covered_lines": 26, "num_statements": 26, "percent_covered": 100.0, "percent_covered_display": "100", "missing_lines": 0, "excluded_lines": 2, "percent_statements_covered": 100.0, "percent_statements_covered_display": "100", "num_branches": 0, "num_partial_branches": 0, "covered_branches": 0, "missing_branches": 0, "percent_branches_covered": 100.0, "percent_branches_covered_display": "100"}, "missing_lines": [], "excluded_lines": [24, 25], "start_line": 1, "executed_branches": [], "missing_branches": []}}, "classes": {"SignedDecision": {"executed_lines": [], "summary": {"covered_lines": 0, "num_statements": 0, "percent_covered": 100.0, "percent_covered_display": "100", "missing_lines": 0, "excluded_lines": 0, "percent_statements_covered": 100.0, "percent_statements_covered_display": "100", "num_branches": 0, "num_partial_branches": 0, "covered_branches": 0, "missing_branches": 0, "percent_branches_covered": 100.0, "percent_branches_covered_display": "100"}, "missing_lines": [], "excluded_lines": [], "start_line": 29, "executed_branches": [], "missing_branches": []}, "DecisionSigner": {"executed_lines": [42, 43, 44, 46, 50, 58, 59, 60, 61, 68, 69, 77, 78, 83, 84, 89, 90, 94, 95, 109], "summary": {"covered_lines": 20, "num_statements": 20, "percent_covered": 100.0, "percent_covered_display": "100", "missing_lines": 0, "excluded_lines": 0, "percent_statements_covered": 100.0, "percent_statements_covered_display": "100", "num_branches": 4, "num_partial_branches": 0, "covered_branches": 4, "missing_branches": 0, "percent_branches_covered": 100.0, "percent_branches_covered_display": "100"}, "missing_lines": [], "excluded_lines": [], "start_line": 35, "executed_branches": [[43, 44], [43, 46], [58, 59], [58, 60]], "missing_branches": []}, "": {"executed_lines": [13, 15, 16, 17, 18, 19, 20, 21, 22, 28, 29, 30, 31, 32, 35, 36, 37, 38, 39, 41, 48, 49, 52, 92, 107, 108], "summary": {"covered_lines": 26, "num_statements": 26, "percent_covered": 100.0, "percent_covered_display": "100", "missing_lines": 0, "excluded_lines": 2, "percent_statements_covered": 100.0, "percent_statements_covered_display": "100", "num_branches": 0, "num_partial_branches": 0, "covered_branches": 0, "missing_branches": 0, "percent_branches_covered": 100.0, "percent_branches_covered_display": "100"}, "missing_lines": [], "excluded_lines": [24, 25], "start_line": 1, "executed_branches": [], "missing_branches": []}}}, "src\\pramanix\\audit\\verifier.py": {"executed_lines": [14, 16, 17, 18, 19, 20, 21, 24, 25, 26, 27, 28, 29, 30, 31, 32, 33, 34, 37, 38, 40, 41, 42, 43, 47, 49, 51, 52, 53, 54, 56, 58, 59, 64, 66, 67, 69, 70, 72, 85, 86, 87, 99, 100, 101, 103, 104, 105, 106, 107, 108], "summary": {"covered_lines": 51, "num_statements": 53, "percent_covered": 96.72131147540983, "percent_covered_display": "97", "missing_lines": 2, "excluded_lines": 0, "percent_statements_covered": 96.22641509433963, "percent_statements_covered_display": "96", "num_branches": 8, "num_partial_branches": 0, "covered_branches": 8, "missing_branches": 0, "percent_branches_covered": 100.0, "percent_branches_covered_display": "100"}, "missing_lines": [82, 83], "excluded_lines": [], "executed_branches": [[42, 43], [42, 47], [53, 54], [53, 56], [66, 67], [66, 69], [106, 107], [106, 108]], "missing_branches": [], "functions": {"DecisionVerifier.__init__": {"executed_lines": [41, 42, 43, 47], "summary": {"covered_lines": 4, "num_statements": 4, "percent_covered": 100.0, "percent_covered_display": "100", "missing_lines": 0, "excluded_lines": 0, "percent_statements_covered": 100.0, "percent_statements_covered_display": "100", "num_branches": 2, "num_partial_branches": 0, "covered_branches": 2, "missing_branches": 0, "percent_branches_covered": 100.0, "percent_branches_covered_display": "100"}, "missing_lines": [], "excluded_lines": [], "start_line": 40, "executed_branches": [[42, 43], [42, 47]], "missing_branches": []}, "DecisionVerifier.verify": {"executed_lines": [51, 52, 53, 54, 56, 58, 59, 64, 66, 67, 69, 70, 72], "summary": {"covered_lines": 13, "num_statements": 15, "percent_covered": 89.47368421052632, "percent_covered_display": "89", "missing_lines": 2, "excluded_lines": 0, "percent_statements_covered": 86.66666666666667, "percent_statements_covered_display": "87", "num_branches": 4, "num_partial_branches": 0, "covered_branches": 4, "missing_branches": 0, "percent_branches_covered": 100.0, "percent_branches_covered_display": "100"}, "missing_lines": [82, 83], "excluded_lines": [], "start_line": 49, "executed_branches": [[53, 54], [53, 56], [66, 67], [66, 69]], "missing_branches": []}, "DecisionVerifier._invalid": {"executed_lines": [87], "summary": {"covered_lines": 1, "num_statements": 1, "percent_covered": 100.0, "percent_covered_display": "100", "missing_lines": 0, "excluded_lines": 0, "percent_statements_covered": 100.0, "percent_statements_covered_display": "100", "num_branches": 0, "num_partial_branches": 0, "covered_branches": 0, "missing_branches": 0, "percent_branches_covered": 100.0, "percent_branches_covered_display": "100"}, "missing_lines": [], "excluded_lines": [], "start_line": 86, "executed_branches": [], "missing_branches": []}, "DecisionVerifier._b64url": {"executed_lines": [101], "summary": {"covered_lines": 1, "num_statements": 1, "percent_covered": 100.0, "percent_covered_display": "100", "missing_lines": 0, "excluded_lines": 0, "percent_statements_covered": 100.0, "percent_statements_covered_display": "100", "num_branches": 0, "num_partial_branches": 0, "covered_branches": 0, "missing_branches": 0, "percent_branches_covered": 100.0, "percent_branches_covered_display": "100"}, "missing_lines": [], "excluded_lines": [], "start_line": 100, "executed_branches": [], "missing_branches": []}, "DecisionVerifier._b64url_decode": {"executed_lines": [105, 106, 107, 108], "summary": {"covered_lines": 4, "num_statements": 4, "percent_covered": 100.0, "percent_covered_display": "100", "missing_lines": 0, "excluded_lines": 0, "percent_statements_covered": 100.0, "percent_statements_covered_display": "100", "num_branches": 2, "num_partial_branches": 0, "covered_branches": 2, "missing_branches": 0, "percent_branches_covered": 100.0, "percent_branches_covered_display": "100"}, "missing_lines": [], "excluded_lines": [], "start_line": 104, "executed_branches": [[106, 107], [106, 108]], "missing_branches": []}, "": {"executed_lines": [14, 16, 17, 18, 19, 20, 21, 24, 25, 26, 27, 28, 29, 30, 31, 32, 33, 34, 37, 38, 40, 49, 85, 86, 99, 100, 103, 104], "summary": {"covered_lines": 28, "num_statements": 28, "percent_covered": 100.0, "percent_covered_display": "100", "missing_lines": 0, "excluded_lines": 0, "percent_statements_covered": 100.0, "percent_statements_covered_display": "100", "num_branches": 0, "num_partial_branches": 0, "covered_branches": 0, "missing_branches": 0, "percent_branches_covered": 100.0, "percent_branches_covered_display": "100"}, "missing_lines": [], "excluded_lines": [], "start_line": 1, "executed_branches": [], "missing_branches": []}}, "classes": {"VerificationResult": {"executed_lines": [], "summary": {"covered_lines": 0, "num_statements": 0, "percent_covered": 100.0, "percent_covered_display": "100", "missing_lines": 0, "excluded_lines": 0, "percent_statements_covered": 100.0, "percent_statements_covered_display": "100", "num_branches": 0, "num_partial_branches": 0, "covered_branches": 0, "missing_branches": 0, "percent_branches_covered": 100.0, "percent_branches_covered_display": "100"}, "missing_lines": [], "excluded_lines": [], "start_line": 25, "executed_branches": [], "missing_branches": []}, "DecisionVerifier": {"executed_lines": [41, 42, 43, 47, 51, 52, 53, 54, 56, 58, 59, 64, 66, 67, 69, 70, 72, 87, 101, 105, 106, 107, 108], "summary": {"covered_lines": 23, "num_statements": 25, "percent_covered": 93.93939393939394, "percent_covered_display": "94", "missing_lines": 2, "excluded_lines": 0, "percent_statements_covered": 92.0, "percent_statements_covered_display": "92", "num_branches": 8, "num_partial_branches": 0, "covered_branches": 8, "missing_branches": 0, "percent_branches_covered": 100.0, "percent_branches_covered_display": "100"}, "missing_lines": [82, 83], "excluded_lines": [], "start_line": 37, "executed_branches": [[42, 43], [42, 47], [53, 54], [53, 56], [66, 67], [66, 69], [106, 107], [106, 108]], "missing_branches": []}, "": {"executed_lines": [14, 16, 17, 18, 19, 20, 21, 24, 25, 26, 27, 28, 29, 30, 31, 32, 33, 34, 37, 38, 40, 49, 85, 86, 99, 100, 103, 104], "summary": {"covered_lines": 28, "num_statements": 28, "percent_covered": 100.0, "percent_covered_display": "100", "missing_lines": 0, "excluded_lines": 0, "percent_statements_covered": 100.0, "percent_statements_covered_display": "100", "num_branches": 0, "num_partial_branches": 0, "covered_branches": 0, "missing_branches": 0, "percent_branches_covered": 100.0, "percent_branches_covered_display": "100"}, "missing_lines": [], "excluded_lines": [], "start_line": 1, "executed_branches": [], "missing_branches": []}}}, "src\\pramanix\\circuit_breaker.py": {"executed_lines": [28, 30, 31, 32, 33, 34, 35, 36, 41, 44, 45, 46, 47, 48, 51, 52, 53, 56, 57, 58, 59, 60, 61, 62, 63, 66, 67, 68, 69, 70, 71, 72, 75, 87, 92, 93, 94, 95, 96, 97, 98, 99, 100, 102, 103, 104, 106, 107, 108, 116, 124, 125, 127, 128, 130, 131, 132, 133, 134, 135, 137, 139, 140, 141, 143, 144, 146, 148, 150, 151, 152, 153, 154, 155, 160, 162, 164, 165, 166, 167, 179, 181, 182, 183, 184, 190, 191, 192, 193, 194, 195, 197, 198, 203, 204, 205, 207, 208, 209, 210, 211, 212, 219, 220, 222, 231, 232, 234, 241, 242, 243, 245, 250, 255, 256, 259, 262, 263, 265, 268, 271, 274, 275, 279, 280, 282, 283, 284, 291, 292, 294, 295], "summary": {"covered_lines": 132, "num_statements": 143, "percent_covered": 90.53254437869822, "percent_covered_display": "91", "missing_lines": 11, "excluded_lines": 6, "percent_statements_covered": 92.3076923076923, "percent_statements_covered_display": "92", "num_branches": 26, "num_partial_branches": 3, "covered_branches": 21, "missing_branches": 5, "percent_branches_covered": 80.76923076923077, "percent_branches_covered_display": "81"}, "missing_lines": [169, 170, 171, 172, 173, 177, 178, 276, 277, 288, 289], "excluded_lines": [38, 39, 257, 258, 281, 293], "executed_branches": [[127, 128], [127, 130], [130, 131], [130, 139], [132, 133], [132, 137], [134, 135], [164, 165], [164, 181], [165, 166], [181, 182], [181, 203], [190, -160], [190, 191], [193, 194], [193, 197], [203, 204], [203, 205], [274, 275], [283, -279], [283, 284]], "missing_branches": [[134, 139], [165, 169], [171, 172], [171, 177], [274, -241]], "functions": {"AdaptiveCircuitBreaker.__init__": {"executed_lines": [92, 93, 94, 95, 96, 97, 98, 99, 100], "summary": {"covered_lines": 9, "num_statements": 9, "percent_covered": 100.0, "percent_covered_display": "100", "missing_lines": 0, "excluded_lines": 0, "percent_statements_covered": 100.0, "percent_statements_covered_display": "100", "num_branches": 0, "num_partial_branches": 0, "covered_branches": 0, "missing_branches": 0, "percent_branches_covered": 100.0, "percent_branches_covered_display": "100"}, "missing_lines": [], "excluded_lines": [], "start_line": 87, "executed_branches": [], "missing_branches": []}, "AdaptiveCircuitBreaker.state": {"executed_lines": [104], "summary": {"covered_lines": 1, "num_statements": 1, "percent_covered": 100.0, "percent_covered_display": "100", "missing_lines": 0, "excluded_lines": 0, "percent_statements_covered": 100.0, "percent_statements_covered_display": "100", "num_branches": 0, "num_partial_branches": 0, "covered_branches": 0, "missing_branches": 0, "percent_branches_covered": 100.0, "percent_branches_covered_display": "100"}, "missing_lines": [], "excluded_lines": [], "start_line": 103, "executed_branches": [], "missing_branches": []}, "AdaptiveCircuitBreaker.status": {"executed_lines": [108], "summary": {"covered_lines": 1, "num_statements": 1, "percent_covered": 100.0, "percent_covered_display": "100", "missing_lines": 0, "excluded_lines": 0, "percent_statements_covered": 100.0, "percent_statements_covered_display": "100", "num_branches": 0, "num_partial_branches": 0, "covered_branches": 0, "missing_branches": 0, "percent_branches_covered": 100.0, "percent_branches_covered_display": "100"}, "missing_lines": [], "excluded_lines": [], "start_line": 107, "executed_branches": [], "missing_branches": []}, "AdaptiveCircuitBreaker.verify_async": {"executed_lines": [124, 125, 127, 128, 130, 131, 132, 133, 134, 135, 137, 139, 140, 141, 143, 144, 146], "summary": {"covered_lines": 17, "num_statements": 17, "percent_covered": 96.0, "percent_covered_display": "96", "missing_lines": 0, "excluded_lines": 0, "percent_statements_covered": 100.0, "percent_statements_covered_display": "100", "num_branches": 8, "num_partial_branches": 1, "covered_branches": 7, "missing_branches": 1, "percent_branches_covered": 87.5, "percent_branches_covered_display": "88"}, "missing_lines": [], "excluded_lines": [], "start_line": 116, "executed_branches": [[127, 128], [127, 130], [130, 131], [130, 139], [132, 133], [132, 137], [134, 135]], "missing_branches": [[134, 139]]}, "AdaptiveCircuitBreaker.reset": {"executed_lines": [150, 151, 152, 153, 154, 155], "summary": {"covered_lines": 6, "num_statements": 6, "percent_covered": 100.0, "percent_covered_display": "100", "missing_lines": 0, "excluded_lines": 0, "percent_statements_covered": 100.0, "percent_statements_covered_display": "100", "num_branches": 0, "num_partial_branches": 0, "covered_branches": 0, "missing_branches": 0, "percent_branches_covered": 100.0, "percent_branches_covered_display": "100"}, "missing_lines": [], "excluded_lines": [], "start_line": 148, "executed_branches": [], "missing_branches": []}, "AdaptiveCircuitBreaker._record_solve": {"executed_lines": [162, 164, 165, 166, 167, 179, 181, 182, 183, 184, 190, 191, 192, 193, 194, 195, 197, 198, 203, 204, 205], "summary": {"covered_lines": 21, "num_statements": 28, "percent_covered": 76.19047619047619, "percent_covered_display": "76", "missing_lines": 7, "excluded_lines": 0, "percent_statements_covered": 75.0, "percent_statements_covered_display": "75", "num_branches": 14, "num_partial_branches": 1, "covered_branches": 11, "missing_branches": 3, "percent_branches_covered": 78.57142857142857, "percent_branches_covered_display": "79"}, "missing_lines": [169, 170, 171, 172, 173, 177, 178], "excluded_lines": [], "start_line": 160, "executed_branches": [[164, 165], [164, 181], [165, 166], [181, 182], [181, 203], [190, -160], [190, 191], [193, 194], [193, 197], [203, 204], [203, 205]], "missing_branches": [[165, 169], [171, 172], [171, 177]]}, "AdaptiveCircuitBreaker._transition": {"executed_lines": [208, 209, 210, 211, 212], "summary": {"covered_lines": 5, "num_statements": 5, "percent_covered": 100.0, "percent_covered_display": "100", "missing_lines": 0, "excluded_lines": 0, "percent_statements_covered": 100.0, "percent_statements_covered_display": "100", "num_branches": 0, "num_partial_branches": 0, "covered_branches": 0, "missing_branches": 0, "percent_branches_covered": 100.0, "percent_branches_covered_display": "100"}, "missing_lines": [], "excluded_lines": [], "start_line": 207, "executed_branches": [], "missing_branches": []}, "AdaptiveCircuitBreaker._make_open_decision": {"executed_lines": [220, 222], "summary": {"covered_lines": 2, "num_statements": 2, "percent_covered": 100.0, "percent_covered_display": "100", "missing_lines": 0, "excluded_lines": 0, "percent_statements_covered": 100.0, "percent_statements_covered_display": "100", "num_branches": 0, "num_partial_branches": 0, "covered_branches": 0, "missing_branches": 0, "percent_branches_covered": 100.0, "percent_branches_covered_display": "100"}, "missing_lines": [], "excluded_lines": [], "start_line": 219, "executed_branches": [], "missing_branches": []}, "AdaptiveCircuitBreaker._make_isolated_decision": {"executed_lines": [232, 234], "summary": {"covered_lines": 2, "num_statements": 2, "percent_covered": 100.0, "percent_covered_display": "100", "missing_lines": 0, "excluded_lines": 0, "percent_statements_covered": 100.0, "percent_statements_covered_display": "100", "num_branches": 0, "num_partial_branches": 0, "covered_branches": 0, "missing_branches": 0, "percent_branches_covered": 100.0, "percent_branches_covered_display": "100"}, "missing_lines": [], "excluded_lines": [], "start_line": 231, "executed_branches": [], "missing_branches": []}, "AdaptiveCircuitBreaker._register_metrics": {"executed_lines": [242, 243, 245, 250, 255, 256, 259, 262, 263, 265, 268, 271, 274, 275], "summary": {"covered_lines": 14, "num_statements": 16, "percent_covered": 83.33333333333333, "percent_covered_display": "83", "missing_lines": 2, "excluded_lines": 2, "percent_statements_covered": 87.5, "percent_statements_covered_display": "88", "num_branches": 2, "num_partial_branches": 1, "covered_branches": 1, "missing_branches": 1, "percent_branches_covered": 50.0, "percent_branches_covered_display": "50"}, "missing_lines": [276, 277], "excluded_lines": [257, 258], "start_line": 241, "executed_branches": [[274, 275]], "missing_branches": [[274, -241]]}, "AdaptiveCircuitBreaker._update_prometheus": {"executed_lines": [280, 282, 283, 284], "summary": {"covered_lines": 4, "num_statements": 6, "percent_covered": 75.0, "percent_covered_display": "75", "missing_lines": 2, "excluded_lines": 1, "percent_statements_covered": 66.66666666666667, "percent_statements_covered_display": "67", "num_branches": 2, "num_partial_branches": 0, "covered_branches": 2, "missing_branches": 0, "percent_branches_covered": 100.0, "percent_branches_covered_display": "100"}, "missing_lines": [288, 289], "excluded_lines": [281], "start_line": 279, "executed_branches": [[283, -279], [283, 284]], "missing_branches": []}, "AdaptiveCircuitBreaker._increment_pressure_metric": {"executed_lines": [292, 294, 295], "summary": {"covered_lines": 3, "num_statements": 3, "percent_covered": 100.0, "percent_covered_display": "100", "missing_lines": 0, "excluded_lines": 1, "percent_statements_covered": 100.0, "percent_statements_covered_display": "100", "num_branches": 0, "num_partial_branches": 0, "covered_branches": 0, "missing_branches": 0, "percent_branches_covered": 100.0, "percent_branches_covered_display": "100"}, "missing_lines": [], "excluded_lines": [293], "start_line": 291, "executed_branches": [], "missing_branches": []}, "": {"executed_lines": [28, 30, 31, 32, 33, 34, 35, 36, 41, 44, 45, 46, 47, 48, 51, 52, 53, 56, 57, 58, 59, 60, 61, 62, 63, 66, 67, 68, 69, 70, 71, 72, 75, 87, 102, 103, 106, 107, 116, 148, 160, 207, 219, 231, 241, 279, 291], "summary": {"covered_lines": 47, "num_statements": 47, "percent_covered": 100.0, "percent_covered_display": "100", "missing_lines": 0, "excluded_lines": 2, "percent_statements_covered": 100.0, "percent_statements_covered_display": "100", "num_branches": 0, "num_partial_branches": 0, "covered_branches": 0, "missing_branches": 0, "percent_branches_covered": 100.0, "percent_branches_covered_display": "100"}, "missing_lines": [], "excluded_lines": [38, 39], "start_line": 1, "executed_branches": [], "missing_branches": []}}, "classes": {"CircuitState": {"executed_lines": [], "summary": {"covered_lines": 0, "num_statements": 0, "percent_covered": 100.0, "percent_covered_display": "100", "missing_lines": 0, "excluded_lines": 0, "percent_statements_covered": 100.0, "percent_statements_covered_display": "100", "num_branches": 0, "num_partial_branches": 0, "covered_branches": 0, "missing_branches": 0, "percent_branches_covered": 100.0, "percent_branches_covered_display": "100"}, "missing_lines": [], "excluded_lines": [], "start_line": 44, "executed_branches": [], "missing_branches": []}, "FailsafeMode": {"executed_lines": [], "summary": {"covered_lines": 0, "num_statements": 0, "percent_covered": 100.0, "percent_covered_display": "100", "missing_lines": 0, "excluded_lines": 0, "percent_statements_covered": 100.0, "percent_statements_covered_display": "100", "num_branches": 0, "num_partial_branches": 0, "covered_branches": 0, "missing_branches": 0, "percent_branches_covered": 100.0, "percent_branches_covered_display": "100"}, "missing_lines": [], "excluded_lines": [], "start_line": 51, "executed_branches": [], "missing_branches": []}, "CircuitBreakerConfig": {"executed_lines": [], "summary": {"covered_lines": 0, "num_statements": 0, "percent_covered": 100.0, "percent_covered_display": "100", "missing_lines": 0, "excluded_lines": 0, "percent_statements_covered": 100.0, "percent_statements_covered_display": "100", "num_branches": 0, "num_partial_branches": 0, "covered_branches": 0, "missing_branches": 0, "percent_branches_covered": 100.0, "percent_branches_covered_display": "100"}, "missing_lines": [], "excluded_lines": [], "start_line": 57, "executed_branches": [], "missing_branches": []}, "CircuitBreakerStatus": {"executed_lines": [], "summary": {"covered_lines": 0, "num_statements": 0, "percent_covered": 100.0, "percent_covered_display": "100", "missing_lines": 0, "excluded_lines": 0, "percent_statements_covered": 100.0, "percent_statements_covered_display": "100", "num_branches": 0, "num_partial_branches": 0, "covered_branches": 0, "missing_branches": 0, "percent_branches_covered": 100.0, "percent_branches_covered_display": "100"}, "missing_lines": [], "excluded_lines": [], "start_line": 67, "executed_branches": [], "missing_branches": []}, "AdaptiveCircuitBreaker": {"executed_lines": [92, 93, 94, 95, 96, 97, 98, 99, 100, 104, 108, 124, 125, 127, 128, 130, 131, 132, 133, 134, 135, 137, 139, 140, 141, 143, 144, 146, 150, 151, 152, 153, 154, 155, 162, 164, 165, 166, 167, 179, 181, 182, 183, 184, 190, 191, 192, 193, 194, 195, 197, 198, 203, 204, 205, 208, 209, 210, 211, 212, 220, 222, 232, 234, 242, 243, 245, 250, 255, 256, 259, 262, 263, 265, 268, 271, 274, 275, 280, 282, 283, 284, 292, 294, 295], "summary": {"covered_lines": 85, "num_statements": 96, "percent_covered": 86.88524590163935, "percent_covered_display": "87", "missing_lines": 11, "excluded_lines": 4, "percent_statements_covered": 88.54166666666667, "percent_statements_covered_display": "89", "num_branches": 26, "num_partial_branches": 3, "covered_branches": 21, "missing_branches": 5, "percent_branches_covered": 80.76923076923077, "percent_branches_covered_display": "81"}, "missing_lines": [169, 170, 171, 172, 173, 177, 178, 276, 277, 288, 289], "excluded_lines": [257, 258, 281, 293], "start_line": 75, "executed_branches": [[127, 128], [127, 130], [130, 131], [130, 139], [132, 133], [132, 137], [134, 135], [164, 165], [164, 181], [165, 166], [181, 182], [181, 203], [190, -160], [190, 191], [193, 194], [193, 197], [203, 204], [203, 205], [274, 275], [283, -279], [283, 284]], "missing_branches": [[134, 139], [165, 169], [171, 172], [171, 177], [274, -241]]}, "": {"executed_lines": [28, 30, 31, 32, 33, 34, 35, 36, 41, 44, 45, 46, 47, 48, 51, 52, 53, 56, 57, 58, 59, 60, 61, 62, 63, 66, 67, 68, 69, 70, 71, 72, 75, 87, 102, 103, 106, 107, 116, 148, 160, 207, 219, 231, 241, 279, 291], "summary": {"covered_lines": 47, "num_statements": 47, "percent_covered": 100.0, "percent_covered_display": "100", "missing_lines": 0, "excluded_lines": 2, "percent_statements_covered": 100.0, "percent_statements_covered_display": "100", "num_branches": 0, "num_partial_branches": 0, "covered_branches": 0, "missing_branches": 0, "percent_branches_covered": 100.0, "percent_branches_covered_display": "100"}, "missing_lines": [], "excluded_lines": [38, 39], "start_line": 1, "executed_branches": [], "missing_branches": []}}}, "src\\pramanix\\cli.py": {"executed_lines": [21, 23, 24, 25, 26, 27, 30, 31, 35, 37, 38, 39, 40, 41, 43, 44, 46, 47, 48, 49, 50, 52, 54, 55, 57, 58, 60, 61, 64, 65, 66, 67, 68, 69, 70, 71, 73, 74, 76, 80, 81, 82, 84, 85, 87, 88, 89, 90, 91, 93, 94, 104, 105, 106, 107, 109, 110, 111, 114, 115, 116, 117, 118, 119, 120, 122, 123, 126, 127, 128, 133, 145, 147, 148, 152, 153, 154, 162, 163, 164, 172, 173, 174, 179, 180, 181, 183, 184, 185, 186, 189, 191, 192, 193, 194, 195, 201, 202, 203, 204, 206, 208, 209, 210, 212, 213, 229, 230, 231, 239, 240, 246, 247, 248, 250, 251, 252, 258, 259, 260, 261, 263, 265, 270, 271, 272, 278, 279, 280, 281, 283, 285, 286, 287, 288, 290, 292, 293, 303, 305, 306, 307, 308, 309, 310, 311, 312, 313, 314, 315, 316, 317, 318, 320, 322, 325, 333, 335, 337, 346], "summary": {"covered_lines": 160, "num_statements": 191, "percent_covered": 82.37547892720306, "percent_covered_display": "82", "missing_lines": 31, "excluded_lines": 9, "percent_statements_covered": 83.7696335078534, "percent_statements_covered_display": "84", "num_branches": 70, "num_partial_branches": 11, "covered_branches": 55, "missing_branches": 15, "percent_branches_covered": 78.57142857142857, "percent_branches_covered_display": "79"}, "missing_lines": [77, 78, 129, 130, 149, 150, 155, 156, 157, 158, 159, 160, 168, 169, 170, 175, 176, 177, 187, 205, 214, 215, 216, 222, 223, 224, 225, 226, 227, 262, 282], "excluded_lines": [4, 112, 113, 165, 166, 167, 241, 349, 350], "executed_branches": [[54, 55], [54, 57], [57, 58], [57, 60], [65, 66], [65, 70], [67, 68], [70, 71], [70, 73], [76, 80], [81, 82], [81, 84], [93, 94], [93, 109], [104, 105], [104, 106], [109, 110], [109, 122], [115, 116], [115, 117], [117, 118], [117, 119], [127, 128], [148, 152], [184, 185], [184, 290], [186, 189], [202, 203], [204, 206], [229, 230], [229, 250], [246, 247], [246, 248], [250, 251], [250, 265], [259, 260], [261, 263], [270, 271], [270, 285], [279, 280], [281, 283], [286, 184], [286, 287], [292, 293], [292, 305], [308, 309], [308, 310], [310, 311], [310, 312], [312, 313], [312, 314], [314, 315], [314, 316], [317, 318], [317, 320]], "missing_branches": [[67, 76], [76, 77], [127, 129], [148, 149], [186, 187], [202, 204], [204, 205], [223, 224], [223, 225], [225, 226], [225, 227], [259, 261], [261, 262], [279, 281], [281, 282]], "functions": {"main": {"executed_lines": [31, 35, 37, 38, 39, 40, 41, 43, 44, 46, 47, 48, 49, 50, 52, 54, 55, 57, 58, 60, 61], "summary": {"covered_lines": 21, "num_statements": 21, "percent_covered": 100.0, "percent_covered_display": "100", "missing_lines": 0, "excluded_lines": 0, "percent_statements_covered": 100.0, "percent_statements_covered_display": "100", "num_branches": 4, "num_partial_branches": 0, "covered_branches": 4, "missing_branches": 0, "percent_branches_covered": 100.0, "percent_branches_covered_display": "100"}, "missing_lines": [], "excluded_lines": [], "start_line": 30, "executed_branches": [[54, 55], [54, 57], [57, 58], [57, 60]], "missing_branches": []}, "_cmd_verify_proof": {"executed_lines": [65, 66, 67, 68, 69, 70, 71, 73, 74, 76, 80, 81, 82, 84, 85, 87, 88, 89, 90, 91, 93, 94, 104, 105, 106, 107, 109, 110, 111, 114, 115, 116, 117, 118, 119, 120, 122, 123], "summary": {"covered_lines": 38, "num_statements": 40, "percent_covered": 93.33333333333333, "percent_covered_display": "93", "missing_lines": 2, "excluded_lines": 2, "percent_statements_covered": 95.0, "percent_statements_covered_display": "95", "num_branches": 20, "num_partial_branches": 2, "covered_branches": 18, "missing_branches": 2, "percent_branches_covered": 90.0, "percent_branches_covered_display": "90"}, "missing_lines": [77, 78], "excluded_lines": [112, 113], "start_line": 64, "executed_branches": [[65, 66], [65, 70], [67, 68], [70, 71], [70, 73], [76, 80], [81, 82], [81, 84], [93, 94], [93, 109], [104, 105], [104, 106], [109, 110], [109, 122], [115, 116], [115, 117], [117, 118], [117, 119]], "missing_branches": [[67, 76], [76, 77]]}, "_cmd_audit": {"executed_lines": [127, 128], "summary": {"covered_lines": 2, "num_statements": 4, "percent_covered": 50.0, "percent_covered_display": "50", "missing_lines": 2, "excluded_lines": 0, "percent_statements_covered": 50.0, "percent_statements_covered_display": "50", "num_branches": 2, "num_partial_branches": 1, "covered_branches": 1, "missing_branches": 1, "percent_branches_covered": 50.0, "percent_branches_covered_display": "50"}, "missing_lines": [129, 130], "excluded_lines": [], "start_line": 126, "executed_branches": [[127, 128]], "missing_branches": [[127, 129]]}, "_cmd_audit_verify": {"executed_lines": [145, 147, 148, 152, 153, 154, 162, 163, 164, 172, 173, 174, 179, 180, 181, 183, 184, 185, 186, 189, 191, 192, 193, 194, 195, 201, 202, 203, 204, 206, 208, 209, 210, 212, 213, 229, 230, 231, 239, 240, 246, 247, 248, 250, 251, 252, 258, 259, 260, 261, 263, 265, 270, 271, 272, 278, 279, 280, 281, 283, 285, 286, 287, 288, 290, 292, 293, 303, 305, 306, 307, 308, 309, 310, 311, 312, 313, 314, 315, 316, 317, 318, 320, 322], "summary": {"covered_lines": 84, "num_statements": 111, "percent_covered": 74.83870967741936, "percent_covered_display": "75", "missing_lines": 27, "excluded_lines": 4, "percent_statements_covered": 75.67567567567568, "percent_statements_covered_display": "76", "num_branches": 44, "num_partial_branches": 8, "covered_branches": 32, "missing_branches": 12, "percent_branches_covered": 72.72727272727273, "percent_branches_covered_display": "73"}, "missing_lines": [149, 150, 155, 156, 157, 158, 159, 160, 168, 169, 170, 175, 176, 177, 187, 205, 214, 215, 216, 222, 223, 224, 225, 226, 227, 262, 282], "excluded_lines": [165, 166, 167, 241], "start_line": 133, "executed_branches": [[148, 152], [184, 185], [184, 290], [186, 189], [202, 203], [204, 206], [229, 230], [229, 250], [246, 247], [246, 248], [250, 251], [250, 265], [259, 260], [261, 263], [270, 271], [270, 285], [279, 280], [281, 283], [286, 184], [286, 287], [292, 293], [292, 305], [308, 309], [308, 310], [310, 311], [310, 312], [312, 313], [312, 314], [314, 315], [314, 316], [317, 318], [317, 320]], "missing_branches": [[148, 149], [186, 187], [202, 204], [204, 205], [223, 224], [223, 225], [225, 226], [225, 227], [259, 261], [261, 262], [279, 281], [281, 282]]}, "_recompute_hash": {"executed_lines": [333, 335, 337, 346], "summary": {"covered_lines": 4, "num_statements": 4, "percent_covered": 100.0, "percent_covered_display": "100", "missing_lines": 0, "excluded_lines": 0, "percent_statements_covered": 100.0, "percent_statements_covered_display": "100", "num_branches": 0, "num_partial_branches": 0, "covered_branches": 0, "missing_branches": 0, "percent_branches_covered": 100.0, "percent_branches_covered_display": "100"}, "missing_lines": [], "excluded_lines": [], "start_line": 325, "executed_branches": [], "missing_branches": []}, "": {"executed_lines": [21, 23, 24, 25, 26, 27, 30, 64, 126, 133, 325], "summary": {"covered_lines": 11, "num_statements": 11, "percent_covered": 100.0, "percent_covered_display": "100", "missing_lines": 0, "excluded_lines": 3, "percent_statements_covered": 100.0, "percent_statements_covered_display": "100", "num_branches": 0, "num_partial_branches": 0, "covered_branches": 0, "missing_branches": 0, "percent_branches_covered": 100.0, "percent_branches_covered_display": "100"}, "missing_lines": [], "excluded_lines": [4, 349, 350], "start_line": 1, "executed_branches": [], "missing_branches": []}}, "classes": {"": {"executed_lines": [21, 23, 24, 25, 26, 27, 30, 31, 35, 37, 38, 39, 40, 41, 43, 44, 46, 47, 48, 49, 50, 52, 54, 55, 57, 58, 60, 61, 64, 65, 66, 67, 68, 69, 70, 71, 73, 74, 76, 80, 81, 82, 84, 85, 87, 88, 89, 90, 91, 93, 94, 104, 105, 106, 107, 109, 110, 111, 114, 115, 116, 117, 118, 119, 120, 122, 123, 126, 127, 128, 133, 145, 147, 148, 152, 153, 154, 162, 163, 164, 172, 173, 174, 179, 180, 181, 183, 184, 185, 186, 189, 191, 192, 193, 194, 195, 201, 202, 203, 204, 206, 208, 209, 210, 212, 213, 229, 230, 231, 239, 240, 246, 247, 248, 250, 251, 252, 258, 259, 260, 261, 263, 265, 270, 271, 272, 278, 279, 280, 281, 283, 285, 286, 287, 288, 290, 292, 293, 303, 305, 306, 307, 308, 309, 310, 311, 312, 313, 314, 315, 316, 317, 318, 320, 322, 325, 333, 335, 337, 346], "summary": {"covered_lines": 160, "num_statements": 191, "percent_covered": 82.37547892720306, "percent_covered_display": "82", "missing_lines": 31, "excluded_lines": 9, "percent_statements_covered": 83.7696335078534, "percent_statements_covered_display": "84", "num_branches": 70, "num_partial_branches": 11, "covered_branches": 55, "missing_branches": 15, "percent_branches_covered": 78.57142857142857, "percent_branches_covered_display": "79"}, "missing_lines": [77, 78, 129, 130, 149, 150, 155, 156, 157, 158, 159, 160, 168, 169, 170, 175, 176, 177, 187, 205, 214, 215, 216, 222, 223, 224, 225, 226, 227, 262, 282], "excluded_lines": [4, 112, 113, 165, 166, 167, 241, 349, 350], "start_line": 1, "executed_branches": [[54, 55], [54, 57], [57, 58], [57, 60], [65, 66], [65, 70], [67, 68], [70, 71], [70, 73], [76, 80], [81, 82], [81, 84], [93, 94], [93, 109], [104, 105], [104, 106], [109, 110], [109, 122], [115, 116], [115, 117], [117, 118], [117, 119], [127, 128], [148, 152], [184, 185], [184, 290], [186, 189], [202, 203], [204, 206], [229, 230], [229, 250], [246, 247], [246, 248], [250, 251], [250, 265], [259, 260], [261, 263], [270, 271], [270, 285], [279, 280], [281, 283], [286, 184], [286, 287], [292, 293], [292, 305], [308, 309], [308, 310], [310, 311], [310, 312], [312, 313], [312, 314], [314, 315], [314, 316], [317, 318], [317, 320]], "missing_branches": [[67, 76], [76, 77], [127, 129], [148, 149], [186, 187], [202, 204], [204, 205], [223, 224], [223, 225], [225, 226], [225, 227], [259, 261], [261, 262], [279, 281], [281, 282]]}}}, "src\\pramanix\\crypto.py": {"executed_lines": [29, 31, 32, 33, 34, 35, 40, 42, 45, 46, 49, 50, 51, 52, 53, 56, 78, 100, 101, 104, 117, 118, 123, 125, 126, 130, 132, 133, 140, 151, 154, 159, 163, 165, 166, 172, 175, 181, 182, 187, 189, 195, 196, 199, 202, 207, 209, 211, 213, 215, 221, 223, 232, 257, 258, 259, 268, 273, 275, 281, 282, 283, 287, 288, 289, 291, 302, 303, 304, 305, 309, 310, 313], "summary": {"covered_lines": 73, "num_statements": 82, "percent_covered": 86.73469387755102, "percent_covered_display": "87", "missing_lines": 9, "excluded_lines": 10, "percent_statements_covered": 89.02439024390245, "percent_statements_covered_display": "89", "num_branches": 16, "num_partial_branches": 4, "covered_branches": 12, "missing_branches": 4, "percent_branches_covered": 75.0, "percent_branches_covered_display": "75"}, "missing_lines": [127, 197, 198, 228, 229, 306, 311, 317, 318], "excluded_lines": [37, 38, 57, 111, 112, 203, 204, 205, 262, 263], "executed_branches": [[51, 52], [51, 53], [117, 118], [117, 125], [126, 130], [130, 132], [130, 140], [196, 199], [303, 304], [303, 305], [305, 309], [310, 313]], "missing_branches": [[126, 127], [196, 197], [305, 306], [310, 311]], "functions": {"_b64url": {"executed_lines": [46], "summary": {"covered_lines": 1, "num_statements": 1, "percent_covered": 100.0, "percent_covered_display": "100", "missing_lines": 0, "excluded_lines": 0, "percent_statements_covered": 100.0, "percent_statements_covered_display": "100", "num_branches": 0, "num_partial_branches": 0, "covered_branches": 0, "missing_branches": 0, "percent_branches_covered": 100.0, "percent_branches_covered_display": "100"}, "missing_lines": [], "excluded_lines": [], "start_line": 45, "executed_branches": [], "missing_branches": []}, "_b64url_decode": {"executed_lines": [50, 51, 52, 53], "summary": {"covered_lines": 4, "num_statements": 4, "percent_covered": 100.0, "percent_covered_display": "100", "missing_lines": 0, "excluded_lines": 0, "percent_statements_covered": 100.0, "percent_statements_covered_display": "100", "num_branches": 2, "num_partial_branches": 0, "covered_branches": 2, "missing_branches": 0, "percent_branches_covered": 100.0, "percent_branches_covered_display": "100"}, "missing_lines": [], "excluded_lines": [], "start_line": 49, "executed_branches": [[51, 52], [51, 53]], "missing_branches": []}, "PramanixSigner.__init__": {"executed_lines": [100, 101, 104, 117, 118, 123, 125, 126, 130, 132, 133, 140, 151, 154, 159, 163], "summary": {"covered_lines": 16, "num_statements": 17, "percent_covered": 91.30434782608695, "percent_covered_display": "91", "missing_lines": 1, "excluded_lines": 2, "percent_statements_covered": 94.11764705882354, "percent_statements_covered_display": "94", "num_branches": 6, "num_partial_branches": 1, "covered_branches": 5, "missing_branches": 1, "percent_branches_covered": 83.33333333333333, "percent_branches_covered_display": "83"}, "missing_lines": [127], "excluded_lines": [111, 112], "start_line": 78, "executed_branches": [[117, 118], [117, 125], [126, 130], [130, 132], [130, 140]], "missing_branches": [[126, 127]]}, "PramanixSigner.generate": {"executed_lines": [172, 175, 181, 182, 187], "summary": {"covered_lines": 5, "num_statements": 5, "percent_covered": 100.0, "percent_covered_display": "100", "missing_lines": 0, "excluded_lines": 0, "percent_statements_covered": 100.0, "percent_statements_covered_display": "100", "num_branches": 0, "num_partial_branches": 0, "covered_branches": 0, "missing_branches": 0, "percent_branches_covered": 100.0, "percent_branches_covered_display": "100"}, "missing_lines": [], "excluded_lines": [], "start_line": 166, "executed_branches": [], "missing_branches": []}, "PramanixSigner.sign": {"executed_lines": [195, 196, 199, 202], "summary": {"covered_lines": 4, "num_statements": 6, "percent_covered": 62.5, "percent_covered_display": "62", "missing_lines": 2, "excluded_lines": 3, "percent_statements_covered": 66.66666666666667, "percent_statements_covered_display": "67", "num_branches": 2, "num_partial_branches": 1, "covered_branches": 1, "missing_branches": 1, "percent_branches_covered": 50.0, "percent_branches_covered_display": "50"}, "missing_lines": [197, 198], "excluded_lines": [203, 204, 205], "start_line": 189, "executed_branches": [[196, 199]], "missing_branches": [[196, 197]]}, "PramanixSigner.public_key_pem": {"executed_lines": [209], "summary": {"covered_lines": 1, "num_statements": 1, "percent_covered": 100.0, "percent_covered_display": "100", "missing_lines": 0, "excluded_lines": 0, "percent_statements_covered": 100.0, "percent_statements_covered_display": "100", "num_branches": 0, "num_partial_branches": 0, "covered_branches": 0, "missing_branches": 0, "percent_branches_covered": 100.0, "percent_branches_covered_display": "100"}, "missing_lines": [], "excluded_lines": [], "start_line": 207, "executed_branches": [], "missing_branches": []}, "PramanixSigner.private_key_pem": {"executed_lines": [213], "summary": {"covered_lines": 1, "num_statements": 1, "percent_covered": 100.0, "percent_covered_display": "100", "missing_lines": 0, "excluded_lines": 0, "percent_statements_covered": 100.0, "percent_statements_covered_display": "100", "num_branches": 0, "num_partial_branches": 0, "covered_branches": 0, "missing_branches": 0, "percent_branches_covered": 100.0, "percent_branches_covered_display": "100"}, "missing_lines": [], "excluded_lines": [], "start_line": 211, "executed_branches": [], "missing_branches": []}, "PramanixSigner.key_id": {"executed_lines": [221], "summary": {"covered_lines": 1, "num_statements": 1, "percent_covered": 100.0, "percent_covered_display": "100", "missing_lines": 0, "excluded_lines": 0, "percent_statements_covered": 100.0, "percent_statements_covered_display": "100", "num_branches": 0, "num_partial_branches": 0, "covered_branches": 0, "missing_branches": 0, "percent_branches_covered": 100.0, "percent_branches_covered_display": "100"}, "missing_lines": [], "excluded_lines": [], "start_line": 215, "executed_branches": [], "missing_branches": []}, "PramanixSigner.verify": {"executed_lines": [], "summary": {"covered_lines": 0, "num_statements": 2, "percent_covered": 0.0, "percent_covered_display": "0", "missing_lines": 2, "excluded_lines": 0, "percent_statements_covered": 0.0, "percent_statements_covered_display": "0", "num_branches": 0, "num_partial_branches": 0, "covered_branches": 0, "missing_branches": 0, "percent_branches_covered": 100.0, "percent_branches_covered_display": "100"}, "missing_lines": [228, 229], "excluded_lines": [], "start_line": 223, "executed_branches": [], "missing_branches": []}, "PramanixVerifier.__init__": {"executed_lines": [258, 259, 268, 273], "summary": {"covered_lines": 4, "num_statements": 4, "percent_covered": 100.0, "percent_covered_display": "100", "missing_lines": 0, "excluded_lines": 2, "percent_statements_covered": 100.0, "percent_statements_covered_display": "100", "num_branches": 0, "num_partial_branches": 0, "covered_branches": 0, "missing_branches": 0, "percent_branches_covered": 100.0, "percent_branches_covered_display": "100"}, "missing_lines": [], "excluded_lines": [262, 263], "start_line": 257, "executed_branches": [], "missing_branches": []}, "PramanixVerifier.verify": {"executed_lines": [281, 282, 283, 287, 288, 289], "summary": {"covered_lines": 6, "num_statements": 6, "percent_covered": 100.0, "percent_covered_display": "100", "missing_lines": 0, "excluded_lines": 0, "percent_statements_covered": 100.0, "percent_statements_covered_display": "100", "num_branches": 0, "num_partial_branches": 0, "covered_branches": 0, "missing_branches": 0, "percent_branches_covered": 100.0, "percent_branches_covered_display": "100"}, "missing_lines": [], "excluded_lines": [], "start_line": 275, "executed_branches": [], "missing_branches": []}, "PramanixVerifier.verify_decision": {"executed_lines": [302, 303, 304, 305, 309, 310, 313], "summary": {"covered_lines": 7, "num_statements": 11, "percent_covered": 64.70588235294117, "percent_covered_display": "65", "missing_lines": 4, "excluded_lines": 0, "percent_statements_covered": 63.63636363636363, "percent_statements_covered_display": "64", "num_branches": 6, "num_partial_branches": 2, "covered_branches": 4, "missing_branches": 2, "percent_branches_covered": 66.66666666666667, "percent_branches_covered_display": "67"}, "missing_lines": [306, 311, 317, 318], "excluded_lines": [], "start_line": 291, "executed_branches": [[303, 304], [303, 305], [305, 309], [310, 313]], "missing_branches": [[305, 306], [310, 311]]}, "": {"executed_lines": [29, 31, 32, 33, 34, 35, 40, 42, 45, 49, 56, 78, 165, 166, 189, 207, 211, 215, 223, 232, 257, 275, 291], "summary": {"covered_lines": 23, "num_statements": 23, "percent_covered": 100.0, "percent_covered_display": "100", "missing_lines": 0, "excluded_lines": 3, "percent_statements_covered": 100.0, "percent_statements_covered_display": "100", "num_branches": 0, "num_partial_branches": 0, "covered_branches": 0, "missing_branches": 0, "percent_branches_covered": 100.0, "percent_branches_covered_display": "100"}, "missing_lines": [], "excluded_lines": [37, 38, 57], "start_line": 1, "executed_branches": [], "missing_branches": []}}, "classes": {"PramanixSigner": {"executed_lines": [100, 101, 104, 117, 118, 123, 125, 126, 130, 132, 133, 140, 151, 154, 159, 163, 172, 175, 181, 182, 187, 195, 196, 199, 202, 209, 213, 221], "summary": {"covered_lines": 28, "num_statements": 33, "percent_covered": 82.92682926829268, "percent_covered_display": "83", "missing_lines": 5, "excluded_lines": 5, "percent_statements_covered": 84.84848484848484, "percent_statements_covered_display": "85", "num_branches": 8, "num_partial_branches": 2, "covered_branches": 6, "missing_branches": 2, "percent_branches_covered": 75.0, "percent_branches_covered_display": "75"}, "missing_lines": [127, 197, 198, 228, 229], "excluded_lines": [111, 112, 203, 204, 205], "start_line": 56, "executed_branches": [[117, 118], [117, 125], [126, 130], [130, 132], [130, 140], [196, 199]], "missing_branches": [[126, 127], [196, 197]]}, "PramanixVerifier": {"executed_lines": [258, 259, 268, 273, 281, 282, 283, 287, 288, 289, 302, 303, 304, 305, 309, 310, 313], "summary": {"covered_lines": 17, "num_statements": 21, "percent_covered": 77.77777777777777, "percent_covered_display": "78", "missing_lines": 4, "excluded_lines": 2, "percent_statements_covered": 80.95238095238095, "percent_statements_covered_display": "81", "num_branches": 6, "num_partial_branches": 2, "covered_branches": 4, "missing_branches": 2, "percent_branches_covered": 66.66666666666667, "percent_branches_covered_display": "67"}, "missing_lines": [306, 311, 317, 318], "excluded_lines": [262, 263], "start_line": 232, "executed_branches": [[303, 304], [303, 305], [305, 309], [310, 313]], "missing_branches": [[305, 306], [310, 311]]}, "": {"executed_lines": [29, 31, 32, 33, 34, 35, 40, 42, 45, 46, 49, 50, 51, 52, 53, 56, 78, 165, 166, 189, 207, 211, 215, 223, 232, 257, 275, 291], "summary": {"covered_lines": 28, "num_statements": 28, "percent_covered": 100.0, "percent_covered_display": "100", "missing_lines": 0, "excluded_lines": 3, "percent_statements_covered": 100.0, "percent_statements_covered_display": "100", "num_branches": 2, "num_partial_branches": 0, "covered_branches": 2, "missing_branches": 0, "percent_branches_covered": 100.0, "percent_branches_covered_display": "100"}, "missing_lines": [], "excluded_lines": [37, 38, 57], "start_line": 1, "executed_branches": [[51, 52], [51, 53]], "missing_branches": []}}}, "src\\pramanix\\decision.py": {"executed_lines": [38, 40, 41, 42, 43, 44, 45, 47, 48, 50, 52, 65, 68, 77, 78, 79, 80, 83, 85, 86, 87, 88, 89, 90, 91, 92, 101, 130, 147, 148, 156, 164, 165, 167, 168, 170, 171, 173, 174, 176, 177, 179, 180, 182, 183, 185, 186, 188, 189, 210, 223, 224, 241, 242, 244, 245, 246, 247, 248, 249, 250, 251, 252, 253, 254, 261, 262, 263, 268, 269, 274, 275, 279, 286, 289, 294, 303, 304, 310, 314, 324, 342, 343, 359, 406, 407, 421, 434, 435, 450, 459, 460, 474, 486, 487, 499, 508, 509, 524, 533, 534, 555], "summary": {"covered_lines": 102, "num_statements": 109, "percent_covered": 89.31297709923665, "percent_covered_display": "89", "missing_lines": 7, "excluded_lines": 44, "percent_statements_covered": 93.57798165137615, "percent_statements_covered_display": "94", "num_branches": 22, "num_partial_branches": 1, "covered_branches": 15, "missing_branches": 7, "percent_branches_covered": 68.18181818181819, "percent_branches_covered_display": "68"}, "missing_lines": [93, 94, 95, 96, 97, 98, 99], "excluded_lines": [57, 58, 60, 61, 62, 149, 150, 243, 305, 306, 307, 370, 371, 372, 373, 374, 375, 376, 377, 378, 379, 380, 381, 382, 383, 384, 385, 386, 387, 388, 389, 390, 391, 392, 393, 394, 395, 396, 397, 398, 399, 400, 401, 402], "executed_branches": [[78, 79], [78, 80], [85, 86], [85, 87], [87, 88], [87, 89], [89, 90], [89, 91], [91, 92], [262, 263], [262, 268], [268, 269], [268, 274], [274, -261], [274, 275]], "missing_branches": [[91, 93], [93, 94], [93, 95], [95, 96], [95, 97], [97, 98], [97, 99]], "functions": {"_canonical_bytes": {"executed_lines": [52], "summary": {"covered_lines": 1, "num_statements": 1, "percent_covered": 100.0, "percent_covered_display": "100", "missing_lines": 0, "excluded_lines": 0, "percent_statements_covered": 100.0, "percent_statements_covered_display": "100", "num_branches": 0, "num_partial_branches": 0, "covered_branches": 0, "missing_branches": 0, "percent_branches_covered": 100.0, "percent_branches_covered_display": "100"}, "missing_lines": [], "excluded_lines": [], "start_line": 50, "executed_branches": [], "missing_branches": []}, "_make_json_safe": {"executed_lines": [77, 78, 79, 80], "summary": {"covered_lines": 4, "num_statements": 4, "percent_covered": 100.0, "percent_covered_display": "100", "missing_lines": 0, "excluded_lines": 0, "percent_statements_covered": 100.0, "percent_statements_covered_display": "100", "num_branches": 2, "num_partial_branches": 0, "covered_branches": 2, "missing_branches": 0, "percent_branches_covered": 100.0, "percent_branches_covered_display": "100"}, "missing_lines": [], "excluded_lines": [], "start_line": 68, "executed_branches": [[78, 79], [78, 80]], "missing_branches": []}, "_json_safe_value": {"executed_lines": [85, 86, 87, 88, 89, 90, 91, 92], "summary": {"covered_lines": 8, "num_statements": 15, "percent_covered": 51.724137931034484, "percent_covered_display": "52", "missing_lines": 7, "excluded_lines": 0, "percent_statements_covered": 53.333333333333336, "percent_statements_covered_display": "53", "num_branches": 14, "num_partial_branches": 1, "covered_branches": 7, "missing_branches": 7, "percent_branches_covered": 50.0, "percent_branches_covered_display": "50"}, "missing_lines": [93, 94, 95, 96, 97, 98, 99], "excluded_lines": [], "start_line": 83, "executed_branches": [[85, 86], [85, 87], [87, 88], [87, 89], [89, 90], [89, 91], [91, 92]], "missing_branches": [[91, 93], [93, 94], [93, 95], [95, 96], [95, 97], [97, 98], [97, 99]]}, "_build_decision_canonical": {"executed_lines": [130], "summary": {"covered_lines": 1, "num_statements": 1, "percent_covered": 100.0, "percent_covered_display": "100", "missing_lines": 0, "excluded_lines": 0, "percent_statements_covered": 100.0, "percent_statements_covered_display": "100", "num_branches": 0, "num_partial_branches": 0, "covered_branches": 0, "missing_branches": 0, "percent_branches_covered": 100.0, "percent_branches_covered_display": "100"}, "missing_lines": [], "excluded_lines": [], "start_line": 101, "executed_branches": [], "missing_branches": []}, "Decision.__post_init__": {"executed_lines": [262, 263, 268, 269, 274, 275], "summary": {"covered_lines": 6, "num_statements": 6, "percent_covered": 100.0, "percent_covered_display": "100", "missing_lines": 0, "excluded_lines": 0, "percent_statements_covered": 100.0, "percent_statements_covered_display": "100", "num_branches": 6, "num_partial_branches": 0, "covered_branches": 6, "missing_branches": 0, "percent_branches_covered": 100.0, "percent_branches_covered_display": "100"}, "missing_lines": [], "excluded_lines": [], "start_line": 261, "executed_branches": [[262, 263], [262, 268], [268, 269], [268, 274], [274, -261], [274, 275]], "missing_branches": []}, "Decision._compute_hash": {"executed_lines": [286, 289, 294, 303, 304, 310], "summary": {"covered_lines": 6, "num_statements": 6, "percent_covered": 100.0, "percent_covered_display": "100", "missing_lines": 0, "excluded_lines": 3, "percent_statements_covered": 100.0, "percent_statements_covered_display": "100", "num_branches": 0, "num_partial_branches": 0, "covered_branches": 0, "missing_branches": 0, "percent_branches_covered": 100.0, "percent_branches_covered_display": "100"}, "missing_lines": [], "excluded_lines": [305, 306, 307], "start_line": 279, "executed_branches": [], "missing_branches": []}, "Decision.to_dict": {"executed_lines": [324], "summary": {"covered_lines": 1, "num_statements": 1, "percent_covered": 100.0, "percent_covered_display": "100", "missing_lines": 0, "excluded_lines": 0, "percent_statements_covered": 100.0, "percent_statements_covered_display": "100", "num_branches": 0, "num_partial_branches": 0, "covered_branches": 0, "missing_branches": 0, "percent_branches_covered": 100.0, "percent_branches_covered_display": "100"}, "missing_lines": [], "excluded_lines": [], "start_line": 314, "executed_branches": [], "missing_branches": []}, "Decision.safe": {"executed_lines": [359], "summary": {"covered_lines": 1, "num_statements": 1, "percent_covered": 100.0, "percent_covered_display": "100", "missing_lines": 0, "excluded_lines": 0, "percent_statements_covered": 100.0, "percent_statements_covered_display": "100", "num_branches": 0, "num_partial_branches": 0, "covered_branches": 0, "missing_branches": 0, "percent_branches_covered": 100.0, "percent_branches_covered_display": "100"}, "missing_lines": [], "excluded_lines": [], "start_line": 343, "executed_branches": [], "missing_branches": []}, "Decision.unsafe": {"executed_lines": [], "summary": {"covered_lines": 0, "num_statements": 0, "percent_covered": 100.0, "percent_covered_display": "100", "missing_lines": 0, "excluded_lines": 22, "percent_statements_covered": 100.0, "percent_statements_covered_display": "100", "num_branches": 0, "num_partial_branches": 0, "covered_branches": 0, "missing_branches": 0, "percent_branches_covered": 100.0, "percent_branches_covered_display": "100"}, "missing_lines": [], "excluded_lines": [381, 382, 383, 384, 385, 386, 387, 388, 389, 390, 391, 392, 393, 394, 395, 396, 397, 398, 399, 400, 401, 402], "start_line": 371, "executed_branches": [], "missing_branches": []}, "Decision.timeout": {"executed_lines": [421], "summary": {"covered_lines": 1, "num_statements": 1, "percent_covered": 100.0, "percent_covered_display": "100", "missing_lines": 0, "excluded_lines": 0, "percent_statements_covered": 100.0, "percent_statements_covered_display": "100", "num_branches": 0, "num_partial_branches": 0, "covered_branches": 0, "missing_branches": 0, "percent_branches_covered": 100.0, "percent_branches_covered_display": "100"}, "missing_lines": [], "excluded_lines": [], "start_line": 407, "executed_branches": [], "missing_branches": []}, "Decision.error": {"executed_lines": [450], "summary": {"covered_lines": 1, "num_statements": 1, "percent_covered": 100.0, "percent_covered_display": "100", "missing_lines": 0, "excluded_lines": 0, "percent_statements_covered": 100.0, "percent_statements_covered_display": "100", "num_branches": 0, "num_partial_branches": 0, "covered_branches": 0, "missing_branches": 0, "percent_branches_covered": 100.0, "percent_branches_covered_display": "100"}, "missing_lines": [], "excluded_lines": [], "start_line": 435, "executed_branches": [], "missing_branches": []}, "Decision.stale_state": {"executed_lines": [474], "summary": {"covered_lines": 1, "num_statements": 1, "percent_covered": 100.0, "percent_covered_display": "100", "missing_lines": 0, "excluded_lines": 0, "percent_statements_covered": 100.0, "percent_statements_covered_display": "100", "num_branches": 0, "num_partial_branches": 0, "covered_branches": 0, "missing_branches": 0, "percent_branches_covered": 100.0, "percent_branches_covered_display": "100"}, "missing_lines": [], "excluded_lines": [], "start_line": 460, "executed_branches": [], "missing_branches": []}, "Decision.validation_failure": {"executed_lines": [499], "summary": {"covered_lines": 1, "num_statements": 1, "percent_covered": 100.0, "percent_covered_display": "100", "missing_lines": 0, "excluded_lines": 0, "percent_statements_covered": 100.0, "percent_statements_covered_display": "100", "num_branches": 0, "num_partial_branches": 0, "covered_branches": 0, "missing_branches": 0, "percent_branches_covered": 100.0, "percent_branches_covered_display": "100"}, "missing_lines": [], "excluded_lines": [], "start_line": 487, "executed_branches": [], "missing_branches": []}, "Decision.rate_limited": {"executed_lines": [524], "summary": {"covered_lines": 1, "num_statements": 1, "percent_covered": 100.0, "percent_covered_display": "100", "missing_lines": 0, "excluded_lines": 0, "percent_statements_covered": 100.0, "percent_statements_covered_display": "100", "num_branches": 0, "num_partial_branches": 0, "covered_branches": 0, "missing_branches": 0, "percent_branches_covered": 100.0, "percent_branches_covered_display": "100"}, "missing_lines": [], "excluded_lines": [], "start_line": 509, "executed_branches": [], "missing_branches": []}, "Decision.consensus_failure": {"executed_lines": [555], "summary": {"covered_lines": 1, "num_statements": 1, "percent_covered": 100.0, "percent_covered_display": "100", "missing_lines": 0, "excluded_lines": 0, "percent_statements_covered": 100.0, "percent_statements_covered_display": "100", "num_branches": 0, "num_partial_branches": 0, "covered_branches": 0, "missing_branches": 0, "percent_branches_covered": 100.0, "percent_branches_covered_display": "100"}, "missing_lines": [], "excluded_lines": [], "start_line": 534, "executed_branches": [], "missing_branches": []}, "": {"executed_lines": [38, 40, 41, 42, 43, 44, 45, 47, 48, 50, 65, 68, 83, 101, 147, 148, 156, 164, 165, 167, 168, 170, 171, 173, 174, 176, 177, 179, 180, 182, 183, 185, 186, 188, 189, 210, 223, 224, 241, 242, 244, 245, 246, 247, 248, 249, 250, 251, 252, 253, 254, 261, 279, 314, 342, 343, 406, 407, 434, 435, 459, 460, 486, 487, 508, 509, 533, 534], "summary": {"covered_lines": 68, "num_statements": 68, "percent_covered": 100.0, "percent_covered_display": "100", "missing_lines": 0, "excluded_lines": 19, "percent_statements_covered": 100.0, "percent_statements_covered_display": "100", "num_branches": 0, "num_partial_branches": 0, "covered_branches": 0, "missing_branches": 0, "percent_branches_covered": 100.0, "percent_branches_covered_display": "100"}, "missing_lines": [], "excluded_lines": [57, 58, 60, 61, 62, 149, 150, 243, 370, 371, 372, 373, 374, 375, 376, 377, 378, 379, 380], "start_line": 1, "executed_branches": [], "missing_branches": []}}, "classes": {"SolverStatus": {"executed_lines": [], "summary": {"covered_lines": 0, "num_statements": 0, "percent_covered": 100.0, "percent_covered_display": "100", "missing_lines": 0, "excluded_lines": 0, "percent_statements_covered": 100.0, "percent_statements_covered_display": "100", "num_branches": 0, "num_partial_branches": 0, "covered_branches": 0, "missing_branches": 0, "percent_branches_covered": 100.0, "percent_branches_covered_display": "100"}, "missing_lines": [], "excluded_lines": [], "start_line": 156, "executed_branches": [], "missing_branches": []}, "Decision": {"executed_lines": [262, 263, 268, 269, 274, 275, 286, 289, 294, 303, 304, 310, 324, 359, 421, 450, 474, 499, 524, 555], "summary": {"covered_lines": 20, "num_statements": 20, "percent_covered": 100.0, "percent_covered_display": "100", "missing_lines": 0, "excluded_lines": 25, "percent_statements_covered": 100.0, "percent_statements_covered_display": "100", "num_branches": 6, "num_partial_branches": 0, "covered_branches": 6, "missing_branches": 0, "percent_branches_covered": 100.0, "percent_branches_covered_display": "100"}, "missing_lines": [], "excluded_lines": [305, 306, 307, 381, 382, 383, 384, 385, 386, 387, 388, 389, 390, 391, 392, 393, 394, 395, 396, 397, 398, 399, 400, 401, 402], "start_line": 224, "executed_branches": [[262, 263], [262, 268], [268, 269], [268, 274], [274, -261], [274, 275]], "missing_branches": []}, "": {"executed_lines": [38, 40, 41, 42, 43, 44, 45, 47, 48, 50, 52, 65, 68, 77, 78, 79, 80, 83, 85, 86, 87, 88, 89, 90, 91, 92, 101, 130, 147, 148, 156, 164, 165, 167, 168, 170, 171, 173, 174, 176, 177, 179, 180, 182, 183, 185, 186, 188, 189, 210, 223, 224, 241, 242, 244, 245, 246, 247, 248, 249, 250, 251, 252, 253, 254, 261, 279, 314, 342, 343, 406, 407, 434, 435, 459, 460, 486, 487, 508, 509, 533, 534], "summary": {"covered_lines": 82, "num_statements": 89, "percent_covered": 86.66666666666667, "percent_covered_display": "87", "missing_lines": 7, "excluded_lines": 19, "percent_statements_covered": 92.13483146067416, "percent_statements_covered_display": "92", "num_branches": 16, "num_partial_branches": 1, "covered_branches": 9, "missing_branches": 7, "percent_branches_covered": 56.25, "percent_branches_covered_display": "56"}, "missing_lines": [93, 94, 95, 96, 97, 98, 99], "excluded_lines": [57, 58, 60, 61, 62, 149, 150, 243, 370, 371, 372, 373, 374, 375, 376, 377, 378, 379, 380], "start_line": 1, "executed_branches": [[78, 79], [78, 80], [85, 86], [85, 87], [87, 88], [87, 89], [89, 90], [89, 91], [91, 92]], "missing_branches": [[91, 93], [93, 94], [93, 95], [95, 96], [95, 97], [97, 98], [97, 99]]}}}, "src\\pramanix\\decorator.py": {"executed_lines": [25, 27, 28, 29, 31, 40, 43, 78, 80, 81, 83, 84, 85, 91, 92, 95, 96, 97, 99, 101, 103, 104, 105, 107, 109, 112, 113, 115], "summary": {"covered_lines": 28, "num_statements": 28, "percent_covered": 100.0, "percent_covered_display": "100", "missing_lines": 0, "excluded_lines": 7, "percent_statements_covered": 100.0, "percent_statements_covered_display": "100", "num_branches": 8, "num_partial_branches": 0, "covered_branches": 8, "missing_branches": 0, "percent_branches_covered": 100.0, "percent_branches_covered_display": "100"}, "missing_lines": [], "excluded_lines": [3, 33, 34, 36, 37, 38, 49], "executed_branches": [[84, 85], [84, 91], [95, 96], [95, 99], [103, 104], [103, 109], [104, 105], [104, 107]], "missing_branches": [], "functions": {"guard": {"executed_lines": [78, 80, 81, 83, 115], "summary": {"covered_lines": 5, "num_statements": 5, "percent_covered": 100.0, "percent_covered_display": "100", "missing_lines": 0, "excluded_lines": 1, "percent_statements_covered": 100.0, "percent_statements_covered_display": "100", "num_branches": 0, "num_partial_branches": 0, "covered_branches": 0, "missing_branches": 0, "percent_branches_covered": 100.0, "percent_branches_covered_display": "100"}, "missing_lines": [], "excluded_lines": [49], "start_line": 43, "executed_branches": [], "missing_branches": []}, "guard.decorator": {"executed_lines": [84, 85, 91, 92, 112, 113], "summary": {"covered_lines": 6, "num_statements": 6, "percent_covered": 100.0, "percent_covered_display": "100", "missing_lines": 0, "excluded_lines": 0, "percent_statements_covered": 100.0, "percent_statements_covered_display": "100", "num_branches": 2, "num_partial_branches": 0, "covered_branches": 2, "missing_branches": 0, "percent_branches_covered": 100.0, "percent_branches_covered_display": "100"}, "missing_lines": [], "excluded_lines": [], "start_line": 83, "executed_branches": [[84, 85], [84, 91]], "missing_branches": []}, "guard.decorator.wrapper": {"executed_lines": [95, 96, 97, 99, 101, 103, 104, 105, 107, 109], "summary": {"covered_lines": 10, "num_statements": 10, "percent_covered": 100.0, "percent_covered_display": "100", "missing_lines": 0, "excluded_lines": 0, "percent_statements_covered": 100.0, "percent_statements_covered_display": "100", "num_branches": 6, "num_partial_branches": 0, "covered_branches": 6, "missing_branches": 0, "percent_branches_covered": 100.0, "percent_branches_covered_display": "100"}, "missing_lines": [], "excluded_lines": [], "start_line": 92, "executed_branches": [
[...]
ed_branches": [[147, 148], [147, 150], [151, 152], [151, 153]], "missing_branches": []}, "AdaptiveConcurrencyLimiter._compute_p99": {"executed_lines": [157, 158, 159, 160, 161], "summary": {"covered_lines": 5, "num_statements": 5, "percent_covered": 100.0, "percent_covered_display": "100", "missing_lines": 0, "excluded_lines": 0, "percent_statements_covered": 100.0, "percent_statements_covered_display": "100", "num_branches": 2, "num_partial_branches": 0, "covered_branches": 2, "missing_branches": 0, "percent_branches_covered": 100.0, "percent_branches_covered_display": "100"}, "missing_lines": [], "excluded_lines": [], "start_line": 155, "executed_branches": [[157, 158], [157, 159]], "missing_branches": []}, "_EphemeralKey.__init__": {"executed_lines": [188], "summary": {"covered_lines": 1, "num_statements": 1, "percent_covered": 100.0, "percent_covered_display": "100", "missing_lines": 0, "excluded_lines": 0, "percent_statements_covered": 100.0, "percent_statements_covered_display": "100", "num_branches": 0, "num_partial_branches": 0, "covered_branches": 0, "missing_branches": 0, "percent_branches_covered": 100.0, "percent_branches_covered_display": "100"}, "missing_lines": [], "excluded_lines": [], "start_line": 187, "executed_branches": [], "missing_branches": []}, "_EphemeralKey.bytes": {"executed_lines": [193], "summary": {"covered_lines": 1, "num_statements": 1, "percent_covered": 100.0, "percent_covered_display": "100", "missing_lines": 0, "excluded_lines": 0, "percent_statements_covered": 100.0, "percent_statements_covered_display": "100", "num_branches": 0, "num_partial_branches": 0, "covered_branches": 0, "missing_branches": 0, "percent_branches_covered": 100.0, "percent_branches_covered_display": "100"}, "missing_lines": [], "excluded_lines": [], "start_line": 191, "executed_branches": [], "missing_branches": []}, "_EphemeralKey.__repr__": {"executed_lines": [196], "summary": {"covered_lines": 1, "num_statements": 1, "percent_covered": 100.0, "percent_covered_display": "100", "missing_lines": 0, "excluded_lines": 0, "percent_statements_covered": 100.0, "percent_statements_covered_display": "100", "num_branches": 0, "num_partial_branches": 0, "covered_branches": 0, "missing_branches": 0, "percent_branches_covered": 100.0, "percent_branches_covered_display": "100"}, "missing_lines": [], "excluded_lines": [], "start_line": 195, "executed_branches": [], "missing_branches": []}, "_EphemeralKey.__reduce__": {"executed_lines": [201], "summary": {"covered_lines": 1, "num_statements": 1, "percent_covered": 100.0, "percent_covered_display": "100", "missing_lines": 0, "excluded_lines": 0, "percent_statements_covered": 100.0, "percent_statements_covered_display": "100", "num_branches": 0, "num_partial_branches": 0, "covered_branches": 0, "missing_branches": 0, "percent_branches_covered": 100.0, "percent_branches_covered_display": "100"}, "missing_lines": [], "excluded_lines": [], "start_line": 200, "executed_branches": [], "missing_branches": []}, "_ppid_watchdog": {"executed_lines": [223, 224, 225, 230, 231, 232], "summary": {"covered_lines": 6, "num_statements": 6, "percent_covered": 100.0, "percent_covered_display": "100", "missing_lines": 0, "excluded_lines": 26, "percent_statements_covered": 100.0, "percent_statements_covered_display": "100", "num_branches": 0, "num_partial_branches": 0, "covered_branches": 0, "missing_branches": 0, "percent_branches_covered": 100.0, "percent_branches_covered_display": "100"}, "missing_lines": [], "excluded_lines": [213, 227, 228, 233, 235, 236, 237, 239, 240, 243, 244, 246, 247, 248, 249, 250, 251, 252, 254, 255, 256, 257, 258, 259, 260, 261], "start_line": 212, "executed_branches": [], "missing_branches": []}, "_warmup_worker": {"executed_lines": [274, 276, 280, 281, 283, 284, 286, 287, 288, 289, 290, 293, 294, 295, 296, 297, 298, 301, 302, 303, 304, 305, 306, 309, 310, 311, 312, 313, 314, 315, 318, 319, 320, 321, 322, 323, 324, 327, 328, 329, 330, 331, 332, 335, 336, 337, 338, 339, 340, 343, 344, 345, 346, 347, 348, 349, 350, 355], "summary": {"covered_lines": 58, "num_statements": 58, "percent_covered": 100.0, "percent_covered_display": "100", "missing_lines": 0, "excluded_lines": 2, "percent_statements_covered": 100.0, "percent_statements_covered_display": "100", "num_branches": 0, "num_partial_branches": 0, "covered_branches": 0, "missing_branches": 0, "percent_branches_covered": 100.0, "percent_branches_covered_display": "100"}, "missing_lines": [], "excluded_lines": [352, 353], "start_line": 264, "executed_branches": [], "missing_branches": []}, "_worker_solve": {"executed_lines": [380, 381, 382, 384, 385, 386, 387, 388, 389, 390, 391, 396, 397, 398, 399, 400, 401], "summary": {"covered_lines": 17, "num_statements": 17, "percent_covered": 100.0, "percent_covered_display": "100", "missing_lines": 0, "excluded_lines": 0, "percent_statements_covered": 100.0, "percent_statements_covered_display": "100", "num_branches": 2, "num_partial_branches": 0, "covered_branches": 2, "missing_branches": 0, "percent_branches_covered": 100.0, "percent_branches_covered_display": "100"}, "missing_lines": [], "excluded_lines": [], "start_line": 358, "executed_branches": [[387, 388], [387, 389]], "missing_branches": []}, "_worker_solve_sealed": {"executed_lines": [438, 439, 440, 441], "summary": {"covered_lines": 4, "num_statements": 4, "percent_covered": 100.0, "percent_covered_display": "100", "missing_lines": 0, "excluded_lines": 0, "percent_statements_covered": 100.0, "percent_statements_covered_display": "100", "num_branches": 0, "num_partial_branches": 0, "covered_branches": 0, "missing_branches": 0, "percent_branches_covered": 100.0, "percent_branches_covered_display": "100"}, "missing_lines": [], "excluded_lines": [], "start_line": 406, "executed_branches": [], "missing_branches": []}, "_unseal_decision": {"executed_lines": [460, 461, 462, 463, 467, 468], "summary": {"covered_lines": 6, "num_statements": 6, "percent_covered": 100.0, "percent_covered_display": "100", "missing_lines": 0, "excluded_lines": 0, "percent_statements_covered": 100.0, "percent_statements_covered_display": "100", "num_branches": 2, "num_partial_branches": 0, "covered_branches": 2, "missing_branches": 0, "percent_branches_covered": 100.0, "percent_branches_covered_display": "100"}, "missing_lines": [], "excluded_lines": [], "start_line": 444, "executed_branches": [[462, 463], [462, 467]], "missing_branches": []}, "_drain_executor": {"executed_lines": [480, 482, 490, 491, 492, 494, 495, 501, 502], "summary": {"covered_lines": 9, "num_statements": 9, "percent_covered": 100.0, "percent_covered_display": "100", "missing_lines": 0, "excluded_lines": 0, "percent_statements_covered": 100.0, "percent_statements_covered_display": "100", "num_branches": 4, "num_partial_branches": 0, "covered_branches": 4, "missing_branches": 0, "percent_branches_covered": 100.0, "percent_branches_covered_display": "100"}, "missing_lines": [], "excluded_lines": [], "start_line": 471, "executed_branches": [[494, -471], [494, 495], [501, -471], [501, 502]], "missing_branches": []}, "_drain_executor._do_shutdown": {"executed_lines": [483, 484, 488], "summary": {"covered_lines": 3, "num_statements": 5, "percent_covered": 60.0, "percent_covered_display": "60", "missing_lines": 2, "excluded_lines": 0, "percent_statements_covered": 60.0, "percent_statements_covered_display": "60", "num_branches": 0, "num_partial_branches": 0, "covered_branches": 0, "missing_branches": 0, "percent_branches_covered": 100.0, "percent_branches_covered_display": "100"}, "missing_lines": [485, 486], "excluded_lines": [], "start_line": 482, "executed_branches": [], "missing_branches": []}, "_force_kill_processes": {"executed_lines": [507, 509, 510, 511, 512, 513, 514, 515, 516], "summary": {"covered_lines": 9, "num_statements": 9, "percent_covered": 100.0, "percent_covered_display": "100", "missing_lines": 0, "excluded_lines": 2, "percent_statements_covered": 100.0, "percent_statements_covered_display": "100", "num_branches": 4, "num_partial_branches": 0, "covered_branches": 4, "missing_branches": 0, "percent_branches_covered": 100.0, "percent_branches_covered_display": "100"}, "missing_lines": [], "excluded_lines": [517, 518], "start_line": 505, "executed_branches": [[510, -505], [510, 511], [511, 510], [511, 512]], "missing_branches": []}, "WorkerPool.__post_init__": {"executed_lines": [556, 557, 558, 559], "summary": {"covered_lines": 4, "num_statements": 4, "percent_covered": 100.0, "percent_covered_display": "100", "missing_lines": 0, "excluded_lines": 0, "percent_statements_covered": 100.0, "percent_statements_covered_display": "100", "num_branches": 0, "num_partial_branches": 0, "covered_branches": 0, "missing_branches": 0, "percent_branches_covered": 100.0, "percent_branches_covered_display": "100"}, "missing_lines": [], "excluded_lines": [], "start_line": 555, "executed_branches": [], "missing_branches": []}, "WorkerPool.spawn": {"executed_lines": [575, 576, 577, 578, 579, 580, 581, 582, 583, 584], "summary": {"covered_lines": 10, "num_statements": 10, "percent_covered": 100.0, "percent_covered_display": "100", "missing_lines": 0, "excluded_lines": 0, "percent_statements_covered": 100.0, "percent_statements_covered_display": "100", "num_branches": 4, "num_partial_branches": 0, "covered_branches": 4, "missing_branches": 0, "percent_branches_covered": 100.0, "percent_branches_covered_display": "100"}, "missing_lines": [], "excluded_lines": [], "start_line": 567, "executed_branches": [[575, 576], [575, 577], [579, 580], [579, 581]], "missing_branches": []}, "WorkerPool.shutdown": {"executed_lines": [594, 595, 596, 597, 598, 599, 600], "summary": {"covered_lines": 7, "num_statements": 7, "percent_covered": 100.0, "percent_covered_display": "100", "missing_lines": 0, "excluded_lines": 0, "percent_statements_covered": 100.0, "percent_statements_covered_display": "100", "num_branches": 2, "num_partial_branches": 0, "covered_branches": 2, "missing_branches": 0, "percent_branches_covered": 100.0, "percent_branches_covered_display": "100"}, "missing_lines": [], "excluded_lines": [], "start_line": 586, "executed_branches": [[594, 595], [594, 596]], "missing_branches": []}, "WorkerPool.submit_solve": {"executed_lines": [625, 626, 629, 634, 636, 637, 660, 663, 664, 665, 668, 669, 670, 673, 675, 678, 679, 680, 682, 683, 685], "summary": {"covered_lines": 21, "num_statements": 32, "percent_covered": 67.5, "percent_covered_display": "68", "missing_lines": 11, "excluded_lines": 0, "percent_statements_covered": 65.625, "percent_statements_covered_display": "66", "num_branches": 8, "num_partial_branches": 2, "covered_branches": 6, "missing_branches": 2, "percent_branches_covered": 75.0, "percent_branches_covered_display": "75"}, "missing_lines": [630, 640, 648, 649, 650, 651, 652, 653, 657, 666, 667], "excluded_lines": [], "start_line": 604, "executed_branches": [[625, 626], [625, 629], [629, 634], [637, 660], [682, 683], [682, 685]], "missing_branches": [[629, 630], [637, 640]]}, "WorkerPool._make_executor": {"executed_lines": [690, 691, 692, 693, 695, 696, 697], "summary": {"covered_lines": 7, "num_statements": 7, "percent_covered": 100.0, "percent_covered_display": "100", "missing_lines": 0, "excluded_lines": 0, "percent_statements_covered": 100.0, "percent_statements_covered_display": "100", "num_branches": 4, "num_partial_branches": 0, "covered_branches": 4, "missing_branches": 0, "percent_branches_covered": 100.0, "percent_branches_covered_display": "100"}, "missing_lines": [], "excluded_lines": [], "start_line": 689, "executed_branches": [[690, 691], [690, 692], [692, 693], [692, 697]], "missing_branches": []}, "WorkerPool._run_warmup": {"executed_lines": [701, 702, 703, 704, 705, 706], "summary": {"covered_lines": 6, "num_statements": 6, "percent_covered": 100.0, "percent_covered_display": "100", "missing_lines": 0, "excluded_lines": 0, "percent_statements_covered": 100.0, "percent_statements_covered_display": "100", "num_branches": 2, "num_partial_branches": 0, "covered_branches": 2, "missing_branches": 0, "percent_branches_covered": 100.0, "percent_branches_covered_display": "100"}, "missing_lines": [], "excluded_lines": [], "start_line": 699, "executed_branches": [[702, -699], [702, 703]], "missing_branches": []}, "WorkerPool._recycle": {"executed_lines": [714, 719, 720, 721, 722, 723, 724, 725, 726, 727, 728, 729, 731, 732, 735], "summary": {"covered_lines": 15, "num_statements": 15, "percent_covered": 100.0, "percent_covered_display": "100", "missing_lines": 0, "excluded_lines": 0, "percent_statements_covered": 100.0, "percent_statements_covered_display": "100", "num_branches": 4, "num_partial_branches": 0, "covered_branches": 4, "missing_branches": 0, "percent_branches_covered": 100.0, "percent_branches_covered_display": "100"}, "missing_lines": [], "excluded_lines": [], "start_line": 708, "executed_branches": [[720, 721], [720, 722], [725, 726], [725, 727]], "missing_branches": []}, "WorkerPool._dict_to_decision": {"executed_lines": [745, 747], "summary": {"covered_lines": 2, "num_statements": 2, "percent_covered": 100.0, "percent_covered_display": "100", "missing_lines": 0, "excluded_lines": 0, "percent_statements_covered": 100.0, "percent_statements_covered_display": "100", "num_branches": 0, "num_partial_branches": 0, "covered_branches": 0, "missing_branches": 0, "percent_branches_covered": 100.0, "percent_branches_covered_display": "100"}, "missing_lines": [], "excluded_lines": [], "start_line": 743, "executed_branches": [], "missing_branches": []}, "WorkerPool.executor": {"executed_lines": [761], "summary": {"covered_lines": 1, "num_statements": 1, "percent_covered": 100.0, "percent_covered_display": "100", "missing_lines": 0, "excluded_lines": 0, "percent_statements_covered": 100.0, "percent_statements_covered_display": "100", "num_branches": 0, "num_partial_branches": 0, "covered_branches": 0, "missing_branches": 0, "percent_branches_covered": 100.0, "percent_branches_covered_display": "100"}, "missing_lines": [], "excluded_lines": [], "start_line": 759, "executed_branches": [], "missing_branches": []}, "": {"executed_lines": [34, 36, 37, 38, 39, 40, 41, 42, 43, 44, 45, 46, 48, 49, 56, 58, 61, 67, 83, 85, 109, 110, 113, 114, 117, 133, 144, 155, 182, 185, 187, 190, 191, 195, 198, 200, 206, 212, 264, 358, 406, 444, 471, 505, 524, 525, 541, 542, 543, 544, 545, 546, 547, 550, 551, 552, 553, 555, 567, 586, 604, 689, 699, 708, 742, 743, 758, 759], "summary": {"covered_lines": 68, "num_statements": 68, "percent_covered": 100.0, "percent_covered_display": "100", "missing_lines": 0, "excluded_lines": 3, "percent_statements_covered": 100.0, "percent_statements_covered_display": "100", "num_branches": 0, "num_partial_branches": 0, "covered_branches": 0, "missing_branches": 0, "percent_branches_covered": 100.0, "percent_branches_covered_display": "100"}, "missing_lines": [], "excluded_lines": [51, 52, 54], "start_line": 1, "executed_branches": [], "missing_branches": []}}, "classes": {"AdaptiveConcurrencyLimiter": {"executed_lines": [91, 93, 94, 99, 104, 105, 106, 107, 111, 115, 124, 125, 126, 127, 128, 129, 130, 131, 135, 136, 137, 138, 140, 141, 146, 147, 148, 150, 151, 152, 153, 157, 158, 159, 160, 161], "summary": {"covered_lines": 36, "num_statements": 37, "percent_covered": 95.74468085106383, "percent_covered_display": "96", "missing_lines": 1, "excluded_lines": 0, "percent_statements_covered": 97.29729729729729, "percent_statements_covered_display": "97", "num_branches": 10, "num_partial_branches": 1, "covered_branches": 9, "missing_branches": 1, "percent_branches_covered": 90.0, "percent_branches_covered_display": "90"}, "missing_lines": [142], "excluded_lines": [], "start_line": 67, "executed_branches": [[127, 128], [127, 131], [141, -133], [147, 148], [147, 150], [151, 152], [151, 153], [157, 158], [157, 159]], "missing_branches": [[141, 142]]}, "_EphemeralKey": {"executed_lines": [188, 193, 196, 201], "summary": {"covered_lines": 4, "num_statements": 4, "percent_covered": 100.0, "percent_covered_display": "100", "missing_lines": 0, "excluded_lines": 0, "percent_statements_covered": 100.0, "percent_statements_covered_display": "100", "num_branches": 0, "num_partial_branches": 0, "covered_branches": 0, "missing_branches": 0, "percent_branches_covered": 100.0, "percent_branches_covered_display": "100"}, "missing_lines": [], "excluded_lines": [], "start_line": 182, "executed_branches": [], "missing_branches": []}, "WorkerPool": {"executed_lines": [556, 557, 558, 559, 575, 576, 577, 578, 579, 580, 581, 582, 583, 584, 594, 595, 596, 597, 598, 599, 600, 625, 626, 629, 634, 636, 637, 660, 663, 664, 665, 668, 669, 670, 673, 675, 678, 679, 680, 682, 683, 685, 690, 691, 692, 693, 695, 696, 697, 701, 702, 703, 704, 705, 706, 714, 719, 720, 721, 722, 723, 724, 725, 726, 727, 728, 729, 731, 732, 735, 745, 747, 761], "summary": {"covered_lines": 73, "num_statements": 84, "percent_covered": 87.96296296296296, "percent_covered_display": "88", "missing_lines": 11, "excluded_lines": 0, "percent_statements_covered": 86.9047619047619, "percent_statements_covered_display": "87", "num_branches": 24, "num_partial_branches": 2, "covered_branches": 22, "missing_branches": 2, "percent_branches_covered": 91.66666666666667, "percent_branches_covered_display": "92"}, "missing_lines": [630, 640, 648, 649, 650, 651, 652, 653, 657, 666, 667], "excluded_lines": [], "start_line": 525, "executed_branches": [[575, 576], [575, 577], [579, 580], [579, 581], [594, 595], [594, 596], [625, 626], [625, 629], [629, 634], [637, 660], [682, 683], [682, 685], [690, 691], [690, 692], [692, 693], [692, 697], [702, -699], [702, 703], [720, 721], [720, 722], [725, 726], [725, 727]], "missing_branches": [[629, 630], [637, 640]]}, "": {"executed_lines": [34, 36, 37, 38, 39, 40, 41, 42, 43, 44, 45, 46, 48, 49, 56, 58, 61, 67, 83, 85, 109, 110, 113, 114, 117, 133, 144, 155, 182, 185, 187, 190, 191, 195, 198, 200, 206, 212, 223, 224, 225, 230, 231, 232, 264, 274, 276, 280, 281, 283, 284, 286, 287, 288, 289, 290, 293, 294, 295, 296, 297, 298, 301, 302, 303, 304, 305, 306, 309, 310, 311, 312, 313, 314, 315, 318, 319, 320, 321, 322, 323, 324, 327, 328, 329, 330, 331, 332, 335, 336, 337, 338, 339, 340, 343, 344, 345, 346, 347, 348, 349, 350, 355, 358, 380, 381, 382, 384, 385, 386, 387, 388, 389, 390, 391, 396, 397, 398, 399, 400, 401, 406, 438, 439, 440, 441, 444, 460, 461, 462, 463, 467, 468, 471, 480, 482, 483, 484, 488, 490, 491, 492, 494, 495, 501, 502, 505, 507, 509, 510, 511, 512, 513, 514, 515, 516, 524, 525, 541, 542, 543, 544, 545, 546, 547, 550, 551, 552, 553, 555, 567, 586, 604, 689, 699, 708, 742, 743, 758, 759], "summary": {"covered_lines": 180, "num_statements": 182, "percent_covered": 98.96907216494846, "percent_covered_display": "99", "missing_lines": 2, "excluded_lines": 33, "percent_statements_covered": 98.9010989010989, "percent_statements_covered_display": "99", "num_branches": 12, "num_partial_branches": 0, "covered_branches": 12, "missing_branches": 0, "percent_branches_covered": 100.0, "percent_branches_covered_display": "100"}, "missing_lines": [485, 486], "excluded_lines": [51, 52, 54, 213, 227, 228, 233, 235, 236, 237, 239, 240, 243, 244, 246, 247, 248, 249, 250, 251, 252, 254, 255, 256, 257, 258, 259, 260, 261, 352, 353, 517, 518], "start_line": 1, "executed_branches": [[387, 388], [387, 389], [462, 463], [462, 467], [494, -471], [494, 495], [501, -471], [501, 502], [510, -505], [510, 511], [511, 510], [511, 512]], "missing_branches": []}}}}, "totals": {"covered_lines": 2861, "num_statements": 2982, "percent_covered": 95.25977504017139, "percent_covered_display": "95", "missing_lines": 121, "excluded_lines": 258, "percent_statements_covered": 95.94232059020791, "percent_statements_covered_display": "96", "num_branches": 752, "num_partial_branches": 40, "covered_branches": 696, "missing_branches": 56, "percent_branches_covered": 92.55319148936171, "percent_branches_covered_display": "93"}}