{"meta": {"format": 3, "version": "7.13.4", "timestamp": "2026-05-05T04:54:43.675586", "branch_coverage": true, "show_contexts": false}, "files": {"src\\pramanix\\__init__.py": {"executed_lines": [10, 16, 40, 47, 56, 63, 64, 65, 66, 95, 104, 114, 115, 116, 117, 118, 119, 120, 121, 128, 129, 137, 138, 139, 140, 141, 142, 143, 144, 145, 151, 158, 163, 164, 172, 173, 180, 181, 182, 183, 184, 186], "summary": {"covered_lines": 42, "num_statements": 42, "percent_covered": 100.0, "percent_covered_display": "100", "missing_lines": 0, "excluded_lines": 0, "percent_statements_covered": 100.0, "percent_statements_covered_display": "100", "num_branches": 0, "num_partial_branches": 0, "covered_branches": 0, "missing_branches": 0, "percent_branches_covered": 100.0, "percent_branches_covered_display": "100"}, "missing_lines": [], "excluded_lines": [], "executed_branches": [], "missing_branches": [], "functions": {"": {"executed_lines": [10, 16, 40, 47, 56, 63, 64, 65, 66, 95, 104, 114, 115, 116, 117, 118, 119, 120, 121, 128, 129, 137, 138, 139, 140, 141, 142, 143, 144, 145, 151, 158, 163, 164, 172, 173, 180, 181, 182, 183, 184, 186], "summary": {"covered_lines": 42, "num_statements": 42, "percent_covered": 100.0, "percent_covered_display": "100", "missing_lines": 0, "excluded_lines": 0, "percent_statements_covered": 100.0, "percent_statements_covered_display": "100", "num_branches": 0, "num_partial_branches": 0, "covered_branches": 0, "missing_branches": 0, "percent_branches_covered": 100.0, "percent_branches_covered_display": "100"}, "missing_lines": [], "excluded_lines": [], "start_line": 1, "executed_branches": [], "missing_branches": []}}, "classes": {"": {"executed_lines": [10, 16, 40, 47, 56, 63, 64, 65, 66, 95, 104, 114, 115, 116, 117, 118, 119, 120, 121, 128, 129, 137, 138, 139, 140, 141, 142, 143, 144, 145, 151, 158, 163, 164, 172, 173, 180, 181, 182, 183, 184, 186], "summary": {"covered_lines": 42, "num_statements": 42, "percent_covered": 100.0, "percent_covered_display": "100", "missing_lines": 0, "excluded_lines": 0, "percent_statements_covered": 100.0, "percent_statements_covered_display": "100", "num_branches": 0, "num_partial_branches": 0, "covered_branches": 0, "missing_branches": 0, "percent_branches_covered": 100.0, "percent_branches_covered_display": "100"}, "missing_lines": [], "excluded_lines": [], "start_line": 1, "executed_branches": [], "missing_branches": []}}}, "src\\pramanix\\_platform.py": {"executed_lines": [9, 11, 14, 27, 29, 30, 32, 33, 35, 36, 38, 39, 40, 42, 45, 47, 48, 49, 51, 62, 68, 70, 71, 72], "summary": {"covered_lines": 24, "num_statements": 24, "percent_covered": 100.0, "percent_covered_display": "100", "missing_lines": 0, "excluded_lines": 0, "percent_statements_covered": 100.0, "percent_statements_covered_display": "100", "num_branches": 8, "num_partial_branches": 0, "covered_branches": 8, "missing_branches": 0, "percent_branches_covered": 100.0, "percent_branches_covered_display": "100"}, "missing_lines": [], "excluded_lines": [], "executed_branches": [[29, 30], [29, 32], [32, 33], [32, 35], [48, -45], [48, 49], [70, 71], [70, 72]], "missing_branches": [], "functions": {"is_musl": {"executed_lines": [27, 29, 30, 32, 33, 35, 36, 38, 39, 40, 42], "summary": {"covered_lines": 11, "num_statements": 11, "percent_covered": 100.0, "percent_covered_display": "100", "missing_lines": 0, "excluded_lines": 0, "percent_statements_covered": 100.0, "percent_statements_covered_display": "100", "num_branches": 4, "num_partial_branches": 0, "covered_branches": 4, "missing_branches": 0, "percent_branches_covered": 100.0, "percent_branches_covered_display": "100"}, "missing_lines": [], "excluded_lines": [], "start_line": 14, "executed_branches": [[29, 30], [29, 32], [32, 33], [32, 35]], "missing_branches": []}, "_check_musl": {"executed_lines": [47, 48, 49, 51], "summary": {"covered_lines": 4, "num_statements": 4, "percent_covered": 100.0, "percent_covered_display": "100", "missing_lines": 0, "excluded_lines": 0, "percent_statements_covered": 100.0, "percent_statements_covered_display": "100", "num_branches": 2, "num_partial_branches": 0, "covered_branches": 2, "missing_branches": 0, "percent_branches_covered": 100.0, "percent_branches_covered_display": "100"}, "missing_lines": [], "excluded_lines": [], "start_line": 45, "executed_branches": [[48, -45], [48, 49]], "missing_branches": []}, "check_platform": {"executed_lines": [68, 70, 71, 72], "summary": {"covered_lines": 4, "num_statements": 4, "percent_covered": 100.0, "percent_covered_display": "100", "missing_lines": 0, "excluded_lines": 0, "percent_statements_covered": 100.0, "percent_statements_covered_display": "100", "num_branches": 2, "num_partial_branches": 0, "covered_branches": 2, "missing_branches": 0, "percent_branches_covered": 100.0, "percent_branches_covered_display": "100"}, "missing_lines": [], "excluded_lines": [], "start_line": 62, "executed_branches": [[70, 71], [70, 72]], "missing_branches": []}, "": {"executed_lines": [9, 11, 14, 45, 62], "summary": {"covered_lines": 5, "num_statements": 5, "percent_covered": 100.0, "percent_covered_display": "100", "missing_lines": 0, "excluded_lines": 0, "percent_statements_covered": 100.0, "percent_statements_covered_display": "100", "num_branches": 0, "num_partial_branches": 0, "covered_branches": 0, "missing_branches": 0, "percent_branches_covered": 100.0, "percent_branches_covered_display": "100"}, "missing_lines": [], "excluded_lines": [], "start_line": 1, "executed_branches": [], "missing_branches": []}}, "classes": {"": {"executed_lines": [9, 11, 14, 27, 29, 30, 32, 33, 35, 36, 38, 39, 40, 42, 45, 47, 48, 49, 51, 62, 68, 70, 71, 72], "summary": {"covered_lines": 24, "num_statements": 24, "percent_covered": 100.0, "percent_covered_display": "100", "missing_lines": 0, "excluded_lines": 0, "percent_statements_covered": 100.0, "percent_statements_covered_display": "100", "num_branches": 8, "num_partial_branches": 0, "covered_branches": 8, "missing_branches": 0, "percent_branches_covered": 100.0, "percent_branches_covered_display": "100"}, "missing_lines": [], "excluded_lines": [], "start_line": 1, "executed_branches": [[29, 30], [29, 32], [32, 33], [32, 35], [48, -45], [48, 49], [70, 71], [70, 72]], "missing_branches": []}}}, "src\\pramanix\\audit\\__init__.py": {"executed_lines": [8, 9, 10, 11, 13], "summary": {"covered_lines": 5, "num_statements": 5, "percent_covered": 100.0, "percent_covered_display": "100", "missing_lines": 0, "excluded_lines": 0, "percent_statements_covered": 100.0, "percent_statements_covered_display": "100", "num_branches": 0, "num_partial_branches": 0, "covered_branches": 0, "missing_branches": 0, "percent_branches_covered": 100.0, "percent_branches_covered_display": "100"}, "missing_lines": [], "excluded_lines": [], "executed_branches": [], "missing_branches": [], "functions": {"": {"executed_lines": [8, 9, 10, 11, 13], "summary": {"covered_lines": 5, "num_statements": 5, "percent_covered": 100.0, "percent_covered_display": "100", "missing_lines": 0, "excluded_lines": 0, "percent_statements_covered": 100.0, "percent_statements_covered_display": "100", "num_branches": 0, "num_partial_branches": 0, "covered_branches": 0, "missing_branches": 0, "percent_branches_covered": 100.0, "percent_branches_covered_display": "100"}, "missing_lines": [], "excluded_lines": [], "start_line": 1, "executed_branches": [], "missing_branches": []}}, "classes": {"": {"executed_lines": [8, 9, 10, 11, 13], "summary": {"covered_lines": 5, "num_statements": 5, "percent_covered": 100.0, "percent_covered_display": "100", "missing_lines": 0, "excluded_lines": 0, "percent_statements_covered": 100.0, "percent_statements_covered_display": "100", "num_branches": 0, "num_partial_branches": 0, "covered_branches": 0, "missing_branches": 0, "percent_branches_covered": 100.0, "percent_branches_covered_display": "100"}, "missing_lines": [], "excluded_lines": [], "start_line": 1, "executed_branches": [], "missing_branches": []}}}, "src\\pramanix\\audit\\archiver.py": {"executed_lines": [36, 38, 39, 40, 41, 42, 43, 44, 45, 46, 48, 51, 52, 53, 54, 55, 58, 59, 62, 63, 64, 65, 68, 93, 94, 96, 102, 103, 108, 118, 119, 128, 141, 142, 143, 145, 146, 147, 149, 154, 155, 156, 158, 163, 165, 167, 169, 171, 172, 173, 175, 177, 179, 180, 192, 193, 194, 196, 197, 199, 200, 201, 202, 203, 204, 205, 206, 207, 208, 209, 210, 211, 212, 213, 214, 216, 217, 219, 220, 221, 223, 224, 225, 229, 231, 233, 236, 237, 238, 240, 243, 244, 246, 247, 250, 262, 263, 274, 279, 282, 283, 284, 285, 286, 287, 288, 289, 290, 293, 294, 297, 298, 300, 305, 307, 315, 317, 318, 319, 320, 321, 322, 328], "summary": {"covered_lines": 123, "num_statements": 126, "percent_covered": 96.83544303797468, "percent_covered_display": "97", "missing_lines": 3, "excluded_lines": 1, "percent_statements_covered": 97.61904761904762, "percent_statements_covered_display": "98", "num_branches": 32, "num_partial_branches": 2, "covered_branches": 30, "missing_branches": 2, "percent_branches_covered": 93.75, "percent_branches_covered_display": "94"}, "missing_lines": [241, 291, 292], "excluded_lines": [3], "executed_branches": [[145, 146], [145, 147], [154, 155], [154, 156], [171, 172], [171, 173], [193, 194], [193, 196], [199, 200], [199, 216], [201, 202], [201, 203], [208, 209], [208, 210], [210, 211], [212, 213], [212, 214], [216, 217], [216, 219], [220, 221], [220, 223], [236, 237], [236, 240], [240, 243], [262, 263], [262, 274], [318, 319], [318, 328], [319, 320], [319, 322]], "missing_branches": [[210, 199], [240, 241]], "functions": {"MerkleArchiver.__init__": {"executed_lines": [102, 103, 108, 118, 119], "summary": {"covered_lines": 5, "num_statements": 5, "percent_covered": 100.0, "percent_covered_display": "100", "missing_lines": 0, "excluded_lines": 0, "percent_statements_covered": 100.0, "percent_statements_covered_display": "100", "num_branches": 0, "num_partial_branches": 0, "covered_branches": 0, "missing_branches": 0, "percent_branches_covered": 100.0, "percent_branches_covered_display": "100"}, "missing_lines": [], "excluded_lines": [], "start_line": 96, "executed_branches": [], "missing_branches": []}, "MerkleArchiver.add": {"executed_lines": [141, 142, 143, 145, 146, 147], "summary": {"covered_lines": 6, "num_statements": 6, "percent_covered": 100.0, "percent_covered_display": "100", "missing_lines": 0, "excluded_lines": 0, "percent_statements_covered": 100.0, "percent_statements_covered_display": "100", "num_branches": 2, "num_partial_branches": 0, "covered_branches": 2, "missing_branches": 0, "percent_branches_covered": 100.0, "percent_branches_covered_display": "100"}, "missing_lines": [], "excluded_lines": [], "start_line": 128, "executed_branches": [[145, 146], [145, 147]], "missing_branches": []}, "MerkleArchiver.archive": {"executed_lines": [154, 155, 156], "summary": {"covered_lines": 3, "num_statements": 3, "percent_covered": 100.0, "percent_covered_display": "100", "missing_lines": 0, "excluded_lines": 0, "percent_statements_covered": 100.0, "percent_statements_covered_display": "100", "num_branches": 2, "num_partial_branches": 0, "covered_branches": 2, "missing_branches": 0, "percent_branches_covered": 100.0, "percent_branches_covered_display": "100"}, "missing_lines": [], "excluded_lines": [], "start_line": 149, "executed_branches": [[154, 155], [154, 156]], "missing_branches": []}, "MerkleArchiver.flush_archive": {"executed_lines": [163], "summary": {"covered_lines": 1, "num_statements": 1, "percent_covered": 100.0, "percent_covered_display": "100", "missing_lines": 0, "excluded_lines": 0, "percent_statements_covered": 100.0, "percent_statements_covered_display": "100", "num_branches": 0, "num_partial_branches": 0, "covered_branches": 0, "missing_branches": 0, "percent_branches_covered": 100.0, "percent_branches_covered_display": "100"}, "missing_lines": [], "excluded_lines": [], "start_line": 158, "executed_branches": [], "missing_branches": []}, "MerkleArchiver.active_count": {"executed_lines": [167], "summary": {"covered_lines": 1, "num_statements": 1, "percent_covered": 100.0, "percent_covered_display": "100", "missing_lines": 0, "excluded_lines": 0, "percent_statements_covered": 100.0, "percent_statements_covered_display": "100", "num_branches": 0, "num_partial_branches": 0, "covered_branches": 0, "missing_branches": 0, "percent_branches_covered": 100.0, "percent_branches_covered_display": "100"}, "missing_lines": [], "excluded_lines": [], "start_line": 165, "executed_branches": [], "missing_branches": []}, "MerkleArchiver.root": {"executed_lines": [171, 172, 173], "summary": {"covered_lines": 3, "num_statements": 3, "percent_covered": 100.0, "percent_covered_display": "100", "missing_lines": 0, "excluded_lines": 0, "percent_statements_covered": 100.0, "percent_statements_covered_display": "100", "num_branches": 2, "num_partial_branches": 0, "covered_branches": 2, "missing_branches": 0, "percent_branches_covered": 100.0, "percent_branches_covered_display": "100"}, "missing_lines": [], "excluded_lines": [], "start_line": 169, "executed_branches": [[171, 172], [171, 173]], "missing_branches": []}, "MerkleArchiver.active_leaves": {"executed_lines": [177], "summary": {"covered_lines": 1, "num_statements": 1, "percent_covered": 100.0, "percent_covered_display": "100", "missing_lines": 0, "excluded_lines": 0, "percent_statements_covered": 100.0, "percent_statements_covered_display": "100", "num_branches": 0, "num_partial_branches": 0, "covered_branches": 0, "missing_branches": 0, "percent_branches_covered": 100.0, "percent_branches_covered_display": "100"}, "missing_lines": [], "excluded_lines": [], "start_line": 175, "executed_branches": [], "missing_branches": []}, "MerkleArchiver.verify_archive": {"executed_lines": [192, 193, 194, 196, 197, 199, 200, 201, 202, 203, 204, 205, 206, 207, 208, 209, 210, 211, 212, 213, 214, 216, 217, 219, 220, 221, 223, 224, 225], "summary": {"covered_lines": 29, "num_statements": 29, "percent_covered": 97.77777777777777, "percent_covered_display": "98", "missing_lines": 0, "excluded_lines": 0, "percent_statements_covered": 100.0, "percent_statements_covered_display": "100", "num_branches": 16, "num_partial_branches": 1, "covered_branches": 15, "missing_branches": 1, "percent_branches_covered": 93.75, "percent_branches_covered_display": "94"}, "missing_lines": [], "excluded_lines": [], "start_line": 180, "executed_branches": [[193, 194], [193, 196], [199, 200], [199, 216], [201, 202], [201, 203], [208, 209], [208, 210], [210, 211], [212, 213], [212, 214], [216, 217], [216, 219], [220, 221], [220, 223]], "missing_branches": [[210, 199]]}, "MerkleArchiver._archive_segment": {"executed_lines": [231, 233, 236, 237, 238, 240, 243, 244, 246, 247, 250, 262, 263, 274, 279, 282, 283, 284, 285, 286, 287, 288, 289, 290, 293, 294, 297, 298, 300, 305, 307], "summary": {"covered_lines": 31, "num_statements": 34, "percent_covered": 90.0, "percent_covered_display": "90", "missing_lines": 3, "excluded_lines": 0, "percent_statements_covered": 91.17647058823529, "percent_statements_covered_display": "91", "num_branches": 6, "num_partial_branches": 1, "covered_branches": 5, "missing_branches": 1, "percent_branches_covered": 83.33333333333333, "percent_branches_covered_display": "83"}, "missing_lines": [241, 291, 292], "excluded_lines": [], "start_line": 229, "executed_branches": [[236, 237], [236, 240], [240, 243], [262, 263], [262, 274]], "missing_branches": [[240, 241]]}, "_build_root": {"executed_lines": [317, 318, 319, 320, 321, 322, 328], "summary": {"covered_lines": 7, "num_statements": 7, "percent_covered": 100.0, "percent_covered_display": "100", "missing_lines": 0, "excluded_lines": 0, "percent_statements_covered": 100.0, "percent_statements_covered_display": "100", "num_branches": 4, "num_partial_branches": 0, "covered_branches": 4, "missing_branches": 0, "percent_branches_covered": 100.0, "percent_branches_covered_display": "100"}, "missing_lines": [], "excluded_lines": [], "start_line": 315, "executed_branches": [[318, 319], [318, 328], [319, 320], [319, 322]], "missing_branches": []}, "": {"executed_lines": [36, 38, 39, 40, 41, 42, 43, 44, 45, 46, 48, 51, 52, 53, 54, 55, 58, 59, 62, 63, 64, 65, 68, 93, 94, 96, 128, 149, 158, 165, 169, 175, 179, 180, 229, 315], "summary": {"covered_lines": 36, "num_statements": 36, "percent_covered": 100.0, "percent_covered_display": "100", "missing_lines": 0, "excluded_lines": 1, "percent_statements_covered": 100.0, "percent_statements_covered_display": "100", "num_branches": 0, "num_partial_branches": 0, "covered_branches": 0, "missing_branches": 0, "percent_branches_covered": 100.0, "percent_branches_covered_display": "100"}, "missing_lines": [], "excluded_lines": [3], "start_line": 1, "executed_branches": [], "missing_branches": []}}, "classes": {"_Leaf": {"executed_lines": [], "summary": {"covered_lines": 0, "num_statements": 0, "percent_covered": 100.0, "percent_covered_display": "100", "missing_lines": 0, "excluded_lines": 0, "percent_statements_covered": 100.0, "percent_statements_covered_display": "100", "num_branches": 0, "num_partial_branches": 0, "covered_branches": 0, "missing_branches": 0, "percent_branches_covered": 100.0, "percent_branches_covered_display": "100"}, "missing_lines": [], "excluded_lines": [], "start_line": 52, "executed_branches": [], "missing_branches": []}, "ArchiveResult": {"executed_lines": [], "summary": {"covered_lines": 0, "num_statements": 0, "percent_covered": 100.0, "percent_covered_display": "100", "missing_lines": 0, "excluded_lines": 0, "percent_statements_covered": 100.0, "percent_statements_covered_display": "100", "num_branches": 0, "num_partial_branches": 0, "covered_branches": 0, "missing_branches": 0, "percent_branches_covered": 100.0, "percent_branches_covered_display": "100"}, "missing_lines": [], "excluded_lines": [], "start_line": 59, "executed_branches": [], "missing_branches": []}, "MerkleArchiver": {"executed_lines": [102, 103, 108, 118, 119, 141, 142, 143, 145, 146, 147, 154, 155, 156, 163, 167, 171, 172, 173, 177, 192, 193, 194, 196, 197, 199, 200, 201, 202, 203, 204, 205, 206, 207, 208, 209, 210, 211, 212, 213, 214, 216, 217, 219, 220, 221, 223, 224, 225, 231, 233, 236, 237, 238, 240, 243, 244, 246, 247, 250, 262, 263, 274, 279, 282, 283, 284, 285, 286, 287, 288, 289, 290, 293, 294, 297, 298, 300, 305, 307], "summary": {"covered_lines": 80, "num_statements": 83, "percent_covered": 95.49549549549549, "percent_covered_display": "95", "missing_lines": 3, "excluded_lines": 0, "percent_statements_covered": 96.3855421686747, "percent_statements_covered_display": "96", "num_branches": 28, "num_partial_branches": 2, "covered_branches": 26, "missing_branches": 2, "percent_branches_covered": 92.85714285714286, "percent_branches_covered_display": "93"}, "missing_lines": [241, 291, 292], "excluded_lines": [], "start_line": 68, "executed_branches": [[145, 146], [145, 147], [154, 155], [154, 156], [171, 172], [171, 173], [193, 194], [193, 196], [199, 200], [199, 216], [201, 202], [201, 203], [208, 209], [208, 210], [210, 211], [212, 213], [212, 214], [216, 217], [216, 219], [220, 221], [220, 223], [236, 237], [236, 240], [240, 243], [262, 263], [262, 274]], "missing_branches": [[210, 199], [240, 241]]}, "": {"executed_lines": [36, 38, 39, 40, 41, 42, 43, 44, 45, 46, 48, 51, 52, 53, 54, 55, 58, 59, 62, 63, 64, 65, 68, 93, 94, 96, 128, 149, 158, 165, 169, 175, 179, 180, 229, 315, 317, 318, 319, 320, 321, 322, 328], "summary": {"covered_lines": 43, "num_statements": 43, "percent_covered": 100.0, "percent_covered_display": "100", "missing_lines": 0, "excluded_lines": 1, "percent_statements_covered": 100.0, "percent_statements_covered_display": "100", "num_branches": 4, "num_partial_branches": 0, "covered_branches": 4, "missing_branches": 0, "percent_branches_covered": 100.0, "percent_branches_covered_display": "100"}, "missing_lines": [], "excluded_lines": [3], "start_line": 1, "executed_branches": [[318, 319], [318, 328], [319, 320], [319, 322]], "missing_branches": []}}}, "src\\pramanix\\audit\\merkle.py": {"executed_lines": [40, 42, 43, 44, 50, 51, 54, 55, 56, 58, 60, 61, 62, 64, 65, 68, 78, 79, 80, 82, 84, 85, 89, 94, 95, 97, 99, 100, 101, 103, 106, 107, 108, 109, 110, 112, 113, 114, 116, 117, 120, 121, 122, 123, 125, 126, 132, 133, 135, 141, 145, 146, 147, 148, 149, 150, 156, 159, 201, 206, 207, 208, 209, 210, 211, 213, 215, 216, 217, 218, 219, 221, 227, 228, 229, 230, 232, 233, 234, 235], "summary": {"covered_lines": 80, "num_statements": 80, "percent_covered": 100.0, "percent_covered_display": "100", "missing_lines": 0, "excluded_lines": 2, "percent_statements_covered": 100.0, "percent_statements_covered_display": "100", "num_branches": 24, "num_partial_branches": 0, "covered_branches": 24, "missing_branches": 0, "percent_branches_covered": 100.0, "percent_branches_covered_display": "100"}, "missing_lines": [], "excluded_lines": [46, 47], "executed_branches": [[61, 62], [61, 65], [84, 85], [84, 89], [99, 100], [99, 101], [116, 117], [116, 135], [117, 120], [117, 122], [122, 123], [122, 125], [146, 147], [146, 156], [147, 148], [147, 150], [207, 208], [207, 209], [217, -213], [217, 218], [228, -221], [228, 229], [234, -232], [234, 235]], "missing_branches": [], "functions": {"MerkleProof.verify": {"executed_lines": [60, 61, 62, 64, 65], "summary": {"covered_lines": 5, "num_statements": 5, "percent_covered": 100.0, "percent_covered_display": "100", "missing_lines": 0, "excluded_lines": 0, "percent_statements_covered": 100.0, "percent_statements_covered_display": "100", "num_branches": 2, "num_partial_branches": 0, "covered_branches": 2, "missing_branches": 0, "percent_branches_covered": 100.0, "percent_branches_covered_display": "100"}, "missing_lines": [], "excluded_lines": [], "start_line": 58, "executed_branches": [[61, 62], [61, 65]], "missing_branches": []}, "MerkleAnchor.__init__": {"executed_lines": [79, 80], "summary": {"covered_lines": 2, "num_statements": 2, "percent_covered": 100.0, "percent_covered_display": "100", "missing_lines": 0, "excluded_lines": 0, "percent_statements_covered": 100.0, "percent_statements_covered_display": "100", "num_branches": 0, "num_partial_branches": 0, "covered_branches": 0, "missing_branches": 0, "percent_branches_covered": 100.0, "percent_branches_covered_display": "100"}, "missing_lines": [], "excluded_lines": [], "start_line": 78, "executed_branches": [], "missing_branches": []}, "MerkleAnchor.add": {"executed_lines": [84, 85, 89, 94, 95], "summary": {"covered_lines": 5, "num_statements": 5, "percent_covered": 100.0, "percent_covered_display": "100", "missing_lines": 0, "excluded_lines": 0, "percent_statements_covered": 100.0, "percent_statements_covered_display": "100", "num_branches": 2, "num_partial_branches": 0, "covered_branches": 2, "missing_branches": 0, "percent_branches_covered": 100.0, "percent_branches_covered_display": "100"}, "missing_lines": [], "excluded_lines": [], "start_line": 82, "executed_branches": [[84, 85], [84, 89]], "missing_branches": []}, "MerkleAnchor.root": {"executed_lines": [99, 100, 101], "summary": {"covered_lines": 3, "num_statements": 3, "percent_covered": 100.0, "percent_covered_display": "100", "missing_lines": 0, "excluded_lines": 0, "percent_statements_covered": 100.0, "percent_statements_covered_display": "100", "num_branches": 2, "num_partial_branches": 0, "covered_branches": 2, "missing_branches": 0, "percent_branches_covered": 100.0, "percent_branches_covered_display": "100"}, "missing_lines": [], "excluded_lines": [], "start_line": 97, "executed_branches": [[99, 100], [99, 101]], "missing_branches": []}, "MerkleAnchor.prove": {"executed_lines": [106, 107, 108, 109, 110, 112, 113, 114, 116, 117, 120, 121, 122, 123, 125, 126, 132, 133, 135], "summary": {"covered_lines": 19, "num_statements": 19, "percent_covered": 100.0, "percent_covered_display": "100", "missing_lines": 0, "excluded_lines": 0, "percent_statements_covered": 100.0, "percent_statements_covered_display": "100", "num_branches": 6, "num_partial_branches": 0, "covered_branches": 6, "missing_branches": 0, "percent_branches_covered": 100.0, "percent_branches_covered_display": "100"}, "missing_lines": [], "excluded_lines": [], "start_line": 103, "executed_branches": [[116, 117], [116, 135], [117, 120], [117, 122], [122, 123], [122, 125]], "missing_branches": []}, "MerkleAnchor._build_root": {"executed_lines": [145, 146, 147, 148, 149, 150, 156], "summary": {"covered_lines": 7, "num_statements": 7, "percent_covered": 100.0, "percent_covered_display": "100", "missing_lines": 0, "excluded_lines": 0, "percent_statements_covered": 100.0, "percent_statements_covered_display": "100", "num_branches": 4, "num_partial_branches": 0, "covered_branches": 4, "missing_branches": 0, "percent_branches_covered": 100.0, "percent_branches_covered_display": "100"}, "missing_lines": [], "excluded_lines": [], "start_line": 141, "executed_branches": [[146, 147], [146, 156], [147, 148], [147, 150]], "missing_branches": []}, "PersistentMerkleAnchor.__init__": {"executed_lines": [206, 207, 208, 209, 210, 211], "summary": {"covered_lines": 6, "num_statements": 6, "percent_covered": 100.0, "percent_covered_display": "100", "missing_lines": 0, "excluded_lines": 0, "percent_statements_covered": 100.0, "percent_statements_covered_display": "100", "num_branches": 2, "num_partial_branches": 0, "covered_branches": 2, "missing_branches": 0, "percent_branches_covered": 100.0, "percent_branches_covered_display": "100"}, "missing_lines": [], "excluded_lines": [], "start_line": 201, "executed_branches": [[207, 208], [207, 209]], "missing_branches": []}, "PersistentMerkleAnchor.add": {"executed_lines": [215, 216, 217, 218, 219], "summary": {"covered_lines": 5, "num_statements": 5, "percent_covered": 100.0, "percent_covered_display": "100", "missing_lines": 0, "excluded_lines": 0, "percent_statements_covered": 100.0, "percent_statements_covered_display": "100", "num_branches": 2, "num_partial_branches": 0, "covered_branches": 2, "missing_branches": 0, "percent_branches_covered": 100.0, "percent_branches_covered_display": "100"}, "missing_lines": [], "excluded_lines": [], "start_line": 213, "executed_branches": [[217, -213], [217, 218]], "missing_branches": []}, "PersistentMerkleAnchor.flush": {"executed_lines": [227, 228, 229, 230], "summary": {"covered_lines": 4, "num_statements": 4, "percent_covered": 100.0, "percent_covered_display": "100", "missing_lines": 0, "excluded_lines": 0, "percent_statements_covered": 100.0, "percent_statements_covered_display": "100", "num_branches": 2, "num_partial_branches": 0, "covered_branches": 2, "missing_branches": 0, "percent_branches_covered": 100.0, "percent_branches_covered_display": "100"}, "missing_lines": [], "excluded_lines": [], "start_line": 221, "executed_branches": [[228, -221], [228, 229]], "missing_branches": []}, "PersistentMerkleAnchor._do_checkpoint": {"executed_lines": [233, 234, 235], "summary": {"covered_lines": 3, "num_statements": 3, "percent_covered": 100.0, "percent_covered_display": "100", "missing_lines": 0, "excluded_lines": 0, "percent_statements_covered": 100.0, "percent_statements_covered_display": "100", "num_branches": 2, "num_partial_branches": 0, "covered_branches": 2, "missing_branches": 0, "percent_branches_covered": 100.0, "percent_branches_covered_display": "100"}, "missing_lines": [], "excluded_lines": [], "start_line": 232, "executed_branches": [[234, -232], [234, 235]], "missing_branches": []}, "": {"executed_lines": [40, 42, 43, 44, 50, 51, 54, 55, 56, 58, 68, 78, 82, 97, 103, 141, 159, 201, 213, 221, 232], "summary": {"covered_lines": 21, "num_statements": 21, "percent_covered": 100.0, "percent_covered_display": "100", "missing_lines": 0, "excluded_lines": 2, "percent_statements_covered": 100.0, "percent_statements_covered_display": "100", "num_branches": 0, "num_partial_branches": 0, "covered_branches": 0, "missing_branches": 0, "percent_branches_covered": 100.0, "percent_branches_covered_display": "100"}, "missing_lines": [], "excluded_lines": [46, 47], "start_line": 1, "executed_branches": [], "missing_branches": []}}, "classes": {"MerkleProof": {"executed_lines": [60, 61, 62, 64, 65], "summary": {"covered_lines": 5, "num_statements": 5, "percent_covered": 100.0, "percent_covered_display": "100", "missing_lines": 0, "excluded_lines": 0, "percent_statements_covered": 100.0, "percent_statements_covered_display": "100", "num_branches": 2, "num_partial_branches": 0, "covered_branches": 2, "missing_branches": 0, "percent_branches_covered": 100.0, "percent_branches_covered_display": "100"}, "missing_lines": [], "excluded_lines": [], "start_line": 51, "executed_branches": [[61, 62], [61, 65]], "missing_branches": []}, "MerkleAnchor": {"executed_lines": [79, 80, 84, 85, 89, 94, 95, 99, 100, 101, 106, 107, 108, 109, 110, 112, 113, 114, 116, 117, 120, 121, 122, 123, 125, 126, 132, 133, 135, 145, 146, 147, 148, 149, 150, 156], "summary": {"covered_lines": 36, "num_statements": 36, "percent_covered": 100.0, "percent_covered_display": "100", "missing_lines": 0, "excluded_lines": 0, "percent_statements_covered": 100.0, "percent_statements_covered_display": "100", "num_branches": 14, "num_partial_branches": 0, "covered_branches": 14, "missing_branches": 0, "percent_branches_covered": 100.0, "percent_branches_covered_display": "100"}, "missing_lines": [], "excluded_lines": [], "start_line": 68, "executed_branches": [[84, 85], [84, 89], [99, 100], [99, 101], [116, 117], [116, 135], [117, 120], [117, 122], [122, 123], [122, 125], [146, 147], [146, 156], [147, 148], [147, 150]], "missing_branches": []}, "PersistentMerkleAnchor": {"executed_lines": [206, 207, 208, 209, 210, 211, 215, 216, 217, 218, 219, 227, 228, 229, 230, 233, 234, 235], "summary": {"covered_lines": 18, "num_statements": 18, "percent_covered": 100.0, "percent_covered_display": "100", "missing_lines": 0, "excluded_lines": 0, "percent_statements_covered": 100.0, "percent_statements_covered_display": "100", "num_branches": 8, "num_partial_branches": 0, "covered_branches": 8, "missing_branches": 0, "percent_branches_covered": 100.0, "percent_branches_covered_display": "100"}, "missing_lines": [], "excluded_lines": [], "start_line": 159, "executed_branches": [[207, 208], [207, 209], [217, -213], [217, 218], [228, -221], [228, 229], [234, -232], [234, 235]], "missing_branches": []}, "": {"executed_lines": [40, 42, 43, 44, 50, 51, 54, 55, 56, 58, 68, 78, 82, 97, 103, 141, 159, 201, 213, 221, 232], "summary": {"covered_lines": 21, "num_statements": 21, "percent_covered": 100.0, "percent_covered_display": "100", "missing_lines": 0, "excluded_lines": 2, "percent_statements_covered": 100.0, "percent_statements_covered_display": "100", "num_branches": 0, "num_partial_branches": 0, "covered_branches": 0, "missing_branches": 0, "percent_branches_covered": 100.0, "percent_branches_covered_display": "100"}, "missing_lines": [], "excluded_lines": [46, 47], "start_line": 1, "executed_branches": [], "missing_branches": []}}}, "src\\pramanix\\audit\\signer.py": {"executed_lines": [13, 15, 16, 17, 18, 19, 20, 21, 22, 28, 29, 32, 33, 34, 37, 40, 41, 42, 43, 45, 46, 47, 48, 50, 52, 53, 55, 57, 63, 64, 65, 66, 73, 74, 82, 83, 88, 89, 94, 95, 97, 106, 107, 117, 118, 119], "summary": {"covered_lines": 46, "num_statements": 46, "percent_covered": 100.0, "percent_covered_display": "100", "missing_lines": 0, "excluded_lines": 2, "percent_statements_covered": 100.0, "percent_statements_covered_display": "100", "num_branches": 4, "num_partial_branches": 0, "covered_branches": 4, "missing_branches": 0, "percent_branches_covered": 100.0, "percent_branches_covered_display": "100"}, "missing_lines": [], "excluded_lines": [24, 25], "executed_branches": [[47, 48], [47, 50], [63, 64], [63, 65]], "missing_branches": [], "functions": {"DecisionSigner.__init__": {"executed_lines": [46, 47, 48, 50], "summary": {"covered_lines": 4, "num_statements": 4, "percent_covered": 100.0, "percent_covered_display": "100", "missing_lines": 0, "excluded_lines": 0, "percent_statements_covered": 100.0, "percent_statements_covered_display": "100", "num_branches": 2, "num_partial_branches": 0, "covered_branches": 2, "missing_branches": 0, "percent_branches_covered": 100.0, "percent_branches_covered_display": "100"}, "missing_lines": [], "excluded_lines": [], "start_line": 45, "executed_branches": [[47, 48], [47, 50]], "missing_branches": []}, "DecisionSigner.is_active": {"executed_lines": [55], "summary": {"covered_lines": 1, "num_statements": 1, "percent_covered": 100.0, "percent_covered_display": "100", "missing_lines": 0, "excluded_lines": 0, "percent_statements_covered": 100.0, "percent_statements_covered_display": "100", "num_branches": 0, "num_partial_branches": 0, "covered_branches": 0, "missing_branches": 0, "percent_branches_covered": 100.0, "percent_branches_covered_display": "100"}, "missing_lines": [], "excluded_lines": [], "start_line": 53, "executed_branches": [], "missing_branches": []}, "DecisionSigner.sign": {"executed_lines": [63, 64, 65, 66, 73, 74, 82, 83, 88, 89, 94, 95], "summary": {"covered_lines": 12, "num_statements": 12, "percent_covered": 100.0, "percent_covered_display": "100", "missing_lines": 0, "excluded_lines": 0, "percent_statements_covered": 100.0, "percent_statements_covered_display": "100", "num_branches": 2, "num_partial_branches": 0, "covered_branches": 2, "missing_branches": 0, "percent_branches_covered": 100.0, "percent_branches_covered_display": "100"}, "missing_lines": [], "excluded_lines": [], "start_line": 57, "executed_branches": [[63, 64], [63, 65]], "missing_branches": []}, "DecisionSigner._canonicalize": {"executed_lines": [106, 107], "summary": {"covered_lines": 2, "num_statements": 2, "percent_covered": 100.0, "percent_covered_display": "100", "missing_lines": 0, "excluded_lines": 0, "percent_statements_covered": 100.0, "percent_statements_covered_display": "100", "num_branches": 0, "num_partial_branches": 0, "covered_branches": 0, "missing_branches": 0, "percent_branches_covered": 100.0, "percent_branches_covered_display": "100"}, "missing_lines": [], "excluded_lines": [], "start_line": 97, "executed_branches": [], "missing_branches": []}, "DecisionSigner._b64url": {"executed_lines": [119], "summary": {"covered_lines": 1, "num_statements": 1, "percent_covered": 100.0, "percent_covered_display": "100", "missing_lines": 0, "excluded_lines": 0, "percent_statements_covered": 100.0, "percent_statements_covered_display": "100", "num_branches": 0, "num_partial_branches": 0, "covered_branches": 0, "missing_branches": 0, "percent_branches_covered": 100.0, "percent_branches_covered_display": "100"}, "missing_lines": [], "excluded_lines": [], "start_line": 118, "executed_branches": [], "missing_branches": []}, "": {"executed_lines": [13, 15, 16, 17, 18, 19, 20, 21, 22, 28, 29, 32, 33, 34, 37, 40, 41, 42, 43, 45, 52, 53, 57, 97, 117, 118], "summary": {"covered_lines": 26, "num_statements": 26, "percent_covered": 100.0, "percent_covered_display": "100", "missing_lines": 0, "excluded_lines": 2, "percent_statements_covered": 100.0, "percent_statements_covered_display": "100", "num_branches": 0, "num_partial_branches": 0, "covered_branches": 0, "missing_branches": 0, "percent_branches_covered": 100.0, "percent_branches_covered_display": "100"}, "missing_lines": [], "excluded_lines": [24, 25], "start_line": 1, "executed_branches": [], "missing_branches": []}}, "classes": {"SignedDecision": {"executed_lines": [], "summary": {"covered_lines": 0, "num_statements": 0, "percent_covered": 100.0, "percent_covered_display": "100", "missing_lines": 0, "excluded_lines": 0, "percent_statements_covered": 100.0, "percent_statements_covered_display": "100", "num_branches": 0, "num_partial_branches": 0, "covered_branches": 0, "missing_branches": 0, "percent_branches_covered": 100.0, "percent_branches_covered_display": "100"}, "missing_lines": [], "excluded_lines": [], "start_line": 29, "executed_branches": [], "missing_branches": []}, "DecisionSigner": {"executed_lines": [46, 47, 48, 50, 55, 63, 64, 65, 66, 73, 74, 82, 83, 88, 89, 94, 95, 106, 107, 119], "summary": {"covered_lines": 20, "num_statements": 20, "percent_covered": 100.0, "percent_covered_display": "100", "missing_lines": 0, "excluded_lines": 0, "percent_statements_covered": 100.0, "percent_statements_covered_display": "100", "num_branches": 4, "num_partial_branches": 0, "covered_branches": 4, "missing_branches": 0, "percent_branches_covered": 100.0, "percent_branches_covered_display": "100"}, "missing_lines": [], "excluded_lines": [], "start_line": 37, "executed_branches": [[47, 48], [47, 50], [63, 64], [63, 65]], "missing_branches": []}, "": {"executed_lines": [13, 15, 16, 17, 18, 19, 20, 21, 22, 28, 29, 32, 33, 34, 37, 40, 41, 42, 43, 45, 52, 53, 57, 97, 117, 118], "summary": {"covered_lines": 26, "num_statements": 26, "percent_covered": 100.0, "percent_covered_display": "100", "missing_lines": 0, "excluded_lines": 2, "percent_statements_covered": 100.0, "percent_statements_covered_display": "100", "num_branches": 0, "num_partial_branches": 0, "covered_branches": 0, "missing_branches": 0, "percent_branches_covered": 100.0, "percent_branches_covered_display": "100"}, "missing_lines": [], "excluded_lines": [24, 25], "start_line": 1, "executed_branches": [], "missing_branches": []}}}, "src\\pramanix\\audit\\verifier.py": {"executed_lines": [14, 16, 17, 18, 19, 20, 21, 24, 25, 28, 29, 30, 31, 32, 33, 34, 35, 41, 42, 48, 51, 54, 56, 57, 58, 59, 63, 65, 67, 68, 69, 70, 72, 74, 75, 80, 82, 83, 85, 86, 88, 102, 103, 105, 106, 107, 119, 120, 121, 123, 124, 125, 126, 127, 128], "summary": {"covered_lines": 55, "num_statements": 55, "percent_covered": 100.0, "percent_covered_display": "100", "missing_lines": 0, "excluded_lines": 0, "percent_statements_covered": 100.0, "percent_statements_covered_display": "100", "num_branches": 8, "num_partial_branches": 0, "covered_branches": 8, "missing_branches": 0, "percent_branches_covered": 100.0, "percent_branches_covered_display": "100"}, "missing_lines": [], "excluded_lines": [], "executed_branches": [[58, 59], [58, 63], [69, 70], [69, 72], [82, 83], [82, 85], [126, 127], [126, 128]], "missing_branches": [], "functions": {"DecisionVerifier.__init__": {"executed_lines": [57, 58, 59, 63], "summary": {"covered_lines": 4, "num_statements": 4, "percent_covered": 100.0, "percent_covered_display": "100", "missing_lines": 0, "excluded_lines": 0, "percent_statements_covered": 100.0, "percent_statements_covered_display": "100", "num_branches": 2, "num_partial_branches": 0, "covered_branches": 2, "missing_branches": 0, "percent_branches_covered": 100.0, "percent_branches_covered_display": "100"}, "missing_lines": [], "excluded_lines": [], "start_line": 56, "executed_branches": [[58, 59], [58, 63]], "missing_branches": []}, "DecisionVerifier.verify": {"executed_lines": [67, 68, 69, 70, 72, 74, 75, 80, 82, 83, 85, 86, 88, 102, 103], "summary": {"covered_lines": 15, "num_statements": 15, "percent_covered": 100.0, "percent_covered_display": "100", "missing_lines": 0, "excluded_lines": 0, "percent_statements_covered": 100.0, "percent_statements_covered_display": "100", "num_branches": 4, "num_partial_branches": 0, "covered_branches": 4, "missing_branches": 0, "percent_branches_covered": 100.0, "percent_branches_covered_display": "100"}, "missing_lines": [], "excluded_lines": [], "start_line": 65, "executed_branches": [[69, 70], [69, 72], [82, 83], [82, 85]], "missing_branches": []}, "DecisionVerifier._invalid": {"executed_lines": [107], "summary": {"covered_lines": 1, "num_statements": 1, "percent_covered": 100.0, "percent_covered_display": "100", "missing_lines": 0, "excluded_lines": 0, "percent_statements_covered": 100.0, "percent_statements_covered_display": "100", "num_branches": 0, "num_partial_branches": 0, "covered_branches": 0, "missing_branches": 0, "percent_branches_covered": 100.0, "percent_branches_covered_display": "100"}, "missing_lines": [], "excluded_lines": [], "start_line": 106, "executed_branches": [], "missing_branches": []}, "DecisionVerifier._b64url": {"executed_lines": [121], "summary": {"covered_lines": 1, "num_statements": 1, "percent_covered": 100.0, "percent_covered_display": "100", "missing_lines": 0, "excluded_lines": 0, "percent_statements_covered": 100.0, "percent_statements_covered_display": "100", "num_branches": 0, "num_partial_branches": 0, "covered_branches": 0, "missing_branches": 0, "percent_branches_covered": 100.0, "percent_branches_covered_display": "100"}, "missing_lines": [], "excluded_lines": [], "start_line": 120, "executed_branches": [], "missing_branches": []}, "DecisionVerifier._b64url_decode": {"executed_lines": [125, 126, 127, 128], "summary": {"covered_lines": 4, "num_statements": 4, "percent_covered": 100.0, "percent_covered_display": "100", "missing_lines": 0, "excluded_lines": 0, "percent_statements_covered": 100.0, "percent_statements_covered_display": "100", "num_branches": 2, "num_partial_branches": 0, "covered_branches": 2, "missing_branches": 0, "percent_branches_covered": 100.0, "percent_branches_covered_display": "100"}, "missing_lines": [], "excluded_lines": [], "start_line": 124, "executed_branches": [[126, 127], [126, 128]], "missing_branches": []}, "": {"executed_lines": [14, 16, 17, 18, 19, 20, 21, 24, 25, 28, 29, 30, 31, 32, 33, 34, 35, 41, 42, 48, 51, 54, 56, 65, 105, 106, 119, 120, 123, 124], "summary": {"covered_lines": 30, "num_statements": 30, "percent_covered": 100.0, "percent_covered_display": "100", "missing_lines": 0, "excluded_lines": 0, "percent_statements_covered": 100.0, "percent_statements_covered_display": "100", "num_branches": 0, "num_partial_branches": 0, "covered_branches": 0, "missing_branches": 0, "percent_branches_covered": 100.0, "percent_branches_covered_display": "100"}, "missing_lines": [], "excluded_lines": [], "start_line": 1, "executed_branches": [], "missing_branches": []}}, "classes": {"VerificationResult": {"executed_lines": [], "summary": {"covered_lines": 0, "num_statements": 0, "percent_covered": 100.0, "percent_covered_display": "100", "missing_lines": 0, "excluded_lines": 0, "percent_statements_covered": 100.0, "percent_statements_covered_display": "100", "num_branches": 0, "num_partial_branches": 0, "covered_branches": 0, "missing_branches": 0, "percent_branches_covered": 100.0, "percent_branches_covered_display": "100"}, "missing_lines": [], "excluded_lines": [], "start_line": 25, "executed_branches": [], "missing_branches": []}, "DecisionVerifier": {"executed_lines": [57, 58, 59, 63, 67, 68, 69, 70, 72, 74, 75, 80, 82, 83, 85, 86, 88, 102, 103, 107, 121, 125, 126, 127, 128], "summary": {"covered_lines": 25, "num_statements": 25, "percent_covered": 100.0, "percent_covered_display": "100", "missing_lines": 0, "excluded_lines": 0, "percent_statements_covered": 100.0, "percent_statements_covered_display": "100", "num_branches": 8, "num_partial_branches": 0, "covered_branches": 8, "missing_branches": 0, "percent_branches_covered": 100.0, "percent_branches_covered_display": "100"}, "missing_lines": [], "excluded_lines": [], "start_line": 51, "executed_branches": [[58, 59], [58, 63], [69, 70], [69, 72], [82, 83], [82, 85], [126, 127], [126, 128]], "missing_branches": []}, "": {"executed_lines": [14, 16, 17, 18, 19, 20, 21, 24, 25, 28, 29, 30, 31, 32, 33, 34, 35, 41, 42, 48, 51, 54, 56, 65, 105, 106, 119, 120, 123, 124], "summary": {"covered_lines": 30, "num_statements": 30, "percent_covered": 100.0, "percent_covered_display": "100", "missing_lines": 0, "excluded_lines": 0, "percent_statements_covered": 100.0, "percent_statements_covered_display": "100", "num_branches": 0, "num_partial_branches": 0, "covered_branches": 0, "missing_branches": 0, "percent_branches_covered": 100.0, "percent_branches_covered_display": "100"}, "missing_lines": [], "excluded_lines": [], "start_line": 1, "executed_branches": [], "missing_branches": []}}}, "src\\pramanix\\audit_sink.py": {"executed_lines": [24, 26, 27, 28, 29, 30, 35, 45, 48, 49, 57, 69, 81, 82, 84, 86, 87, 88, 89, 90, 93, 108, 109, 111, 115, 117, 119, 127, 128, 129, 131, 135, 136, 139, 141, 142, 143, 144, 145, 150, 171, 178, 179, 180, 181, 183, 188, 189, 190, 193, 194, 195, 198, 199, 204, 206, 208, 209, 210, 211, 212, 214, 216, 217, 218, 219, 220, 221, 226, 227, 229, 231, 232, 233, 234, 235, 237, 238, 239, 240, 241, 243, 245, 246, 247, 248, 249, 251, 252, 254, 257, 279, 286, 287, 288, 289, 291, 306, 308, 309, 310, 311, 312, 313, 314, 316, 317, 318, 327, 332, 350, 360, 361, 362, 363, 365, 370, 371, 374, 375, 376, 378, 383, 385, 386, 387, 388, 389, 390, 391, 399, 400, 402, 404, 405, 406, 407, 410, 430, 439, 440, 442, 443, 445, 464, 466, 467, 468, 470, 471, 478, 488, 490, 491, 492, 493], "summary": {"covered_lines": 156, "num_statements": 178, "percent_covered": 87.76595744680851, "percent_covered_display": "88", "missing_lines": 22, "excluded_lines": 7, "percent_statements_covered": 87.64044943820225, "percent_statements_covered_display": "88", "num_branches": 10, "num_partial_branches": 1, "covered_branches": 9, "missing_branches": 1, "percent_branches_covered": 90.0, "percent_branches_covered_display": "90"}, "missing_lines": [296, 297, 298, 299, 300, 301, 302, 324, 325, 329, 441, 450, 452, 453, 454, 456, 457, 458, 461, 462, 479, 482], "excluded_lines": [3, 32, 33, 66, 70, 94, 258], "executed_branches": [[142, -139], [142, 143], [208, -206], [208, 209], [218, 219], [218, 227], [234, 235], [388, 389], [388, 390]], "missing_branches": [[234, -231]], "functions": {"AuditSink.emit": {"executed_lines": [], "summary": {"covered_lines": 0, "num_statements": 0, "percent_covered": 100.0, "percent_covered_display": "100", "missing_lines": 0, "excluded_lines": 1, "percent_statements_covered": 100.0, "percent_statements_covered_display": "100", "num_branches": 0, "num_partial_branches": 0, "covered_branches": 0, "missing_branches": 0, "percent_branches_covered": 100.0, "percent_branches_covered_display": "100"}, "missing_lines": [], "excluded_lines": [66], "start_line": 57, "executed_branches": [], "missing_branches": []}, "StdoutAuditSink.__init__": {"executed_lines": [82], "summary": {"covered_lines": 1, "num_statements": 1, "percent_covered": 100.0, "percent_covered_display": "100", "missing_lines": 0, "excluded_lines": 0, "percent_statements_covered": 100.0, "percent_statements_covered_display": "100", "num_branches": 0, "num_partial_branches": 0, "covered_branches": 0, "missing_branches": 0, "percent_branches_covered": 100.0, "percent_branches_covered_display": "100"}, "missing_lines": [], "excluded_lines": [], "start_line": 81, "executed_branches": [], "missing_branches": []}, "StdoutAuditSink.emit": {"executed_lines": [86, 87, 88, 89, 90], "summary": {"covered_lines": 5, "num_statements": 5, "percent_covered": 100.0, "percent_covered_display": "100", "missing_lines": 0, "excluded_lines": 0, "percent_statements_covered": 100.0, "percent_statements_covered_display": "100", "num_branches": 0, "num_partial_branches": 0, "covered_branches": 0, "missing_branches": 0, "percent_branches_covered": 100.0, "percent_branches_covered_display": "100"}, "missing_lines": [], "excluded_lines": [], "start_line": 84, "executed_branches": [], "missing_branches": []}, "InMemoryAuditSink.__init__": {"executed_lines": [109], "summary": {"covered_lines": 1, "num_statements": 1, "percent_covered": 100.0, "percent_covered_display": "100", "missing_lines": 0, "excluded_lines": 0, "percent_statements_covered": 100.0, "percent_statements_covered_display": "100", "num_branches": 0, "num_partial_branches": 0, "covered_branches": 0, "missing_branches": 0, "percent_branches_covered": 100.0, "percent_branches_covered_display": "100"}, "missing_lines": [], "excluded_lines": [], "start_line": 108, "executed_branches": [], "missing_branches": []}, "InMemoryAuditSink.emit": {"executed_lines": [115], "summary": {"covered_lines": 1, "num_statements": 1, "percent_covered": 100.0, "percent_covered_display": "100", "missing_lines": 0, "excluded_lines": 0, "percent_statements_covered": 100.0, "percent_statements_covered_display": "100", "num_branches": 0, "num_partial_branches": 0, "covered_branches": 0, "missing_branches": 0, "percent_branches_covered": 100.0, "percent_branches_covered_display": "100"}, "missing_lines": [], "excluded_lines": [], "start_line": 111, "executed_branches": [], "missing_branches": []}, "InMemoryAuditSink.clear": {"executed_lines": [119], "summary": {"covered_lines": 1, "num_statements": 1, "percent_covered": 100.0, "percent_covered_display": "100", "missing_lines": 0, "excluded_lines": 0, "percent_statements_covered": 100.0, "percent_statements_covered_display": "100", "num_branches": 0, "num_partial_branches": 0, "covered_branches": 0, "missing_branches": 0, "percent_branches_covered": 100.0, "percent_branches_covered_display": "100"}, "missing_lines": [], "excluded_lines": [], "start_line": 117, "executed_branches": [], "missing_branches": []}, "_increment_overflow_metric": {"executed_lines": [141, 142, 143, 144, 145], "summary": {"covered_lines": 5, "num_statements": 5, "percent_covered": 100.0, "percent_covered_display": "100", "missing_lines": 0, "excluded_lines": 0, "percent_statements_covered": 100.0, "percent_statements_covered_display": "100", "num_branches": 2, "num_partial_branches": 0, "covered_branches": 2, "missing_branches": 0, "percent_branches_covered": 100.0, "percent_branches_covered_display": "100"}, "missing_lines": [], "excluded_lines": [], "start_line": 139, "executed_branches": [[142, -139], [142, 143]], "missing_branches": []}, "KafkaAuditSink.__init__": {"executed_lines": [178, 179, 180, 181, 183, 188, 189, 190, 193, 194, 195, 198, 199, 204], "summary": {"covered_lines": 14, "num_statements": 14, "percent_covered": 100.0, "percent_covered_display": "100", "missing_lines": 0, "excluded_lines": 0, "percent_statements_covered": 100.0, "percent_statements_covered_display": "100", "num_branches": 0, "num_partial_branches": 0, "covered_branches": 0, "missing_branches": 0, "percent_branches_covered": 100.0, "percent_branches_covered_display": "100"}, "missing_lines": [], "excluded_lines": [], "start_line": 171, "executed_branches": [], "missing_branches": []}, "KafkaAuditSink._background_poll": {"executed_lines": [208, 209, 210, 211, 212], "summary": {"covered_lines": 5, "num_statements": 5, "percent_covered": 100.0, "percent_covered_display": "100", "missing_lines": 0, "excluded_lines": 0, "percent_statements_covered": 100.0, "percent_statements_covered_display": "100", "num_branches": 2, "num_partial_branches": 0, "covered_branches": 2, "missing_branches": 0, "percent_branches_covered": 100.0, "percent_branches_covered_display": "100"}, "missing_lines": [], "excluded_lines": [], "start_line": 206, "executed_branches": [[208, -206], [208, 209]], "missing_branches": []}, "KafkaAuditSink.emit": {"executed_lines": [216, 217, 218, 219, 220, 221, 226, 227, 229, 231, 237, 238, 239, 240, 241], "summary": {"covered_lines": 15, "num_statements": 15, "percent_covered": 100.0, "percent_covered_display": "100", "missing_lines": 0, "excluded_lines": 0, "percent_statements_covered": 100.0, "percent_statements_covered_display": "100", "num_branches": 2, "num_partial_branches": 0, "covered_branches": 2, "missing_branches": 0, "percent_branches_covered": 100.0, "percent_branches_covered_display": "100"}, "missing_lines": [], "excluded_lines": [], "start_line": 214, "executed_branches": [[218, 219], [218, 227]], "missing_branches": []}, "KafkaAuditSink.emit._delivery_cb": {"executed_lines": [232, 233, 234, 235], "summary": {"covered_lines": 4, "num_statements": 4, "percent_covered": 83.33333333333333, "percent_covered_display": "83", "missing_lines": 0, "excluded_lines": 0, "percent_statements_covered": 100.0, "percent_statements_covered_display": "100", "num_branches": 2, "num_partial_branches": 1, "covered_branches": 1, "missing_branches": 1, "percent_branches_covered": 50.0, "percent_branches_covered_display": "50"}, "missing_lines": [], "excluded_lines": [], "start_line": 231, "executed_branches": [[234, 235]], "missing_branches": [[234, -231]]}, "KafkaAuditSink.flush": {"executed_lines": [245, 246, 247, 248, 249], "summary": {"covered_lines": 5, "num_statements": 5, "percent_covered": 100.0, "percent_covered_display": "100", "missing_lines": 0, "excluded_lines": 0, "percent_statements_covered": 100.0, "percent_statements_covered_display": "100", "num_branches": 0, "num_partial_branches": 0, "covered_branches": 0, "missing_branches": 0, "percent_branches_covered": 100.0, "percent_branches_covered_display": "100"}, "missing_lines": [], "excluded_lines": [], "start_line": 243, "executed_branches": [], "missing_branches": []}, "KafkaAuditSink.overflow_count": {"executed_lines": [254], "summary": {"covered_lines": 1, "num_statements": 1, "percent_covered": 100.0, "percent_covered_display": "100", "missing_lines": 0, "excluded_lines": 0, "percent_statements_covered": 100.0, "percent_statements_covered_display": "100", "num_branches": 0, "num_partial_branches": 0, "covered_branches": 0, "missing_branches": 0, "percent_branches_covered": 100.0, "percent_branches_covered_display": "100"}, "missing_lines": [], "excluded_lines": [], "start_line": 252, "executed_branches": [], "missing_branches": []}, "S3AuditSink.__init__": {"executed_lines": [286, 287, 288, 289, 291], "summary": {"covered_lines": 5, "num_statements": 12, "percent_covered": 41.666666666666664, "percent_covered_display": "42", "missing_lines": 7, "excluded_lines": 0, "percent_statements_covered": 41.666666666666664, "percent_statements_covered_display": "42", "num_branches": 0, "num_partial_branches": 0, "covered_branches": 0, "missing_branches": 0, "percent_branches_covered": 100.0, "percent_branches_covered_display": "100"}, "missing_lines": [296, 297, 298, 299, 300, 301, 302], "excluded_lines": [], "start_line": 279, "executed_branches": [], "missing_branches": []}, "S3AuditSink.emit": {"executed_lines": [308, 309, 310, 311, 312, 313, 314], "summary": {"covered_lines": 7, "num_statements": 7, "percent_covered": 100.0, "percent_covered_display": "100", "missing_lines": 0, "excluded_lines": 0, "percent_statements_covered": 100.0, "percent_statements_covered_display": "100", "num_branches": 0, "num_partial_branches": 0, "covered_branches": 0, "missing_branches": 0, "percent_branches_covered": 100.0, "percent_branches_covered_display": "100"}, "missing_lines": [], "excluded_lines": [], "start_line": 306, "executed_branches": [], "missing_branches": []}, "S3AuditSink._upload": {"executed_lines": [317, 318], "summary": {"covered_lines": 2, "num_statements": 4, "percent_covered": 50.0, "percent_covered_display": "50", "missing_lines": 2, "excluded_lines": 0, "percent_statements_covered": 50.0, "percent_statements_covered_display": "50", "num_branches": 0, "num_partial_branches": 0, "covered_branches": 0, "missing_branches": 0, "percent_branches_covered": 100.0, "percent_branches_covered_display": "100"}, "missing_lines": [324, 325], "excluded_lines": [], "start_line": 316, "executed_branches": [], "missing_branches": []}, "S3AuditSink.close": {"executed_lines": [], "summary": {"covered_lines": 0, "num_statements": 1, "percent_covered": 0.0, "percent_covered_display": "0", "missing_lines": 1, "excluded_lines": 0, "percent_statements_covered": 0.0, "percent_statements_covered_display": "0", "num_branches": 0, "num_partial_branches": 0, "covered_branches": 0, "missing_branches": 0, "percent_branches_covered": 100.0, "percent_branches_covered_display": "100"}, "missing_lines": [329], "excluded_lines": [], "start_line": 327, "executed_branches": [], "missing_branches": []}, "SplunkHecAuditSink.__init__": {"executed_lines": [360, 361, 362, 363, 365, 370, 371, 374, 375, 376, 378], "summary": {"covered_lines": 11, "num_statements": 11, "percent_covered": 100.0, "percent_covered_display": "100", "missing_lines": 0, "excluded_lines": 0, "percent_statements_covered": 100.0, "percent_statements_covered_display": "100", "num_branches": 0, "num_partial_branches": 0, "covered_branches": 0, "missing_branches": 0, "percent_branches_covered": 100.0, "percent_branches_covered_display": "100"}, "missing_lines": [], "excluded_lines": [], "start_line": 350, "executed_branches": [], "missing_branches": []}, "SplunkHecAuditSink.emit": {"executed_lines": [385, 386, 387, 388, 389, 390, 391, 399, 400], "summary": {"covered_lines": 9, "num_statements": 9, "percent_covered": 100.0, "percent_covered_display": "100", "missing_lines": 0, "excluded_lines": 0, "percent_statements_covered": 100.0, "percent_statements_covered_display": "100", "num_branches": 2, "num_partial_branches": 0, "covered_branches": 2, "missing_branches": 0, "percent_branches_covered": 100.0, "percent_branches_covered_display": "100"}, "missing_lines": [], "excluded_lines": [], "start_line": 383, "executed_branches": [[388, 389], [388, 390]], "missing_branches": []}, "SplunkHecAuditSink.close": {"executed_lines": [404, 405, 406, 407], "summary": {"covered_lines": 4, "num_statements": 4, "percent_covered": 100.0, "percent_covered_display": "100", "missing_lines": 0, "excluded_lines": 0, "percent_statements_covered": 100.0, "percent_statements_covered_display": "100", "num_branches": 0, "num_partial_branches": 0, "covered_branches": 0, "missing_branches": 0, "percent_branches_covered": 100.0, "percent_branches_covered_display": "100"}, "missing_lines": [], "excluded_lines": [], "start_line": 402, "executed_branches": [], "missing_branches": []}, "DatadogAuditSink.__init__": {"executed_lines": [439, 440, 442, 443, 445], "summary": {"covered_lines": 5, "num_statements": 15, "percent_covered": 33.333333333333336, "percent_covered_display": "33", "missing_lines": 10, "excluded_lines": 0, "percent_statements_covered": 33.333333333333336, "percent_statements_covered_display": "33", "num_branches": 0, "num_partial_branches": 0, "covered_branches": 0, "missing_branches": 0, "percent_branches_covered": 100.0, "percent_branches_covered_display": "100"}, "missing_lines": [441, 450, 452, 453, 454, 456, 457, 458, 461, 462], "excluded_lines": [], "start_line": 430, "executed_branches": [], "missing_branches": []}, "DatadogAuditSink.emit": {"executed_lines": [466, 467, 468, 470, 471, 478], "summary": {"covered_lines": 6, "num_statements": 8, "percent_covered": 75.0, "percent_covered_display": "75", "missing_lines": 2, "excluded_lines": 0, "percent_statements_covered": 75.0, "percent_statements_covered_display": "75", "num_branches": 0, "num_partial_branches": 0, "covered_branches": 0, "missing_branches": 0, "percent_branches_covered": 100.0, "percent_branches_covered_display": "100"}, "missing_lines": [479, 482], "excluded_lines": [], "start_line": 464, "executed_branches": [], "missing_branches": []}, "DatadogAuditSink.close": {"executed_lines": [490, 491, 492, 493], "summary": {"covered_lines": 4, "num_statements": 4, "percent_covered": 100.0, "percent_covered_display": "100", "missing_lines": 0, "excluded_lines": 0, "percent_statements_covered": 100.0, "percent_statements_covered_display": "100", "num_branches": 0, "num_partial_branches": 0, "covered_branches": 0, "missing_branches": 0, "percent_branches_covered": 100.0, "percent_branches_covered_display": "100"}, "missing_lines": [], "excluded_lines": [], "start_line": 488, "executed_branches": [], "missing_branches": []}, "": {"executed_lines": [24, 26, 27, 28, 29, 30, 35, 45, 48, 49, 57, 69, 81, 84, 93, 108, 111, 117, 127, 128, 129, 131, 135, 136, 139, 150, 171, 206, 214, 243, 251, 252, 257, 279, 306, 316, 327, 332, 350, 383, 402, 410, 430, 464, 488], "summary": {"covered_lines": 45, "num_statements": 45, "percent_covered": 100.0, "percent_covered_display": "100", "missing_lines": 0, "excluded_lines": 6, "percent_statements_covered": 100.0, "percent_statements_covered_display": "100", "num_branches": 0, "num_partial_branches": 0, "covered_branches": 0, "missing_branches": 0, "percent_branches_covered": 100.0, "percent_branches_covered_display": "100"}, "missing_lines": [], "excluded_lines": [3, 32, 33, 70, 94, 258], "start_line": 1, "executed_branches": [], "missing_branches": []}}, "classes": {"AuditSink": {"executed_lines": [], "summary": {"covered_lines": 0, "num_statements": 0, "percent_covered": 100.0, "percent_covered_display": "100", "missing_lines": 0, "excluded_lines": 1, "percent_statements_covered": 100.0, "percent_statements_covered_display": "100", "num_branches": 0, "num_partial_branches": 0, "covered_branches": 0, "missing_branches": 0, "percent_branches_covered": 100.0, "percent_branches_covered_display": "100"}, "missing_lines": [], "excluded_lines": [66], "start_line": 49, "executed_branches": [], "missing_branches": []}, "StdoutAuditSink": {"executed_lines": [82, 86, 87, 88, 89, 90], "summary": {"covered_lines": 6, "num_statements": 6, "percent_covered": 100.0, "percent_covered_display": "100", "missing_lines": 0, "excluded_lines": 0, "percent_statements_covered": 100.0, "percent_statements_covered_display": "100", "num_branches": 0, "num_partial_branches": 0, "covered_branches": 0, "missing_branches": 0, "percent_branches_covered": 100.0, "percent_branches_covered_display": "100"}, "missing_lines": [], "excluded_lines": [], "start_line": 69, "executed_branches": [], "missing_branches": []}, "InMemoryAuditSink": {"executed_lines": [109, 115, 119], "summary": {"covered_lines": 3, "num_statements": 3, "percent_covered": 100.0, "percent_covered_display": "100", "missing_lines": 0, "excluded_lines": 0, "percent_statements_covered": 100.0, "percent_statements_covered_display": "100", "num_branches": 0, "num_partial_branches": 0, "covered_branches": 0, "missing_branches": 0, "percent_branches_covered": 100.0, "percent_branches_covered_display": "100"}, "missing_lines": [], "excluded_lines": [], "start_line": 93, "executed_branches": [], "missing_branches": []}, "KafkaAuditSink": {"executed_lines": [178, 179, 180, 181, 183, 188, 189, 190, 193, 194, 195, 198, 199, 204, 208, 209, 210, 211, 212, 216, 217, 218, 219, 220, 221, 226, 227, 229, 231, 232, 233, 234, 235, 237, 238, 239, 240, 241, 245, 246, 247, 248, 249, 254], "summary": {"covered_lines": 44, "num_statements": 44, "percent_covered": 98.0, "percent_covered_display": "98", "missing_lines": 0, "excluded_lines": 0, "percent_statements_covered": 100.0, "percent_statements_covered_display": "100", "num_branches": 6, "num_partial_branches": 1, "covered_branches": 5, "missing_branches": 1, "percent_branches_covered": 83.33333333333333, "percent_branches_covered_display": "83"}, "missing_lines": [], "excluded_lines": [], "start_line": 150, "executed_branches": [[208, -206], [208, 209], [218, 219], [218, 227], [234, 235]], "missing_branches": [[234, -231]]}, "S3AuditSink": {"executed_lines": [286, 287, 288, 289, 291, 308, 309, 310, 311, 312, 313, 314, 317, 318], "summary": {"covered_lines": 14, "num_statements": 24, "percent_covered": 58.333333333333336, "percent_covered_display": "58", "missing_lines": 10, "excluded_lines": 0, "percent_statements_covered": 58.333333333333336, "percent_statements_covered_display": "58", "num_branches": 0, "num_partial_branches": 0, "covered_branches": 0, "missing_branches": 0, "percent_branches_covered": 100.0, "percent_branches_covered_display": "100"}, "missing_lines": [296, 297, 298, 299, 300, 301, 302, 324, 325, 329], "excluded_lines": [], "start_line": 257, "executed_branches": [], "missing_branches": []}, "SplunkHecAuditSink": {"executed_lines": [360, 361, 362, 363, 365, 370, 371, 374, 375, 376, 378, 385, 386, 387, 388, 389, 390, 391, 399, 400, 404, 405, 406, 407], "summary": {"covered_lines": 24, "num_statements": 24, "percent_covered": 100.0, "percent_covered_display": "100", "missing_lines": 0, "excluded_lines": 0, "percent_statements_covered": 100.0, "percent_statements_covered_display": "100", "num_branches": 2, "num_partial_branches": 0, "covered_branches": 2, "missing_branches": 0, "percent_branches_covered": 100.0, "percent_branches_covered_display": "100"}, "missing_lines": [], "excluded_lines": [], "start_line": 332, "executed_branches": [[388, 389], [388, 390]], "missing_branches": []}, "DatadogAuditSink": {"executed_lines": [439, 440, 442, 443, 445, 466, 467, 468, 470, 471, 478, 490, 491, 492, 493], "summary": {"covered_lines": 15, "num_statements": 27, "percent_covered": 55.55555555555556, "percent_covered_display": "56", "missing_lines": 12, "excluded_lines": 0, "percent_statements_covered": 55.55555555555556, "percent_statements_covered_display": "56", "num_branches": 0, "num_partial_branches": 0, "covered_branches": 0, "missing_branches": 0, "percent_branches_covered": 100.0, "percent_branches_covered_display": "100"}, "missing_lines": [441, 450, 452, 453, 454, 456, 457, 458, 461, 462, 479, 482], "excluded_lines": [], "start_line": 410, "executed_branches": [], "missing_branches": []}, "": {"executed_lines": [24, 26, 27, 28, 29, 30, 35, 45, 48, 49, 57, 69, 81, 84, 93, 108, 111, 117, 127, 128, 129, 131, 135, 136, 139, 141, 142, 143, 144, 145, 150, 171, 206, 214, 243, 251, 252, 257, 279, 306, 316, 327, 332, 350, 383, 402, 410, 430, 464, 488], "summary": {"covered_lines": 50, "num_statements": 50, "percent_covered": 100.0, "percent_covered_display": "100", "missing_lines": 0, "excluded_lines": 6, "percent_statements_covered": 100.0, "percent_statements_covered_display": "100", "num_branches": 2, "num_partial_branches": 0, "covered_branches": 2, "missing_branches": 0, "percent_branches_covered": 100.0, "percent_branches_covered_display": "100"}, "missing_lines": [], "excluded_lines": [3, 32, 33, 70, 94, 258], "start_line": 1, "executed_branches": [[142, -139], [142, 143]], "missing_branches": []}}}, "src\\pramanix\\circuit_breaker.py": {"executed_lines": [28, 30, 31, 32, 33, 34, 35, 36, 41, 44, 47, 48, 49, 50, 53, 56, 57, 58, 68, 69, 72, 73, 74, 75, 76, 77, 79, 80, 81, 83, 94, 95, 98, 99, 100, 101, 102, 105, 117, 122, 123, 124, 125, 126, 127, 128, 129, 130, 131, 132, 134, 135, 137, 139, 140, 142, 150, 168, 169, 170, 171, 173, 175, 179, 181, 192, 193, 195, 196, 198, 199, 200, 201, 203, 207, 208, 209, 211, 212, 214, 216, 218, 219, 220, 221, 222, 223, 228, 230, 232, 233, 234, 235, 237, 238, 239, 240, 241, 245, 246, 247, 249, 250, 251, 252, 258, 259, 260, 261, 262, 263, 265, 266, 271, 272, 273, 275, 276, 277, 278, 279, 280, 287, 288, 290, 299, 300, 302, 309, 310, 311, 313, 318, 323, 324, 325, 326, 327, 330, 331, 333, 336, 339, 342, 343, 344, 345, 347, 348, 350, 351, 352, 356, 357, 359, 360, 362, 363, 369, 370, 373, 374, 375, 376, 379, 389, 391, 392, 394, 395, 397, 398, 400, 401, 403, 404, 407, 413, 414, 415, 416, 423, 424, 426, 427, 428, 430, 433, 457, 463, 464, 465, 466, 467, 468, 469, 471, 472, 473, 474, 476, 477, 478, 480, 482, 483, 484, 485, 490, 496, 497, 498, 499, 501, 503, 504, 505, 506, 516, 523, 524, 526, 527, 529, 530, 531, 533, 534, 535, 536, 537, 538, 539, 544, 546, 548, 550, 557, 558, 559, 560, 562, 564, 568, 570, 572, 573, 574, 576, 577, 579, 580, 587, 589, 590, 592, 597, 602, 603, 604, 605, 606, 607, 608, 610, 613, 616, 619, 620, 621, 622, 624, 625, 627, 628, 629, 633, 634, 640, 668, 675, 683, 684, 685, 686, 688, 693, 694, 695, 696, 697, 699, 701, 702, 704, 705, 707, 709, 710, 711, 712, 713, 714, 716, 717, 718, 723, 724, 726, 732, 733, 734, 735, 739, 745, 747, 748, 750, 751, 757, 758, 760, 769, 770, 771, 774, 777, 778, 779, 785, 797, 798, 799, 800, 811, 813, 815, 821, 823, 827, 836, 838, 840, 841, 842, 843, 845, 846, 847, 849, 850, 851, 857, 878, 885, 886, 887, 888, 889, 890, 891, 893, 894, 896, 898, 915, 917, 918, 919, 920, 921, 926, 927, 933, 934, 935, 936, 937, 938, 941, 942, 943, 948, 949, 950, 952, 953, 954, 959, 960, 961, 962, 964, 966, 967, 968, 969], "summary": {"covered_lines": 397, "num_statements": 404, "percent_covered": 97.64957264957265, "percent_covered_display": "98", "missing_lines": 7, "excluded_lines": 3, "percent_statements_covered": 98.26732673267327, "percent_statements_covered_display": "98", "num_branches": 64, "num_partial_branches": 4, "covered_branches": 60, "missing_branches": 4, "percent_branches_covered": 93.75, "percent_branches_covered_display": "94"}, "missing_lines": [349, 361, 626, 801, 804, 830, 835], "excluded_lines": [38, 39, 902], "executed_branches": [[80, -79], [80, 81], [195, 196], [195, 198], [198, 199], [198, 207], [200, 201], [200, 203], [232, 233], [232, 249], [233, 234], [233, 237], [239, 240], [239, 245], [249, 250], [249, 271], [258, -228], [258, 259], [261, 262], [261, 265], [271, 272], [271, 273], [342, -309], [342, 343], [348, 350], [351, -347], [351, 352], [360, 362], [427, 428], [427, 430], [526, 527], [526, 529], [534, 535], [534, 546], [536, 537], [536, 544], [619, -587], [619, 620], [625, 627], [628, -624], [628, 629], [701, 702], [701, 705], [709, 710], [717, -716], [717, 718], [747, 748], [747, 750], [843, 845], [843, 849], [846, -840], [846, 847], [918, 919], [918, 933], [920, 921], [920, 926], [938, 941], [938, 948], [953, 954], [953, 959]], "missing_branches": [[348, 349], [360, 361], [625, 626], [709, -707]], "functions": {"CircuitBreakerConfig.__post_init__": {"executed_lines": [80, 81, 83], "summary": {"covered_lines": 3, "num_statements": 3, "percent_covered": 100.0, "percent_covered_display": "100", "missing_lines": 0, "excluded_lines": 0, "percent_statements_covered": 100.0, "percent_statements_covered_display": "100", "num_branches": 2, "num_partial_branches": 0, "covered_branches": 2, "missing_branches": 0, "percent_branches_covered": 100.0, "percent_branches_covered_display": "100"}, "missing_lines": [], "excluded_lines": [], "start_line": 79, "executed_branches": [[80, -79], [80, 81]], "missing_branches": []}, "AdaptiveCircuitBreaker.__init__": {"executed_lines": [122, 123, 124, 125, 126, 127, 128, 129, 130, 131, 132], "summary": {"covered_lines": 11, "num_statements": 11, "percent_covered": 100.0, "percent_covered_display": "100", "missing_lines": 0, "excluded_lines": 0, "percent_statements_covered": 100.0, "percent_statements_covered_display": "100", "num_branches": 0, "num_partial_branches": 0, "covered_branches": 0, "missing_branches": 0, "percent_branches_covered": 100.0, "percent_branches_covered_display": "100"}, "missing_lines": [], "excluded_lines": [], "start_line": 117, "executed_branches": [], "missing_branches": []}, "AdaptiveCircuitBreaker.state": {"executed_lines": [137], "summary": {"covered_lines": 1, "num_statements": 1, "percent_covered": 100.0, "percent_covered_display": "100", "missing_lines": 0, "excluded_lines": 0, "percent_statements_covered": 100.0, "percent_statements_covered_display": "100", "num_branches": 0, "num_partial_branches": 0, "covered_branches": 0, "missing_branches": 0, "percent_branches_covered": 100.0, "percent_branches_covered_display": "100"}, "missing_lines": [], "excluded_lines": [], "start_line": 135, "executed_branches": [], "missing_branches": []}, "AdaptiveCircuitBreaker.status": {"executed_lines": [142], "summary": {"covered_lines": 1, "num_statements": 1, "percent_covered": 100.0, "percent_covered_display": "100", "missing_lines": 0, "excluded_lines": 0, "percent_statements_covered": 100.0, "percent_statements_covered_display": "100", "num_branches": 0, "num_partial_branches": 0, "covered_branches": 0, "missing_branches": 0, "percent_branches_covered": 100.0, "percent_branches_covered_display": "100"}, "missing_lines": [], "excluded_lines": [], "start_line": 140, "executed_branches": [], "missing_branches": []}, "AdaptiveCircuitBreaker.verify_sync": {"executed_lines": [168, 169, 170, 171, 173, 175, 179], "summary": {"covered_lines": 7, "num_statements": 7, "percent_covered": 100.0, "percent_covered_display": "100", "missing_lines": 0, "excluded_lines": 0, "percent_statements_covered": 100.0, "percent_statements_covered_display": "100", "num_branches": 0, "num_partial_branches": 0, "covered_branches": 0, "missing_branches": 0, "percent_branches_covered": 100.0, "percent_branches_covered_display": "100"}, "missing_lines": [], "excluded_lines": [], "start_line": 150, "executed_branches": [], "missing_branches": []}, "AdaptiveCircuitBreaker.verify_async": {"executed_lines": [192, 193, 195, 196, 198, 199, 200, 201, 203, 207, 208, 209, 211, 212, 214], "summary": {"covered_lines": 15, "num_statements": 15, "percent_covered": 100.0, "percent_covered_display": "100", "missing_lines": 0, "excluded_lines": 0, "percent_statements_covered": 100.0, "percent_statements_covered_display": "100", "num_branches": 6, "num_partial_branches": 0, "covered_branches": 6, "missing_branches": 0, "percent_branches_covered": 100.0, "percent_branches_covered_display": "100"}, "missing_lines": [], "excluded_lines": [], "start_line": 181, "executed_branches": [[195, 196], [195, 198], [198, 199], [198, 207], [200, 201], [200, 203]], "missing_branches": []}, "AdaptiveCircuitBreaker.reset": {"executed_lines": [218, 219, 220, 221, 222, 223], "summary": {"covered_lines": 6, "num_statements": 6, "percent_covered": 100.0, "percent_covered_display": "100", "missing_lines": 0, "excluded_lines": 0, "percent_statements_covered": 100.0, "percent_statements_covered_display": "100", "num_branches": 0, "num_partial_branches": 0, "covered_branches": 0, "missing_branches": 0, "percent_branches_covered": 100.0, "percent_branches_covered_display": "100"}, "missing_lines": [], "excluded_lines": [], "start_line": 216, "executed_branches": [], "missing_branches": []}, "AdaptiveCircuitBreaker._record_solve": {"executed_lines": [230, 232, 233, 234, 235, 237, 238, 239, 240, 241, 245, 246, 247, 249, 250, 251, 252, 258, 259, 260, 261, 262, 263, 265, 266, 271, 272, 273], "summary": {"covered_lines": 28, "num_statements": 28, "percent_covered": 100.0, "percent_covered_display": "100", "missing_lines": 0, "excluded_lines": 0, "percent_statements_covered": 100.0, "percent_statements_covered_display": "100", "num_branches": 14, "num_partial_branches": 0, "covered_branches": 14, "missing_branches": 0, "percent_branches_covered": 100.0, "percent_branches_covered_display": "100"}, "missing_lines": [], "excluded_lines": [], "start_line": 228, "executed_branches": [[232, 233], [232, 249], [233, 234], [233, 237], [239, 240], [239, 245], [249, 250], [249, 271], [258, -228], [258, 259], [261, 262], [261, 265], [271, 272], [271, 273]], "missing_branches": []}, "AdaptiveCircuitBreaker._transition": {"executed_lines": [276, 277, 278, 279, 280], "summary": {"covered_lines": 5, "num_statements": 5, "percent_covered": 100.0, "percent_covered_display": "100", "missing_lines": 0, "excluded_lines": 0, "percent_statements_covered": 100.0, "percent_statements_covered_display": "100", "num_branches": 0, "num_partial_branches": 0, "covered_branches": 0, "missing_branches": 0, "percent_branches_covered": 100.0, "percent_branches_covered_display": "100"}, "missing_lines": [], "excluded_lines": [], "start_line": 275, "executed_branches": [], "missing_branches": []}, "AdaptiveCircuitBreaker._make_open_decision": {"executed_lines": [288, 290], "summary": {"covered_lines": 2, "num_statements": 2, "percent_covered": 100.0, "percent_covered_display": "100", "missing_lines": 0, "excluded_lines": 0, "percent_statements_covered": 100.0, "percent_statements_covered_display": "100", "num_branches": 0, "num_partial_branches": 0, "covered_branches": 0, "missing_branches": 0, "percent_branches_covered": 100.0, "percent_branches_covered_display": "100"}, "missing_lines": [], "excluded_lines": [], "start_line": 287, "executed_branches": [], "missing_branches": []}, "AdaptiveCircuitBreaker._make_isolated_decision": {"executed_lines": [300, 302], "summary": {"covered_lines": 2, "num_statements": 2, "percent_covered": 100.0, "percent_covered_display": "100", "missing_lines": 0, "excluded_lines": 0, "percent_statements_covered": 100.0, "percent_statements_covered_display": "100", "num_branches": 0, "num_partial_branches": 0, "covered_branches": 0, "missing_branches": 0, "percent_branches_covered": 100.0, "percent_branches_covered_display": "100"}, "missing_lines": [], "excluded_lines": [], "start_line": 299, "executed_branches": [], "missing_branches": []}, "AdaptiveCircuitBreaker._register_metrics": {"executed_lines": [310, 311, 313, 318, 323, 324, 325, 326, 327, 330, 331, 333, 336, 339, 342, 343, 344, 345], "summary": {"covered_lines": 18, "num_statements": 18, "percent_covered": 100.0, "percent_covered_display": "100", "missing_lines": 0, "excluded_lines": 0, "percent_statements_covered": 100.0, "percent_statements_covered_display": "100", "num_branches": 2, "num_partial_branches": 0, "covered_branches": 2, "missing_branches": 0, "percent_branches_covered": 100.0, "percent_branches_covered_display": "100"}, "missing_lines": [], "excluded_lines": [], "start_line": 309, "executed_branches": [[342, -309], [342, 343]], "missing_branches": []}, "AdaptiveCircuitBreaker._update_prometheus": {"executed_lines": [348, 350, 351, 352, 356, 357], "summary": {"covered_lines": 6, "num_statements": 7, "percent_covered": 81.81818181818181, "percent_covered_display": "82", "missing_lines": 1, "excluded_lines": 0, "percent_statements_covered": 85.71428571428571, "percent_statements_covered_display": "86", "num_branches": 4, "num_partial_branches": 1, "covered_branches": 3, "missing_branches": 1, "percent_branches_covered": 75.0, "percent_branches_covered_display": "75"}, "missing_lines": [349], "excluded_lines": [], "start_line": 347, "executed_branches": [[348, 350], [351, -347], [351, 352]], "missing_branches": [[348, 349]]}, "AdaptiveCircuitBreaker._increment_pressure_metric": {"executed_lines": [360, 362, 363], "summary": {"covered_lines": 3, "num_statements": 4, "percent_covered": 66.66666666666667, "percent_covered_display": "67", "missing_lines": 1, "excluded_lines": 0, "percent_statements_covered": 75.0, "percent_statements_covered_display": "75", "num_branches": 2, "num_partial_branches": 1, "covered_branches": 1, "missing_branches": 1, "percent_branches_covered": 50.0, "percent_branches_covered_display": "50"}, "missing_lines": [361], "excluded_lines": [], "start_line": 359, "executed_branches": [[360, 362]], "missing_branches": [[360, 361]]}, "InMemoryDistributedBackend.get_state": {"executed_lines": [397, 398], "summary": {"covered_lines": 2, "num_statements": 2, "percent_covered": 100.0, "percent_covered_display": "100", "missing_lines": 0, "excluded_lines": 0, "percent_statements_covered": 100.0, "percent_statements_covered_display": "100", "num_branches": 0, "num_partial_branches": 0, "covered_branches": 0, "missing_branches": 0, "percent_branches_covered": 100.0, "percent_branches_covered_display": "100"}, "missing_lines": [], "excluded_lines": [], "start_line": 395, "executed_branches": [], "missing_branches": []}, "InMemoryDistributedBackend.set_state": {"executed_lines": [403, 404, 407, 413, 414, 415, 416], "summary": {"covered_lines": 7, "num_statements": 7, "percent_covered": 100.0, "percent_covered_display": "100", "missing_lines": 0, "excluded_lines": 0, "percent_statements_covered": 100.0, "percent_statements_covered_display": "100", "num_branches": 0, "num_partial_branches": 0, "covered_branches": 0, "missing_branches": 0, "percent_branches_covered": 100.0, "percent_branches_covered_display": "100"}, "missing_lines": [], "excluded_lines": [], "start_line": 401, "executed_branches": [], "missing_branches": []}, "InMemoryDistributedBackend.clear": {"executed_lines": [426, 427, 428, 430], "summary": {"covered_lines": 4, "num_statements": 4, "percent_covered": 100.0, "percent_covered_display": "100", "missing_lines": 0, "excluded_lines": 0, "percent_statements_covered": 100.0, "percent_statements_covered_display": "100", "num_branches": 2, "num_partial_branches": 0, "covered_branches": 2, "missing_branches": 0, "percent_branches_covered": 100.0, "percent_branches_covered_display": "100"}, "missing_lines": [], "excluded_lines": [], "start_line": 424, "executed_branches": [[427, 428], [427, 430]], "missing_branches": []}, "DistributedCircuitBreaker.__init__": {"executed_lines": [463, 464, 4
[...]
s": 1, "num_statements": 1, "percent_covered": 100.0, "percent_covered_display": "100", "missing_lines": 0, "excluded_lines": 0, "percent_statements_covered": 100.0, "percent_statements_covered_display": "100", "num_branches": 0, "num_partial_branches": 0, "covered_branches": 0, "missing_branches": 0, "percent_branches_covered": 100.0, "percent_branches_covered_display": "100"}, "missing_lines": [], "excluded_lines": [], "start_line": 194, "executed_branches": [], "missing_branches": []}, "_EphemeralKey.bytes": {"executed_lines": [200], "summary": {"covered_lines": 1, "num_statements": 1, "percent_covered": 100.0, "percent_covered_display": "100", "missing_lines": 0, "excluded_lines": 0, "percent_statements_covered": 100.0, "percent_statements_covered_display": "100", "num_branches": 0, "num_partial_branches": 0, "covered_branches": 0, "missing_branches": 0, "percent_branches_covered": 100.0, "percent_branches_covered_display": "100"}, "missing_lines": [], "excluded_lines": [], "start_line": 198, "executed_branches": [], "missing_branches": []}, "_EphemeralKey.__repr__": {"executed_lines": [203], "summary": {"covered_lines": 1, "num_statements": 1, "percent_covered": 100.0, "percent_covered_display": "100", "missing_lines": 0, "excluded_lines": 0, "percent_statements_covered": 100.0, "percent_statements_covered_display": "100", "num_branches": 0, "num_partial_branches": 0, "covered_branches": 0, "missing_branches": 0, "percent_branches_covered": 100.0, "percent_branches_covered_display": "100"}, "missing_lines": [], "excluded_lines": [], "start_line": 202, "executed_branches": [], "missing_branches": []}, "_EphemeralKey.__reduce__": {"executed_lines": [208], "summary": {"covered_lines": 1, "num_statements": 1, "percent_covered": 100.0, "percent_covered_display": "100", "missing_lines": 0, "excluded_lines": 0, "percent_statements_covered": 100.0, "percent_statements_covered_display": "100", "num_branches": 0, "num_partial_branches": 0, "covered_branches": 0, "missing_branches": 0, "percent_branches_covered": 100.0, "percent_branches_covered_display": "100"}, "missing_lines": [], "excluded_lines": [], "start_line": 207, "executed_branches": [], "missing_branches": []}, "_ppid_watchdog": {"executed_lines": [230, 231, 232, 234, 235, 236, 237, 238], "summary": {"covered_lines": 8, "num_statements": 13, "percent_covered": 60.0, "percent_covered_display": "60", "missing_lines": 5, "excluded_lines": 0, "percent_statements_covered": 61.53846153846154, "percent_statements_covered_display": "62", "num_branches": 2, "num_partial_branches": 1, "covered_branches": 1, "missing_branches": 1, "percent_branches_covered": 50.0, "percent_branches_covered_display": "50"}, "missing_lines": [239, 240, 241, 242, 243], "excluded_lines": [], "start_line": 219, "executed_branches": [[238, 235]], "missing_branches": [[238, 239]]}, "_warmup_worker": {"executed_lines": [256, 258, 262, 263, 265, 266, 268, 269, 270, 271, 272, 275, 276, 277, 278, 279, 280, 283, 284, 285, 286, 287, 288, 291, 292, 293, 294, 295, 296, 297, 300, 301, 302, 303, 304, 305, 306, 309, 310, 311, 312, 313, 314, 317, 318, 319, 320, 321, 322, 325, 326, 327, 328, 329, 330, 331, 336, 338, 339, 344, 345, 346, 350, 351, 352, 354], "summary": {"covered_lines": 66, "num_statements": 67, "percent_covered": 97.10144927536231, "percent_covered_display": "97", "missing_lines": 1, "excluded_lines": 0, "percent_statements_covered": 98.50746268656717, "percent_statements_covered_display": "99", "num_branches": 2, "num_partial_branches": 1, "covered_branches": 1, "missing_branches": 1, "percent_branches_covered": 50.0, "percent_branches_covered_display": "50"}, "missing_lines": [332], "excluded_lines": [], "start_line": 246, "executed_branches": [[331, 336]], "missing_branches": [[331, 332]]}, "_worker_solve": {"executed_lines": [379, 380, 381, 383, 384, 385, 386, 387, 388, 389, 390, 395, 396, 397, 398, 399, 400], "summary": {"covered_lines": 17, "num_statements": 17, "percent_covered": 100.0, "percent_covered_display": "100", "missing_lines": 0, "excluded_lines": 0, "percent_statements_covered": 100.0, "percent_statements_covered_display": "100", "num_branches": 2, "num_partial_branches": 0, "covered_branches": 2, "missing_branches": 0, "percent_branches_covered": 100.0, "percent_branches_covered_display": "100"}, "missing_lines": [], "excluded_lines": [], "start_line": 357, "executed_branches": [[386, 387], [386, 388]], "missing_branches": []}, "_worker_solve_sealed": {"executed_lines": [437, 438, 439, 440], "summary": {"covered_lines": 4, "num_statements": 4, "percent_covered": 100.0, "percent_covered_display": "100", "missing_lines": 0, "excluded_lines": 0, "percent_statements_covered": 100.0, "percent_statements_covered_display": "100", "num_branches": 0, "num_partial_branches": 0, "covered_branches": 0, "missing_branches": 0, "percent_branches_covered": 100.0, "percent_branches_covered_display": "100"}, "missing_lines": [], "excluded_lines": [], "start_line": 405, "executed_branches": [], "missing_branches": []}, "_unseal_decision": {"executed_lines": [459, 460, 461, 462, 466, 467], "summary": {"covered_lines": 6, "num_statements": 6, "percent_covered": 100.0, "percent_covered_display": "100", "missing_lines": 0, "excluded_lines": 0, "percent_statements_covered": 100.0, "percent_statements_covered_display": "100", "num_branches": 2, "num_partial_branches": 0, "covered_branches": 2, "missing_branches": 0, "percent_branches_covered": 100.0, "percent_branches_covered_display": "100"}, "missing_lines": [], "excluded_lines": [], "start_line": 443, "executed_branches": [[461, 462], [461, 466]], "missing_branches": []}, "_drain_executor": {"executed_lines": [479, 481, 492, 493, 494, 496, 497, 503, 504], "summary": {"covered_lines": 9, "num_statements": 9, "percent_covered": 100.0, "percent_covered_display": "100", "missing_lines": 0, "excluded_lines": 0, "percent_statements_covered": 100.0, "percent_statements_covered_display": "100", "num_branches": 4, "num_partial_branches": 0, "covered_branches": 4, "missing_branches": 0, "percent_branches_covered": 100.0, "percent_branches_covered_display": "100"}, "missing_lines": [], "excluded_lines": [], "start_line": 470, "executed_branches": [[496, -470], [496, 497], [503, -470], [503, 504]], "missing_branches": []}, "_drain_executor._do_shutdown": {"executed_lines": [482, 483, 484, 485, 490], "summary": {"covered_lines": 5, "num_statements": 5, "percent_covered": 100.0, "percent_covered_display": "100", "missing_lines": 0, "excluded_lines": 0, "percent_statements_covered": 100.0, "percent_statements_covered_display": "100", "num_branches": 0, "num_partial_branches": 0, "covered_branches": 0, "missing_branches": 0, "percent_branches_covered": 100.0, "percent_branches_covered_display": "100"}, "missing_lines": [], "excluded_lines": [], "start_line": 481, "executed_branches": [], "missing_branches": []}, "_force_kill_processes": {"executed_lines": [509, 511, 512, 513, 514, 515, 516, 517, 518, 519, 520], "summary": {"covered_lines": 11, "num_statements": 11, "percent_covered": 100.0, "percent_covered_display": "100", "missing_lines": 0, "excluded_lines": 0, "percent_statements_covered": 100.0, "percent_statements_covered_display": "100", "num_branches": 4, "num_partial_branches": 0, "covered_branches": 4, "missing_branches": 0, "percent_branches_covered": 100.0, "percent_branches_covered_display": "100"}, "missing_lines": [], "excluded_lines": [], "start_line": 507, "executed_branches": [[512, -507], [512, 513], [513, 512], [513, 514]], "missing_branches": []}, "WorkerPool.__post_init__": {"executed_lines": [557, 558, 559, 560], "summary": {"covered_lines": 4, "num_statements": 4, "percent_covered": 100.0, "percent_covered_display": "100", "missing_lines": 0, "excluded_lines": 0, "percent_statements_covered": 100.0, "percent_statements_covered_display": "100", "num_branches": 0, "num_partial_branches": 0, "covered_branches": 0, "missing_branches": 0, "percent_branches_covered": 100.0, "percent_branches_covered_display": "100"}, "missing_lines": [], "excluded_lines": [], "start_line": 556, "executed_branches": [], "missing_branches": []}, "WorkerPool.spawn": {"executed_lines": [576, 577, 578, 579, 580, 581, 582, 583, 584, 585], "summary": {"covered_lines": 10, "num_statements": 10, "percent_covered": 100.0, "percent_covered_display": "100", "missing_lines": 0, "excluded_lines": 0, "percent_statements_covered": 100.0, "percent_statements_covered_display": "100", "num_branches": 4, "num_partial_branches": 0, "covered_branches": 4, "missing_branches": 0, "percent_branches_covered": 100.0, "percent_branches_covered_display": "100"}, "missing_lines": [], "excluded_lines": [], "start_line": 568, "executed_branches": [[576, 577], [576, 578], [580, 581], [580, 582]], "missing_branches": []}, "WorkerPool.shutdown": {"executed_lines": [595, 596, 597, 598, 599, 600, 601], "summary": {"covered_lines": 7, "num_statements": 7, "percent_covered": 100.0, "percent_covered_display": "100", "missing_lines": 0, "excluded_lines": 0, "percent_statements_covered": 100.0, "percent_statements_covered_display": "100", "num_branches": 2, "num_partial_branches": 0, "covered_branches": 2, "missing_branches": 0, "percent_branches_covered": 100.0, "percent_branches_covered_display": "100"}, "missing_lines": [], "excluded_lines": [], "start_line": 587, "executed_branches": [[595, 596], [595, 597]], "missing_branches": []}, "WorkerPool.__del__": {"executed_lines": [604, 605, 609, 610, 611, 612], "summary": {"covered_lines": 6, "num_statements": 6, "percent_covered": 100.0, "percent_covered_display": "100", "missing_lines": 0, "excluded_lines": 0, "percent_statements_covered": 100.0, "percent_statements_covered_display": "100", "num_branches": 2, "num_partial_branches": 0, "covered_branches": 2, "missing_branches": 0, "percent_branches_covered": 100.0, "percent_branches_covered_display": "100"}, "missing_lines": [], "excluded_lines": [], "start_line": 603, "executed_branches": [[604, -603], [604, 605]], "missing_branches": []}, "WorkerPool.submit_solve": {"executed_lines": [637, 638, 641, 642, 646, 651, 653, 654, 657, 665, 666, 676, 677, 678, 679, 680, 687, 690, 691, 701, 702, 703, 704, 705, 706, 707, 710, 712, 715, 716, 717, 719, 720, 722], "summary": {"covered_lines": 34, "num_statements": 43, "percent_covered": 82.3529411764706, "percent_covered_display": "82", "missing_lines": 9, "excluded_lines": 0, "percent_statements_covered": 79.06976744186046, "percent_statements_covered_display": "79", "num_branches": 8, "num_partial_branches": 0, "covered_branches": 8, "missing_branches": 0, "percent_branches_covered": 100.0, "percent_branches_covered_display": "100"}, "missing_lines": [667, 668, 669, 673, 684, 692, 693, 694, 698], "excluded_lines": [], "start_line": 616, "executed_branches": [[637, 638], [637, 641], [641, 642], [641, 646], [654, 657], [654, 687], [719, 720], [719, 722]], "missing_branches": []}, "WorkerPool._make_executor": {"executed_lines": [727, 728, 729, 730, 732, 733, 734], "summary": {"covered_lines": 7, "num_statements": 7, "percent_covered": 100.0, "percent_covered_display": "100", "missing_lines": 0, "excluded_lines": 0, "percent_statements_covered": 100.0, "percent_statements_covered_display": "100", "num_branches": 4, "num_partial_branches": 0, "covered_branches": 4, "missing_branches": 0, "percent_branches_covered": 100.0, "percent_branches_covered_display": "100"}, "missing_lines": [], "excluded_lines": [], "start_line": 726, "executed_branches": [[727, 728], [727, 729], [729, 730], [729, 734]], "missing_branches": []}, "WorkerPool._run_warmup": {"executed_lines": [738, 739, 740, 741, 742, 743], "summary": {"covered_lines": 6, "num_statements": 6, "percent_covered": 100.0, "percent_covered_display": "100", "missing_lines": 0, "excluded_lines": 0, "percent_statements_covered": 100.0, "percent_statements_covered_display": "100", "num_branches": 2, "num_partial_branches": 0, "covered_branches": 2, "missing_branches": 0, "percent_branches_covered": 100.0, "percent_branches_covered_display": "100"}, "missing_lines": [], "excluded_lines": [], "start_line": 736, "executed_branches": [[739, -736], [739, 740]], "missing_branches": []}, "WorkerPool._recycle": {"executed_lines": [751, 756, 757, 758, 759, 760, 761, 762, 763, 764, 765, 766, 768, 769, 772], "summary": {"covered_lines": 15, "num_statements": 15, "percent_covered": 100.0, "percent_covered_display": "100", "missing_lines": 0, "excluded_lines": 0, "percent_statements_covered": 100.0, "percent_statements_covered_display": "100", "num_branches": 4, "num_partial_branches": 0, "covered_branches": 4, "missing_branches": 0, "percent_branches_covered": 100.0, "percent_branches_covered_display": "100"}, "missing_lines": [], "excluded_lines": [], "start_line": 745, "executed_branches": [[757, 758], [757, 759], [762, 763], [762, 764]], "missing_branches": []}, "WorkerPool._dict_to_decision": {"executed_lines": [788, 790], "summary": {"covered_lines": 2, "num_statements": 2, "percent_covered": 100.0, "percent_covered_display": "100", "missing_lines": 0, "excluded_lines": 0, "percent_statements_covered": 100.0, "percent_statements_covered_display": "100", "num_branches": 0, "num_partial_branches": 0, "covered_branches": 0, "missing_branches": 0, "percent_branches_covered": 100.0, "percent_branches_covered_display": "100"}, "missing_lines": [], "excluded_lines": [], "start_line": 780, "executed_branches": [], "missing_branches": []}, "WorkerPool.executor": {"executed_lines": [809], "summary": {"covered_lines": 1, "num_statements": 1, "percent_covered": 100.0, "percent_covered_display": "100", "missing_lines": 0, "excluded_lines": 0, "percent_statements_covered": 100.0, "percent_statements_covered_display": "100", "num_branches": 0, "num_partial_branches": 0, "covered_branches": 0, "missing_branches": 0, "percent_branches_covered": 100.0, "percent_branches_covered_display": "100"}, "missing_lines": [], "excluded_lines": [], "start_line": 807, "executed_branches": [], "missing_branches": []}, "": {"executed_lines": [34, 36, 37, 38, 39, 40, 41, 42, 43, 44, 45, 46, 48, 49, 56, 58, 61, 66, 72, 88, 90, 114, 115, 119, 120, 124, 140, 151, 162, 189, 192, 194, 197, 198, 202, 205, 207, 213, 219, 246, 357, 405, 443, 470, 507, 526, 527, 543, 544, 545, 546, 547, 548, 549, 552, 553, 554, 556, 568, 587, 603, 616, 726, 736, 745, 779, 780, 806, 807], "summary": {"covered_lines": 69, "num_statements": 69, "percent_covered": 100.0, "percent_covered_display": "100", "missing_lines": 0, "excluded_lines": 3, "percent_statements_covered": 100.0, "percent_statements_covered_display": "100", "num_branches": 0, "num_partial_branches": 0, "covered_branches": 0, "missing_branches": 0, "percent_branches_covered": 100.0, "percent_branches_covered_display": "100"}, "missing_lines": [], "excluded_lines": [51, 52, 54], "start_line": 1, "executed_branches": [], "missing_branches": []}}, "classes": {"AdaptiveConcurrencyLimiter": {"executed_lines": [96, 98, 99, 104, 109, 110, 111, 112, 117, 122, 131, 132, 133, 134, 135, 136, 137, 138, 142, 143, 144, 145, 147, 148, 149, 153, 154, 155, 157, 158, 159, 160, 164, 165, 166, 167, 168], "summary": {"covered_lines": 37, "num_statements": 37, "percent_covered": 100.0, "percent_covered_display": "100", "missing_lines": 0, "excluded_lines": 0, "percent_statements_covered": 100.0, "percent_statements_covered_display": "100", "num_branches": 10, "num_partial_branches": 0, "covered_branches": 10, "missing_branches": 0, "percent_branches_covered": 100.0, "percent_branches_covered_display": "100"}, "missing_lines": [], "excluded_lines": [], "start_line": 72, "executed_branches": [[134, 135], [134, 138], [148, -140], [148, 149], [154, 155], [154, 157], [158, 159], [158, 160], [164, 165], [164, 166]], "missing_branches": []}, "_EphemeralKey": {"executed_lines": [195, 200, 203, 208], "summary": {"covered_lines": 4, "num_statements": 4, "percent_covered": 100.0, "percent_covered_display": "100", "missing_lines": 0, "excluded_lines": 0, "percent_statements_covered": 100.0, "percent_statements_covered_display": "100", "num_branches": 0, "num_partial_branches": 0, "covered_branches": 0, "missing_branches": 0, "percent_branches_covered": 100.0, "percent_branches_covered_display": "100"}, "missing_lines": [], "excluded_lines": [], "start_line": 189, "executed_branches": [], "missing_branches": []}, "WorkerPool": {"executed_lines": [557, 558, 559, 560, 576, 577, 578, 579, 580, 581, 582, 583, 584, 585, 595, 596, 597, 598, 599, 600, 601, 604, 605, 609, 610, 611, 612, 637, 638, 641, 642, 646, 651, 653, 654, 657, 665, 666, 676, 677, 678, 679, 680, 687, 690, 691, 701, 702, 703, 704, 705, 706, 707, 710, 712, 715, 716, 717, 719, 720, 722, 727, 728, 729, 730, 732, 733, 734, 738, 739, 740, 741, 742, 743, 751, 756, 757, 758, 759, 760, 761, 762, 763, 764, 765, 766, 768, 769, 772, 788, 790, 809], "summary": {"covered_lines": 92, "num_statements": 101, "percent_covered": 92.91338582677166, "percent_covered_display": "93", "missing_lines": 9, "excluded_lines": 0, "percent_statements_covered": 91.08910891089108, "percent_statements_covered_display": "91", "num_branches": 26, "num_partial_branches": 0, "covered_branches": 26, "missing_branches": 0, "percent_branches_covered": 100.0, "percent_branches_covered_display": "100"}, "missing_lines": [667, 668, 669, 673, 684, 692, 693, 694, 698], "excluded_lines": [], "start_line": 527, "executed_branches": [[576, 577], [576, 578], [580, 581], [580, 582], [595, 596], [595, 597], [604, -603], [604, 605], [637, 638], [637, 641], [641, 642], [641, 646], [654, 657], [654, 687], [719, 720], [719, 722], [727, 728], [727, 729], [729, 730], [729, 734], [739, -736], [739, 740], [757, 758], [757, 759], [762, 763], [762, 764]], "missing_branches": []}, "": {"executed_lines": [34, 36, 37, 38, 39, 40, 41, 42, 43, 44, 45, 46, 48, 49, 56, 58, 61, 66, 72, 88, 90, 114, 115, 119, 120, 124, 140, 151, 162, 189, 192, 194, 197, 198, 202, 205, 207, 213, 219, 230, 231, 232, 234, 235, 236, 237, 238, 246, 256, 258, 262, 263, 265, 266, 268, 269, 270, 271, 272, 275, 276, 277, 278, 279, 280, 283, 284, 285, 286, 287, 288, 291, 292, 293, 294, 295, 296, 297, 300, 301, 302, 303, 304, 305, 306, 309, 310, 311, 312, 313, 314, 317, 318, 319, 320, 321, 322, 325, 326, 327, 328, 329, 330, 331, 336, 338, 339, 344, 345, 346, 350, 351, 352, 354, 357, 379, 380, 381, 383, 384, 385, 386, 387, 388, 389, 390, 395, 396, 397, 398, 399, 400, 405, 437, 438, 439, 440, 443, 459, 460, 461, 462, 466, 467, 470, 479, 481, 482, 483, 484, 485, 490, 492, 493, 494, 496, 497, 503, 504, 507, 509, 511, 512, 513, 514, 515, 516, 517, 518, 519, 520, 526, 527, 543, 544, 545, 546, 547, 548, 549, 552, 553, 554, 556, 568, 587, 603, 616, 726, 736, 745, 779, 780, 806, 807], "summary": {"covered_lines": 195, "num_statements": 201, "percent_covered": 96.31336405529954, "percent_covered_display": "96", "missing_lines": 6, "excluded_lines": 3, "percent_statements_covered": 97.01492537313433, "percent_statements_covered_display": "97", "num_branches": 16, "num_partial_branches": 2, "covered_branches": 14, "missing_branches": 2, "percent_branches_covered": 87.5, "percent_branches_covered_display": "88"}, "missing_lines": [239, 240, 241, 242, 243, 332], "excluded_lines": [51, 52, 54], "start_line": 1, "executed_branches": [[238, 235], [331, 336], [386, 387], [386, 388], [461, 462], [461, 466], [496, -470], [496, 497], [503, -470], [503, 504], [512, -507], [512, 513], [513, 512], [513, 514]], "missing_branches": [[238, 239], [331, 332]]}}}}, "totals": {"covered_lines": 7218, "num_statements": 7958, "percent_covered": 90.33596437968022, "percent_covered_display": "90", "missing_lines": 740, "excluded_lines": 749, "percent_statements_covered": 90.70118120130687, "percent_statements_covered_display": "91", "num_branches": 1924, "num_partial_branches": 85, "covered_branches": 1709, "missing_branches": 215, "percent_branches_covered": 88.82536382536382, "percent_branches_covered_display": "89"}}